  ▲ Next.js 14.2.28
  - Local:        http://localhost:3000
  - Environments: .env
  - Experiments (use with caution):
    · outputFileTracingRoot

 ✓ Starting...
 ✓ Ready in 2s
 ○ Compiling / ...
 ✓ Compiled / in 2.5s (640 modules)
 GET / 200 in 2851ms
 ✓ Compiled in 411ms (324 modules)
 ○ Compiling /api/auth/[...nextauth] ...
 ✓ Compiled /api/auth/[...nextauth] in 654ms (550 modules)
 GET /api/auth/providers 200 in 1111ms
 GET / 200 in 82ms
 ○ Compiling /middleware ...
 ✓ Compiled /middleware in 532ms (750 modules)
 GET /api/auth/session 200 in 624ms
 GET / 200 in 715ms
 GET /api/auth/session 200 in 82ms
 GET /api/auth/signin?callbackUrl=%2Fproducts 302 in 50ms
 GET /api/auth/signin?callbackUrl=%2Fpos 302 in 49ms
 GET /api/products 200 in 813ms
 GET /?callbackUrl=https%3A%2F%2F247ac79fd.preview.abacusai.app%2Fproducts 200 in 77ms
 GET /?callbackUrl=https%3A%2F%2F247ac79fd.preview.abacusai.app%2Fpos 200 in 76ms
 ○ Compiling /_not-found ...
 ✓ Compiled /_not-found in 532ms (893 modules)
 GET /api/auth/signin?callbackUrl=%2Fdashboard 302 in 609ms
 GET /api/products 200 in 618ms
 GET /offline 404 in 571ms
 GET /api/customers 200 in 672ms
 GET /?callbackUrl=https%3A%2F%2F247ac79fd.preview.abacusai.app%2Fdashboard 200 in 71ms
 GET /api/customers 200 in 44ms
 ✓ Compiled /api/categories in 186ms (581 modules)
 GET /api/categories 200 in 259ms
 GET /api/categories 200 in 41ms
 GET /api/auth/csrf 200 in 41ms
 ✓ Compiled /api/signup in 149ms (583 modules)
 POST /api/signup 201 in 284ms
 GET / 200 in 53ms
 GET /api/auth/signin 302 in 49ms
 GET /?callbackUrl=https://247ac79fd.preview.abacusai.app 200 in 44ms
 GET /api/auth/csrf 200 in 30ms
 POST /api/auth/callback/credentials 302 in 110ms
 ○ Compiling /dashboard ...
 ✓ Compiled /dashboard in 2.3s (2283 modules)
 GET /dashboard 200 in 2539ms
 GET / 200 in 84ms
 GET /dashboard 200 in 79ms
 GET /api/auth/session 200 in 126ms
 GET /api/products 200 in 141ms
 GET / 200 in 170ms
 ○ Compiling /api/stores ...
 ✓ Compiled /api/stores in 3.8s (3352 modules)
 GET /api/customers 200 in 4515ms
 GET /api/auth/session 200 in 4677ms
 GET /api/products 200 in 4692ms
 GET /api/stores 200 in 4686ms
 GET /dashboard 200 in 4660ms
 GET /pos 200 in 4750ms
 GET /products 200 in 4751ms
 GET /api/categories 200 in 67ms
 GET /api/customers 200 in 80ms
 GET /offline 404 in 46ms
 GET /api/stores 200 in 75ms
 GET /api/categories 200 in 33ms
 ○ Compiling /api/auth/validate-session ...
 ✓ Compiled /api/auth/validate-session in 799ms (1837 modules)
 POST /api/auth/validate-session 200 in 1179ms
 POST /api/auth/validate-session 200 in 1179ms
 GET /api/customers 200 in 1180ms
 GET /api/categories 200 in 1178ms
 GET /api/products?storeId=cmk31myec0000shvdauq3yfvh 200 in 1185ms
 GET /api/customers 200 in 55ms
 GET /api/products?storeId=cmk31myec0000shvdauq3yfvh 200 in 63ms
 GET /api/categories 200 in 64ms
 ○ Compiling /reports ...
 ✓ Compiled /reports in 2.2s (3458 modules)
 GET /pos 200 in 2461ms
 GET /inventory 200 in 2506ms
 GET /users 200 in 2497ms
 GET /suppliers 200 in 2506ms
 GET /customers 200 in 2463ms
 GET /sales 200 in 2462ms
 GET /reports 200 in 2425ms
 GET /returns 200 in 2463ms
 GET /products 200 in 2493ms
 GET /api/products 200 in 176ms
 ○ Compiling /api/sales/stats ...
 ✓ Compiled /api/sales/stats in 611ms (1899 modules)
 ✓ Compiled (1911 modules)
 GET /api/customers 200 in 1274ms
 GET /api/auth/session 200 in 1264ms
 GET /api/products 200 in 1210ms
 GET /api/returns 200 in 1352ms
 GET /api/stores 200 in 1375ms
 GET /api/inventory/low-stock 200 in 1293ms
 GET /api/inventory/transfers 200 in 1294ms
 GET /api/suppliers 200 in 1475ms
 GET /api/users 200 in 1397ms
 GET /api/inventory/adjustments 200 in 1305ms
 GET /api/sales/stats?period=month 200 in 1322ms
 GET /pos 200 in 1281ms
 GET /products 200 in 1282ms
 GET / 200 in 1402ms
 POST /api/auth/validate-session 200 in 128ms
 GET /api/auth/session 200 in 168ms
 GET /api/products 200 in 178ms
 GET /api/returns 200 in 167ms
 GET /api/customers 200 in 192ms
 GET /api/stores 200 in 173ms
 GET /offline 404 in 141ms
 GET /api/inventory/transfers 200 in 208ms
 GET /api/suppliers 200 in 204ms
 GET /api/users 200 in 210ms
 GET /api/inventory/adjustments 200 in 217ms
 GET /api/inventory/low-stock 200 in 219ms
 GET /api/sales/stats?period=month 200 in 217ms
 GET /api/customers 200 in 108ms
 GET /api/products 200 in 115ms
 GET /dashboard 200 in 128ms
 GET /api/auth/session 200 in 115ms
 GET /api/stores 200 in 122ms
 GET /api/customers 200 in 51ms
 GET /api/categories 200 in 79ms
 GET /api/products 200 in 84ms
 GET /api/stores 200 in 106ms
 GET /api/auth/session 200 in 110ms
 POST /api/auth/validate-session 200 in 110ms
 GET /api/customers 200 in 102ms
 GET /api/categories 200 in 70ms
 GET /api/products 200 in 87ms
 GET /api/stores 200 in 83ms
 GET /api/auth/session 200 in 83ms
 POST /api/auth/validate-session 200 in 90ms
 GET /api/customers 200 in 71ms
 GET /api/categories 200 in 74ms
 GET /api/products 200 in 80ms
 GET /api/stores 200 in 83ms
 POST /api/auth/validate-session 200 in 79ms
 GET /api/auth/session 200 in 94ms
 GET /api/customers 200 in 92ms
 GET /api/categories 200 in 76ms
 GET /api/products 200 in 96ms
 GET /api/stores 200 in 72ms
 GET /api/auth/session 200 in 107ms
 GET /api/categories 200 in 99ms
 GET /api/customers 200 in 107ms
 GET /api/products 200 in 114ms
 GET /api/stores 200 in 119ms
 GET /api/auth/session 200 in 79ms
 POST /api/auth/validate-session 200 in 73ms
 GET /api/categories 200 in 83ms
 GET /api/customers 200 in 90ms
 GET /api/products 200 in 77ms
 GET /api/stores 200 in 86ms
 GET /api/auth/session 200 in 63ms
 GET /api/categories 200 in 70ms
 POST /api/auth/validate-session 200 in 75ms
 GET /api/customers 200 in 86ms
 GET /api/products 200 in 82ms
 GET /api/stores 200 in 103ms
 GET /api/products?storeId=cmk31myec0000shvdauq3yfvh& 200 in 137ms
 GET /api/auth/session 200 in 125ms
 POST /api/auth/validate-session 200 in 145ms
 GET /api/categories 200 in 131ms
 GET /api/customers 200 in 139ms
 GET /api/products 200 in 122ms
 GET /api/stores 200 in 126ms
 GET /api/products?storeId=cmk31myec0000shvdauq3yfvh& 200 in 110ms
 POST /api/auth/validate-session 200 in 118ms
 GET /api/auth/session 200 in 120ms
 GET /api/categories 200 in 113ms
 GET /api/customers 200 in 114ms
 GET /api/products 200 in 122ms
 GET /api/stores 200 in 162ms
 GET /api/auth/session 200 in 186ms
 GET /api/categories 200 in 233ms
 GET /api/customers 200 in 216ms
 POST /api/auth/validate-session 200 in 202ms
 GET /api/products 200 in 206ms
 GET /api/stores 200 in 130ms
 GET /api/auth/session 200 in 92ms
 POST /api/auth/validate-session 200 in 116ms
 GET /api/customers 200 in 112ms
 GET /api/categories 200 in 113ms
 GET /api/products 200 in 120ms
 GET /api/stores 200 in 101ms
 POST /api/auth/validate-session 200 in 93ms
 GET /api/auth/session 200 in 95ms
 GET /api/categories 200 in 94ms
 GET /api/customers 200 in 97ms
 GET /api/products 200 in 102ms
 GET /api/stores 200 in 88ms
 GET /api/auth/session 200 in 132ms
 GET /api/categories 200 in 123ms
 GET /api/customers 200 in 135ms
 GET /api/products 200 in 139ms
 GET /api/stores 200 in 134ms
 GET /api/products?storeId=cmk31myec0000shvdauq3yfvh 200 in 157ms
 GET /api/auth/session 200 in 141ms
 GET /api/auth/session 200 in 142ms
 GET /api/auth/session 200 in 143ms
 GET /api/auth/session 200 in 144ms
 GET /api/auth/session 200 in 143ms
 GET /api/auth/session 200 in 145ms
 GET /api/auth/session 200 in 145ms
 GET /api/auth/session 200 in 145ms
 GET /api/auth/session 200 in 146ms
 GET /api/auth/session 200 in 145ms
 GET /api/auth/session 200 in 145ms
 GET /api/auth/session 200 in 146ms
 GET /api/auth/session 200 in 147ms
 GET /api/auth/session 200 in 148ms
 GET /api/auth/session 200 in 148ms
 GET /api/categories 200 in 179ms
 GET /api/auth/session 200 in 190ms
 GET /api/auth/session 200 in 185ms
 GET /api/auth/session 200 in 186ms
 GET /api/customers 200 in 206ms
 GET /api/stores 200 in 75ms
 GET /api/stores 200 in 48ms
 GET /api/stores 200 in 54ms
 GET /api/products?storeId=cmk31myec0000shvdauq3yfvh& 200 in 56ms
 GET /api/categories 200 in 63ms
 GET /api/stores 200 in 35ms
 GET /api/stores 200 in 32ms
 GET /api/stores 200 in 36ms
 GET /api/stores 200 in 61ms
 GET /api/categories 200 in 56ms
 GET /api/products?storeId=cmk31myec0000shvdauq3yfvh& 200 in 63ms
 GET /api/stores 200 in 42ms
 ○ Compiling /returns/new ...
 ✓ Compiled /returns/new in 1981ms (3493 modules)
 GET /returns/new 200 in 2087ms
 GET /products/new 200 in 2089ms
 GET /api/products 200 in 58ms
 GET /api/auth/session 200 in 100ms
 GET /api/categories 200 in 126ms
 GET /api/suppliers 200 in 145ms
 GET /api/products 200 in 120ms
 GET /api/customers 200 in 121ms
 GET / 200 in 200ms
 GET /api/auth/session 200 in 182ms
 POST /api/auth/validate-session 200 in 174ms
 GET /api/stores 200 in 175ms
 GET /api/categories 200 in 159ms
 GET /products 200 in 228ms
 GET /pos 200 in 228ms
 GET /api/suppliers 200 in 168ms
 GET /api/products 200 in 128ms
 GET /api/customers 200 in 119ms
 GET /offline 404 in 59ms
 POST /api/auth/validate-session 200 in 100ms
 GET /api/auth/session 200 in 131ms
 GET /api/stores 200 in 132ms
 GET /api/categories 200 in 144ms
 GET /dashboard 200 in 170ms
 GET /api/customers 200 in 125ms
 GET /api/products 200 in 133ms
 GET /api/auth/session 200 in 71ms
 POST /api/auth/validate-session 200 in 68ms
 GET /api/categories 200 in 68ms
 GET /api/stores 200 in 75ms
 GET /api/customers 200 in 64ms
 GET /api/auth/session 200 in 66ms
 POST /api/auth/validate-session 200 in 68ms
 GET /api/categories 200 in 71ms
 GET /api/stores 200 in 67ms
 GET /api/categories 200 in 42ms
 GET /api/stores 200 in 49ms
 ✓ Compiled in 1040ms (3505 modules)
[?25h
