  ▲ Next.js 14.2.28
  - Local:        http://localhost:3000
  - Environments: .env
  - Experiments (use with caution):
    · outputFileTracingRoot

 ✓ Starting...
 ✓ Ready in 2.2s
 ○ Compiling / ...
 ✓ Compiled / in 2.2s (633 modules)
 GET / 200 in 2693ms
 ✓ Compiled in 515ms (324 modules)
 GET / 200 in 48ms
 GET / 200 in 34ms
 GET / 200 in 39ms
 ○ Compiling /middleware ...
 ✓ Compiled /middleware in 803ms (750 modules)
 GET / 200 in 702ms
 GET /api/products 200 in 1191ms
 GET /api/auth/signin?callbackUrl=%2Fpos 302 in 97ms
 GET /api/auth/signin?callbackUrl=%2Fproducts 302 in 94ms
 GET /api/auth/session 200 in 1346ms
 GET /?callbackUrl=https%3A%2F%2F9e2a0162a.preview.abacusai.app%2Fproducts 200 in 73ms
 GET /api/auth/session 200 in 90ms
 GET /?callbackUrl=https%3A%2F%2F9e2a0162a.preview.abacusai.app%2Fpos 200 in 100ms
 ✓ Compiled /api/customers in 136ms (578 modules)
 GET /api/auth/signin?callbackUrl=%2Fdashboard 302 in 204ms
 GET /api/customers 200 in 338ms
 GET /api/products 200 in 196ms
 ✓ Compiled /_not-found in 353ms (893 modules)
 GET /offline 404 in 401ms
 ✓ Compiled /api/categories in 136ms (581 modules)
 GET /api/categories 200 in 379ms
 GET /?callbackUrl=https%3A%2F%2F9e2a0162a.preview.abacusai.app%2Fdashboard 200 in 386ms
 GET /api/customers 200 in 36ms
 GET /api/categories 200 in 24ms
 GET / 200 in 45ms
 GET /api/auth/providers 200 in 43ms
 GET /api/auth/csrf 200 in 35ms
 POST /api/auth/callback/credentials 200 in 130ms
 GET /api/auth/session 200 in 41ms
 ✓ Compiled /pos in 215ms (583 modules)
 ✓ Compiled in 1806ms (860 modules)
 GET /api/stores 200 in 2501ms
 GET /api/products?storeId=cmk31myec0000shvdauq3yfvh 200 in 101ms
 GET /api/categories 200 in 87ms
 GET /api/customers 200 in 103ms
 GET /api/products?storeId=cmk31myec0000shvdauq3yfvh 200 in 77ms
 GET /api/customers 200 in 77ms
 GET /api/categories 200 in 70ms
 GET / 200 in 70ms
 ○ Compiling /sales ...
 ✓ Compiled /sales in 715ms (2040 modules)
 ✓ Compiled /api/sales in 219ms (1179 modules)
 GET /api/sales?storeId=cmk31myec0000shvdauq3yfvh&limit=50 200 in 289ms
 GET /api/sales?storeId=cmk31myec0000shvdauq3yfvh&limit=50 200 in 26ms
 GET / 200 in 48ms
 GET /api/categories 200 in 33ms
 GET /api/products?storeId=cmk31myec0000shvdauq3yfvh 200 in 46ms
 GET /api/customers 200 in 43ms
 GET /api/products?storeId=cmk31myec0000shvdauq3yfvh 200 in 31ms
 GET /api/customers 200 in 43ms
 GET /api/categories 200 in 32ms
 ○ Compiling /dashboard ...
 ✓ Compiled /dashboard in 1130ms (3200 modules)
 ✓ Compiled /api/sales/stats in 441ms (1759 modules)
 GET /api/sales/stats?period=today&storeId=cmk31myec0000shvdauq3yfvh 200 in 508ms
 GET /api/sales/stats?period=today&storeId=cmk31myec0000shvdauq3yfvh 200 in 32ms
 GET /api/categories 200 in 32ms
 GET /api/customers 200 in 61ms
 GET /api/products?storeId=cmk31myec0000shvdauq3yfvh 200 in 58ms
 GET /api/categories 200 in 26ms
 GET /api/customers 200 in 24ms
 GET /api/products?storeId=cmk31myec0000shvdauq3yfvh 200 in 27ms
 GET / 200 in 74ms
 GET / 200 in 41ms
 GET / 200 in 41ms
 ✓ Compiled in 607ms (1455 modules)
 ✓ Compiled in 318ms (1455 modules)
 ✓ Compiled in 334ms (1455 modules)
 ✓ Compiled in 310ms (1455 modules)
 ✓ Compiled in 594ms (1455 modules)
 ✓ Compiled in 338ms (1455 modules)
 ✓ Compiled in 328ms (1455 modules)
 ✓ Compiled in 312ms (1455 modules)
 ✓ Compiled in 371ms (1455 modules)
 ✓ Compiled in 330ms (1455 modules)
 ✓ Compiled in 303ms (1455 modules)
 ✓ Compiled in 286ms (1455 modules)
 ✓ Compiled in 298ms (1455 modules)
 ✓ Compiled in 383ms (1455 modules)
 ✓ Compiled in 303ms (1455 modules)
 ✓ Compiled in 295ms (1455 modules)
 ✓ Compiled / in 224ms (309 modules)
 GET / 200 in 344ms
 GET / 200 in 42ms
 GET / 200 in 36ms
 GET / 200 in 34ms
 ✓ Compiled /api/auth/[...nextauth] in 125ms (574 modules)
 ✓ Compiled (576 modules)
 GET /api/auth/session 200 in 571ms
 GET /api/products 200 in 590ms
 GET / 200 in 225ms
 ○ Compiling /dashboard ...
 ✓ Compiled /api/customers in 1106ms (1164 modules)
 ✓ Compiled (1750 modules)
 GET /api/auth/session 200 in 1669ms
 GET /api/products 200 in 2140ms
 GET /api/stores 200 in 2159ms
 GET /api/customers 200 in 1631ms
 GET /dashboard 200 in 2343ms
 GET /pos 200 in 2642ms
 GET /api/customers 200 in 145ms
 GET /api/stores 200 in 240ms
 GET /dashboard 200 in 263ms
 ○ Compiling /api/categories ...
 ✓ Compiled /api/categories in 1117ms (3198 modules)
 GET /api/categories 200 in 1631ms
 GET /offline 404 in 1634ms
 GET /api/products?storeId=cmk31myec0000shvdauq3yfvh 200 in 257ms
 GET /api/customers 200 in 264ms
 GET /api/categories 200 in 36ms
 GET /api/customers 200 in 38ms
 GET /api/products?storeId=cmk31myec0000shvdauq3yfvh 200 in 35ms
 GET /api/categories 200 in 34ms
 GET /api/categories 200 in 68ms
 ✓ Compiled /api/sales/stats in 384ms (1755 modules)
 GET /api/sales/stats?period=today&storeId=cmk31myec0000shvdauq3yfvh 200 in 447ms
 GET /api/sales/stats?period=today&storeId=cmk31myec0000shvdauq3yfvh 200 in 34ms
 ○ Compiling /sales ...
 ✓ Compiled /sales in 631ms (1762 modules)
 ✓ Compiled /api/sales in 339ms (1764 modules)
 GET /api/sales?storeId=cmk31myec0000shvdauq3yfvh&limit=50 200 in 399ms
 GET / 200 in 70ms
 GET /api/sales?storeId=cmk31myec0000shvdauq3yfvh&limit=50 200 in 36ms
 GET /api/auth/session 200 in 69ms
 GET /api/stores 200 in 46ms
 GET /api/sales?storeId=cmk31myec0000shvdauq3yfvh&limit=50 200 in 44ms
 GET / 200 in 63ms
 GET / 200 in 42ms
 GET / 200 in 35ms
 GET /api/auth/session 200 in 47ms
 GET /api/stores 200 in 30ms
 GET /api/sales?storeId=cmk31myec0000shvdauq3yfvh&limit=50 200 in 30ms
 GET /api/auth/session 200 in 45ms
 GET /api/stores 200 in 27ms
 GET /api/sales?storeId=cmk31myec0000shvdauq3yfvh&limit=50 200 in 28ms
 GET / 200 in 35ms
 GET / 200 in 35ms
 GET /api/auth/session 200 in 39ms
 GET /api/stores 200 in 26ms
 GET /api/sales?storeId=cmk31myec0000shvdauq3yfvh&limit=50 200 in 29ms
 GET / 200 in 38ms
 ✓ Compiled in 525ms (1455 modules)
 ✓ Compiled in 324ms (1455 modules)
 ✓ Compiled in 337ms (1455 modules)
 ✓ Compiled in 294ms (1455 modules)
 ✓ Compiled in 407ms (1455 modules)
[?25h
