[master (root-commit) 6834449] Full supermarket POS system
 120 files changed, 9827 insertions(+)
 create mode 100644 .abacus.donotdelete
 create mode 100644 .gitignore
 create mode 100644 nextjs_space/.env
 create mode 100644 nextjs_space/.yarnrc.yml
 create mode 100644 nextjs_space/app/api/auth/[...nextauth]/route.ts
 create mode 100644 nextjs_space/app/api/categories/route.ts
 create mode 100644 nextjs_space/app/api/customers/[id]/route.ts
 create mode 100644 nextjs_space/app/api/customers/route.ts
 create mode 100644 nextjs_space/app/api/products/[id]/route.ts
 create mode 100644 nextjs_space/app/api/products/route.ts
 create mode 100644 nextjs_space/app/api/products/upload/route.ts
 create mode 100644 nextjs_space/app/api/returns/[id]/route.ts
 create mode 100644 nextjs_space/app/api/returns/route.ts
 create mode 100644 nextjs_space/app/api/sales/[id]/route.ts
 create mode 100644 nextjs_space/app/api/sales/route.ts
 create mode 100644 nextjs_space/app/api/sales/stats/route.ts
 create mode 100644 nextjs_space/app/api/signup/route.ts
 create mode 100644 nextjs_space/app/customers/page.tsx
 create mode 100644 nextjs_space/app/dashboard/page.tsx
 create mode 100644 nextjs_space/app/globals.css
 create mode 100644 nextjs_space/app/layout.tsx
 create mode 100644 nextjs_space/app/page.tsx
 create mode 100644 nextjs_space/app/pos/page.tsx
 create mode 100644 nextjs_space/app/products/[id]/edit/page.tsx
 create mode 100644 nextjs_space/app/products/new/page.tsx
 create mode 100644 nextjs_space/app/products/page.tsx
 create mode 100644 nextjs_space/app/providers.tsx
 create mode 100644 nextjs_space/app/reports/page.tsx
 create mode 100644 nextjs_space/app/returns/new/page.tsx
 create mode 100644 nextjs_space/app/returns/page.tsx
 create mode 100644 nextjs_space/app/sales/page.tsx
 create mode 100644 nextjs_space/components.json
 create mode 100644 nextjs_space/components/navigation.tsx
 create mode 100644 nextjs_space/components/pos/barcode-scanner.tsx
 create mode 100644 nextjs_space/components/pos/payment-modal.tsx
 create mode 100644 nextjs_space/components/role-guard.tsx
 create mode 100644 nextjs_space/components/session-guard.tsx
 create mode 100644 nextjs_space/components/theme-provider.tsx
 create mode 100644 nextjs_space/components/ui/accordion.tsx
 create mode 100644 nextjs_space/components/ui/alert-dialog.tsx
 create mode 100644 nextjs_space/components/ui/alert.tsx
 create mode 100644 nextjs_space/components/ui/aspect-ratio.tsx
 create mode 100644 nextjs_space/components/ui/avatar.tsx
 create mode 100644 nextjs_space/components/ui/badge.tsx
 create mode 100644 nextjs_space/components/ui/breadcrumb.tsx
 create mode 100644 nextjs_space/components/ui/button.tsx
 create mode 100644 nextjs_space/components/ui/calendar.tsx
 create mode 100644 nextjs_space/components/ui/card.tsx
 create mode 100644 nextjs_space/components/ui/carousel.tsx
 create mode 100644 nextjs_space/components/ui/checkbox.tsx
 create mode 100644 nextjs_space/components/ui/collapsible.tsx
 create mode 100644 nextjs_space/components/ui/command.tsx
 create mode 100644 nextjs_space/components/ui/context-menu.tsx
 create mode 100644 nextjs_space/components/ui/date-range-picker.tsx
 create mode 100644 nextjs_space/components/ui/dialog.tsx
 create mode 100644 nextjs_space/components/ui/drawer.tsx
 create mode 100644 nextjs_space/components/ui/dropdown-menu.tsx
 create mode 100644 nextjs_space/components/ui/form.tsx
 create mode 100644 nextjs_space/components/ui/hover-card.tsx
 create mode 100644 nextjs_space/components/ui/input-otp.tsx
 create mode 100644 nextjs_space/components/ui/input.tsx
 create mode 100644 nextjs_space/components/ui/label.tsx
 create mode 100644 nextjs_space/components/ui/menubar.tsx
 create mode 100644 nextjs_space/components/ui/navigation-menu.tsx
 create mode 100644 nextjs_space/components/ui/pagination.tsx
 create mode 100644 nextjs_space/components/ui/popover.tsx
 create mode 100644 nextjs_space/components/ui/progress.tsx
 create mode 100644 nextjs_space/components/ui/radio-group.tsx
 create mode 100644 nextjs_space/components/ui/resizable.tsx
 create mode 100644 nextjs_space/components/ui/scroll-area.tsx
 create mode 100644 nextjs_space/components/ui/select.tsx
 create mode 100644 nextjs_space/components/ui/separator.tsx
 create mode 100644 nextjs_space/components/ui/sheet.tsx
 create mode 100644 nextjs_space/components/ui/skeleton.tsx
 create mode 100644 nextjs_space/components/ui/slider.tsx
 create mode 100644 nextjs_space/components/ui/sonner.tsx
 create mode 100644 nextjs_space/components/ui/switch.tsx
 create mode 100644 nextjs_space/components/ui/table.tsx
 create mode 100644 nextjs_space/components/ui/tabs.tsx
 create mode 100644 nextjs_space/components/ui/task-card.tsx
 create mode 100644 nextjs_space/components/ui/textarea.tsx
 create mode 100644 nextjs_space/components/ui/toast.tsx
 create mode 100644 nextjs_space/components/ui/toaster.tsx
 create mode 100644 nextjs_space/components/ui/toggle-group.tsx
 create mode 100644 nextjs_space/components/ui/toggle.tsx
 create mode 100644 nextjs_space/components/ui/tooltip.tsx
 create mode 100644 nextjs_space/components/ui/use-toast.ts
 create mode 100644 nextjs_space/hooks/use-toast.ts
 create mode 100644 nextjs_space/lib/auth-options.ts
 create mode 100644 nextjs_space/lib/aws-config.ts
 create mode 100644 nextjs_space/lib/db.ts
 create mode 100644 nextjs_space/lib/s3.ts
 create mode 100644 nextjs_space/lib/types.ts
 create mode 100644 nextjs_space/lib/utils.ts
 create mode 100644 nextjs_space/middleware.ts
 create mode 100644 nextjs_space/next-env.d.ts
 create mode 100644 nextjs_space/next.config.js
 create mode 100644 nextjs_space/package.json
 create mode 100644 nextjs_space/postcss.config.js
 create mode 100644 nextjs_space/prisma/schema.prisma
 create mode 100644 nextjs_space/public/favicon.svg
 create mode 100644 nextjs_space/public/og-image.png
 create mode 100644 nextjs_space/public/products/bread_loaf.jpg
 create mode 100644 nextjs_space/public/products/chicken_meat.jpg
 create mode 100644 nextjs_space/public/products/chocolate_bar.jpg
 create mode 100644 nextjs_space/public/products/eggs_carton.jpg
 create mode 100644 nextjs_space/public/products/laundry_detergent.jpg
 create mode 100644 nextjs_space/public/products/milk_carton.jpg
 create mode 100644 nextjs_space/public/products/orange_juice.jpg
 create mode 100644 nextjs_space/public/products/pasta_package.jpg
 create mode 100644 nextjs_space/public/products/product_mapping.json
 create mode 100644 nextjs_space/public/products/red_apples.jpg
 create mode 100644 nextjs_space/public/products/rice_bag.jpg
 create mode 100644 nextjs_space/public/products/shampoo_bottle.jpg
 create mode 100644 nextjs_space/public/products/tomatoes.jpg
 create mode 100644 nextjs_space/public/robots.txt
 create mode 100644 nextjs_space/scripts/seed.ts
 create mode 100644 nextjs_space/tailwind.config.ts
 create mode 100644 nextjs_space/tsconfig.json
 create mode 120000 nextjs_space/yarn.lock
###68344490b42e0062fb41602d7c975c2c6b0540bc###
