  ▲ Next.js 14.2.28
  - Local:        http://localhost:3000
  - Environments: .env
  - Experiments (use with caution):
    · outputFileTracingRoot

 ✓ Starting...
 ✓ Ready in 2s
 ○ Compiling / ...
 ✓ Compiled / in 1586ms (633 modules)
 GET / 200 in 2474ms
 ✓ Compiled in 660ms (324 modules)
 ○ Compiling /api/auth/[...nextauth] ...
 ✓ Compiled /api/auth/[...nextauth] in 575ms (550 modules)
 GET /api/auth/providers 200 in 1030ms
 GET / 200 in 88ms
 ○ Compiling /middleware ...
 ✓ Compiled /middleware in 636ms (750 modules)
 GET /api/auth/session 200 in 851ms
 GET / 200 in 824ms
 GET /api/products 200 in 895ms
 GET /api/auth/signin?callbackUrl=%2Fpos 302 in 44ms
 GET /api/auth/signin?callbackUrl=%2Fproducts 302 in 58ms
 GET /api/auth/session 200 in 66ms
 ✓ Compiled /api/customers in 149ms (578 modules)
 GET /api/products 200 in 315ms
 GET /api/auth/signin?callbackUrl=%2Fdashboard 302 in 300ms
 GET /api/customers 200 in 372ms
 GET /?callbackUrl=https%3A%2F%2F247ac79fd.preview.abacusai.app%2Fpos 200 in 366ms
 GET /?callbackUrl=https%3A%2F%2F247ac79fd.preview.abacusai.app%2Fproducts 200 in 356ms
 GET /?callbackUrl=https%3A%2F%2F247ac79fd.preview.abacusai.app%2Fdashboard 200 in 40ms
 GET /api/customers 200 in 129ms
 ○ Compiling /api/categories ...
 ✓ Compiled /api/categories in 732ms (895 modules)
 GET /offline 404 in 957ms
 GET /api/categories 200 in 961ms
 GET /api/categories 200 in 38ms
 GET /api/auth/csrf 200 in 60ms
 ✓ Compiled /api/signup in 150ms (583 modules)
 POST /api/signup 201 in 288ms
 GET / 200 in 55ms
 GET /api/auth/signin 302 in 55ms
 GET /?callbackUrl=https://247ac79fd.preview.abacusai.app 200 in 41ms
 GET /api/auth/csrf 200 in 30ms
 POST /api/auth/callback/credentials 302 in 109ms
 ○ Compiling /dashboard ...
 ✓ Compiled /dashboard in 930ms (2283 modules)
 GET /dashboard 200 in 1173ms
 GET / 200 in 56ms
 GET /dashboard 200 in 51ms
 GET /api/products 200 in 55ms
 GET /api/auth/session 200 in 99ms
 GET / 200 in 172ms
 ○ Compiling /api/stores ...
 ✓ Compiled /api/stores in 2.2s (3352 modules)
 GET /api/customers 200 in 2293ms
 GET /api/products 200 in 2309ms
 GET /api/stores 200 in 2566ms
 GET /api/auth/session 200 in 2572ms
 GET /products 200 in 2609ms
 GET /dashboard 200 in 2360ms
 GET /pos 200 in 2610ms
 GET /api/categories 200 in 176ms
 GET /api/products 200 in 202ms
 GET /api/customers 200 in 204ms
 GET /offline 404 in 82ms
 GET /api/stores 200 in 109ms
 GET /api/auth/session 200 in 110ms
 GET /api/categories 200 in 74ms
 GET /api/products 200 in 94ms
 GET /api/customers 200 in 96ms
 ✓ Compiled /api/auth/validate-session in 358ms (1837 modules)
 ✓ Compiled in 0ms (1837 modules)
 GET /api/auth/session 200 in 819ms
 GET /api/stores 200 in 815ms
 ✓ Compiled /api/sales/stats in 0ms (1837 modules)
 ✓ Compiled in 0ms (1839 modules)
 GET /api/customers 200 in 1442ms
 GET /api/categories 200 in 1446ms
 POST /api/auth/validate-session 200 in 1530ms
 POST /api/auth/validate-session 200 in 949ms
 POST /api/auth/validate-session 200 in 949ms
 ✓ Compiled in 1ms (1839 modules)
 GET /api/products?storeId=cmk31myec0000shvdauq3yfvh 200 in 1264ms
 ✓ Compiled in 0ms (1839 modules)
 GET /api/customers 200 in 975ms
 GET /api/categories 200 in 984ms
 POST /api/auth/validate-session 200 in 1350ms
 GET /api/auth/session 200 in 1361ms
 GET /api/auth/session 200 in 979ms
 GET /api/stores 200 in 1354ms
 ✓ Compiled in 0ms (1839 modules)
 GET /api/sales/stats?period=today&storeId=cmk31myec0000shvdauq3yfvh 200 in 1674ms
 ✓ Compiled in 1ms (1839 modules)
 ✓ Compiled in 0ms (1839 modules)
 GET /api/products?storeId=cmk31myec0000shvdauq3yfvh 200 in 1278ms
 GET /api/categories 200 in 1235ms
 GET /api/customers 200 in 1235ms
 GET /api/stores 200 in 1216ms
 GET /api/products?storeId=cmk31myec0000shvdauq3yfvh 200 in 50ms
 GET /api/customers 200 in 61ms
 GET /api/categories 200 in 62ms
 ○ Compiling /sales ...
 ✓ Compiled /sales in 2.4s (3460 modules)
 GET /inventory 200 in 2690ms
 GET /products 200 in 2654ms
 GET /users 200 in 2685ms
 GET /returns 200 in 2655ms
 GET /suppliers 200 in 2699ms
 GET /sales 200 in 2634ms
 GET /reports 200 in 2658ms
 GET /customers 200 in 2635ms
 GET /pos 200 in 2660ms
 GET /api/products 200 in 171ms
 ○ Compiling /api/suppliers ...
 ✓ Compiled /api/suppliers in 693ms (1901 modules)
 ✓ Compiled (1911 modules)
 GET /api/auth/session 200 in 1341ms
 GET /api/stores 200 in 1396ms
 GET /api/sales/stats?period=month 200 in 1351ms
 GET /api/products 200 in 1302ms
 GET /api/customers 200 in 1282ms
 GET /api/users 200 in 1559ms
 GET /api/inventory/transfers 200 in 1455ms
 GET /api/inventory/adjustments 200 in 1462ms
 GET /api/returns 200 in 1410ms
 GET /api/inventory/low-stock 200 in 1497ms
 GET /api/suppliers 200 in 1313ms
 GET / 200 in 1480ms
 GET /products 200 in 1354ms
 GET /pos 200 in 1358ms
 GET /api/stores 200 in 185ms
 GET /api/products 200 in 201ms
 POST /api/auth/validate-session 200 in 249ms
 GET /api/customers 200 in 202ms
 GET /api/categories 200 in 197ms
 GET /api/auth/session 200 in 195ms
 GET /api/users 200 in 214ms
 GET /api/sales/stats?period=month 200 in 280ms
 GET /api/inventory/transfers 200 in 226ms
 GET /api/inventory/adjustments 200 in 237ms
 GET /api/returns 200 in 246ms
 GET /offline 404 in 171ms
 GET /api/suppliers 200 in 244ms
 GET /api/inventory/low-stock 200 in 249ms
 GET /api/products 200 in 108ms
 GET /api/customers 200 in 108ms
 GET /api/stores 200 in 137ms
 GET /api/auth/session 200 in 110ms
 GET /dashboard 200 in 136ms
 GET /api/products 200 in 96ms
 GET /api/stores 200 in 132ms
 GET /api/auth/session 200 in 125ms
 GET /api/customers 200 in 150ms
 POST /api/auth/validate-session 200 in 119ms
 GET /api/products 200 in 69ms
 GET /api/auth/session 200 in 97ms
 POST /api/auth/validate-session 200 in 114ms
 GET /api/customers 200 in 105ms
 GET /api/stores 200 in 107ms
 GET /api/categories 200 in 118ms
 GET /api/products 200 in 110ms
 GET /api/auth/session 200 in 85ms
 GET /api/customers 200 in 104ms
 POST /api/auth/validate-session 200 in 113ms
 GET /api/stores 200 in 117ms
 GET /api/categories 200 in 111ms
 GET /api/products 200 in 115ms
 POST /api/auth/validate-session 200 in 134ms
 GET /api/auth/session 200 in 133ms
 GET /api/customers 200 in 146ms
 GET /api/categories 200 in 142ms
 GET /api/stores 200 in 144ms
 GET /api/products 200 in 116ms
 GET /api/auth/session 200 in 102ms
 POST /api/auth/validate-session 200 in 109ms
 GET /api/customers 200 in 115ms
 GET /api/categories 200 in 110ms
 GET /api/stores 200 in 112ms
 GET /api/products 200 in 101ms
 POST /api/auth/validate-session 200 in 100ms
 GET /api/auth/session 200 in 104ms
 GET /api/customers 200 in 97ms
 GET /api/stores 200 in 109ms
 GET /api/categories 200 in 97ms
 GET /api/products 200 in 80ms
 GET /api/auth/session 200 in 112ms
 GET /api/customers 200 in 121ms
 POST /api/auth/validate-session 200 in 112ms
 ○ Compiling /api/sales ...
 ✓ Compiled /api/sales in 574ms (1913 modules)
 GET /api/categories 200 in 1145ms
 GET /api/stores 200 in 1153ms
 GET /api/auth/session 200 in 1083ms
 GET /api/auth/session 200 in 209ms
 GET /api/customers 200 in 1116ms
 POST /api/auth/validate-session 200 in 1136ms
 GET /api/products 200 in 1178ms
 GET /api/sales?storeId=cmk31myec0000shvdauq3yfvh&limit=50 200 in 1241ms
 GET /api/auth/session 200 in 323ms
 GET /api/auth/session 200 in 324ms
 GET /api/auth/session 200 in 324ms
 GET /api/auth/session 200 in 325ms
 GET /api/auth/session 200 in 326ms
 GET /api/auth/session 200 in 327ms
 GET /api/auth/session 200 in 327ms
 GET /api/auth/session 200 in 328ms
 GET /api/auth/session 200 in 329ms
 GET /api/auth/session 200 in 323ms
 GET /api/auth/session 200 in 323ms
 GET /api/auth/session 200 in 323ms
 GET /api/auth/session 200 in 308ms
 GET /api/auth/session 200 in 308ms
 GET /api/auth/session 200 in 308ms
 GET /api/categories 200 in 172ms
 GET /api/stores 200 in 173ms
 GET /api/sales?storeId=cmk31myec0000shvdauq3yfvh&limit=50 200 in 60ms
 GET /api/stores 200 in 75ms
 GET /api/products?storeId=cmk31myec0000shvdauq3yfvh 200 in 96ms
 GET /api/inventory/transfers?storeId=cmk31myec0000shvdauq3yfvh 200 in 100ms
 GET /api/inventory/adjustments?storeId=cmk31myec0000shvdauq3yfvh 200 in 102ms
 GET /api/inventory/low-stock?storeId=cmk31myec0000shvdauq3yfvh 200 in 114ms
 GET /api/stores 200 in 47ms
 GET /api/inventory/transfers?storeId=cmk31myec0000shvdauq3yfvh 200 in 93ms
 GET /api/products?storeId=cmk31myec0000shvdauq3yfvh 200 in 98ms
 GET /api/inventory/adjustments?storeId=cmk31myec0000shvdauq3yfvh 200 in 99ms
 GET /api/inventory/low-stock?storeId=cmk31myec0000shvdauq3yfvh 200 in 97ms
 GET /api/stores 200 in 82ms
 GET /api/stores 200 in 83ms
 GET /api/inventory/adjustments?storeId=cmk31myec0000shvdauq3yfvh 200 in 89ms
 GET /api/inventory/low-stock?storeId=cmk31myec0000shvdauq3yfvh 200 in 100ms
 GET /api/inventory/transfers?storeId=cmk31myec0000shvdauq3yfvh 200 in 100ms
 GET /api/products?storeId=cmk31myec0000shvdauq3yfvh 200 in 108ms
 GET /api/stores 200 in 40ms
 GET /api/stores 200 in 39ms
 GET /api/sales?storeId=cmk31myec0000shvdauq3yfvh&limit=50 200 in 45ms
 GET /api/stores 200 in 71ms
 GET /api/inventory/adjustments?storeId=cmk31myec0000shvdauq3yfvh 200 in 70ms
 GET /api/inventory/transfers?storeId=cmk31myec0000shvdauq3yfvh 200 in 70ms
 GET /api/inventory/low-stock?storeId=cmk31myec0000shvdauq3yfvh 200 in 75ms
 GET /api/products?storeId=cmk31myec0000shvdauq3yfvh 200 in 75ms
 GET /api/stores 200 in 30ms
 GET /api/stores 200 in 76ms
 GET /api/stores 200 in 40ms
 GET /api/stores 200 in 35ms
 ○ Compiling /products/new ...
 ✓ Compiled /products/new in 1233ms (3487 modules)
 GET /products/new 200 in 1320ms
 GET /api/categories 200 in 80ms
 GET /api/products 200 in 132ms
 GET /api/auth/session 200 in 132ms
 GET /api/suppliers 200 in 138ms
 GET / 200 in 183ms
 GET /api/categories 200 in 105ms
 GET /api/products 200 in 138ms
 GET /pos 200 in 175ms
 GET /products 200 in 181ms
 GET /api/suppliers 200 in 162ms
 GET /api/auth/session 200 in 162ms
 POST /api/auth/validate-session 200 in 172ms
 GET /api/stores 200 in 168ms
 GET /api/customers 200 in 114ms
 GET /offline 404 in 53ms
 POST /api/auth/validate-session 200 in 91ms
 GET /dashboard 200 in 120ms
 GET /api/stores 200 in 87ms
 GET /api/customers 200 in 78ms
 GET /api/categories 200 in 80ms
 GET /api/categories 200 in 31ms
[?25h
