  ▲ Next.js 14.2.28
  - Local:        http://localhost:3000
  - Environments: .env
  - Experiments (use with caution):
    · outputFileTracingRoot

 ✓ Starting...
 ✓ Ready in 1945ms
 ○ Compiling / ...
 ✓ Compiled / in 1843ms (633 modules)
 GET / 200 in 2025ms
 ✓ Compiled in 393ms (324 modules)
 ○ Compiling /api/auth/[...nextauth] ...
 ✓ Compiled /api/auth/[...nextauth] in 749ms (550 modules)
 GET /api/auth/providers 200 in 1212ms
 GET / 200 in 91ms
 GET /api/auth/session 200 in 76ms
 ○ Compiling /middleware ...
 ✓ Compiled /middleware in 753ms (750 modules)
 GET /api/auth/session 200 in 828ms
 GET / 200 in 951ms
 GET /api/auth/signin?callbackUrl=%2Fpos 302 in 30ms
 GET /api/products 200 in 1015ms
 GET /api/auth/signin?callbackUrl=%2Fproducts 302 in 49ms
 GET /api/products 200 in 45ms
 ✓ Compiled /api/customers in 150ms (578 modules)
 GET /?callbackUrl=https%3A%2F%2F9e2a0162a.preview.abacusai.app%2Fpos 200 in 329ms
 GET /api/auth/signin?callbackUrl=%2Fdashboard 302 in 367ms
 GET /api/customers 200 in 386ms
 GET /?callbackUrl=https%3A%2F%2F9e2a0162a.preview.abacusai.app%2Fproducts 200 in 392ms
 GET /api/customers 200 in 227ms
 ✓ Compiled /api/categories in 458ms (895 modules)
 GET /?callbackUrl=https%3A%2F%2F9e2a0162a.preview.abacusai.app%2Fdashboard 200 in 730ms
 GET /api/categories 200 in 741ms
 GET /offline 404 in 767ms
 GET /api/categories 200 in 37ms
 GET /api/auth/csrf 200 in 46ms
 ✓ Compiled /api/signup in 202ms (583 modules)
 POST /api/signup 201 in 336ms
 GET / 200 in 44ms
 GET /api/auth/signin 302 in 51ms
 GET /?callbackUrl=https://9e2a0162a.preview.abacusai.app 200 in 33ms
 GET /api/auth/csrf 200 in 28ms
 POST /api/auth/callback/credentials 302 in 109ms
 ○ Compiling /dashboard ...
 ✓ Compiled /dashboard in 1357ms (2283 modules)
 GET /dashboard 200 in 1606ms
 GET / 200 in 51ms
 GET /dashboard 200 in 55ms
 GET /api/products 200 in 248ms
 GET /api/auth/session 200 in 231ms
 GET / 200 in 268ms
 ○ Compiling /api/stores ...
 ✓ Compiled /api/stores in 2.7s (3242 modules)
 GET /api/customers 200 in 3059ms
 GET /api/auth/session 200 in 3110ms
 GET /api/products 200 in 3184ms
 GET /api/stores 200 in 3178ms
 GET /dashboard 200 in 3127ms
 GET /pos 200 in 3365ms
 GET /products 200 in 3366ms
 GET /api/categories 200 in 79ms
 GET /api/auth/session 200 in 78ms
 GET /api/products 200 in 103ms
 GET /offline 404 in 80ms
 GET /api/customers 200 in 117ms
 GET /api/stores 200 in 116ms
 GET /api/categories 200 in 29ms
 ✓ Compiled /api/auth/validate-session in 347ms (1782 modules)
 GET /api/categories 200 in 718ms
 GET /api/customers 200 in 742ms
 GET /api/products?storeId=cmk31myec0000shvdauq3yfvh 200 in 744ms
 POST /api/auth/validate-session 200 in 748ms
 POST /api/auth/validate-session 200 in 746ms
 GET /api/categories 200 in 35ms
 GET /api/customers 200 in 43ms
 GET /api/products?storeId=cmk31myec0000shvdauq3yfvh 200 in 49ms
 ○ Compiling /returns ...
 ✓ Compiled /returns in 2.1s (3348 modules)
 GET /users 200 in 2464ms
 GET /pos 200 in 2432ms
 GET /suppliers 200 in 2471ms
 GET /customers 200 in 2433ms
 GET /inventory 200 in 2472ms
 GET /returns 200 in 2360ms
 GET /sales 200 in 2436ms
 GET /reports 200 in 2435ms
 GET /products 200 in 2436ms
 ○ Compiling /api/sales/stats ...
 ✓ Compiled /api/sales/stats in 1028ms (1844 modules)
 ✓ Compiled (1856 modules)
 GET /api/customers 200 in 1918ms
 GET /api/products 200 in 1968ms
 GET /api/products 200 in 1955ms
 GET /api/auth/session 200 in 1960ms
 GET /api/auth/session 200 in 1958ms
 GET /api/stores 200 in 2111ms
 GET /api/suppliers 200 in 2133ms
 GET /api/users 200 in 2111ms
 GET /api/returns 200 in 2081ms
 GET /api/inventory/low-stock 200 in 2056ms
 GET /api/inventory/adjustments 200 in 2063ms
 GET /api/inventory/transfers 200 in 2065ms
 GET /api/sales/stats?period=month 200 in 1992ms
 GET /pos 200 in 2013ms
 GET /products 200 in 2013ms
 GET / 200 in 2118ms
 GET /api/customers 200 in 105ms
 GET /api/products 200 in 131ms
 GET /api/products 200 in 133ms
 POST /api/auth/validate-session 200 in 133ms
 POST /api/auth/validate-session 200 in 123ms
 GET /api/returns 200 in 169ms
 GET /api/auth/session 200 in 175ms
 GET /api/stores 200 in 176ms
 GET /api/suppliers 200 in 184ms
 GET /api/users 200 in 185ms
 GET /offline 404 in 164ms
 GET /api/inventory/adjustments 200 in 218ms
 GET /api/inventory/low-stock 200 in 224ms
 GET /api/sales/stats?period=month 200 in 229ms
 GET /api/inventory/transfers 200 in 237ms
 GET /api/products 200 in 139ms
 GET /api/customers 200 in 160ms
 GET /api/auth/session 200 in 181ms
 GET /api/stores 200 in 193ms
 GET /dashboard 200 in 234ms
 POST /api/auth/validate-session 200 in 189ms
 GET /api/products 200 in 100ms
 GET /api/customers 200 in 138ms
 GET /api/categories 200 in 155ms
 GET /api/auth/session 200 in 171ms
 GET /api/stores 200 in 174ms
 POST /api/auth/validate-session 200 in 159ms
 GET /api/products 200 in 96ms
 GET /api/categories 200 in 61ms
 GET /api/customers 200 in 64ms
 GET /api/auth/session 200 in 73ms
 GET /api/stores 200 in 80ms
 POST /api/auth/validate-session 200 in 75ms
 GET /api/products 200 in 71ms
 GET /api/customers 200 in 92ms
 GET /api/categories 200 in 84ms
 POST /api/auth/validate-session 200 in 91ms
 GET /api/auth/session 200 in 101ms
 GET /api/stores 200 in 120ms
 GET /api/products 200 in 83ms
 GET /api/customers 200 in 101ms
 GET /api/categories 200 in 89ms
 GET /api/auth/session 200 in 99ms
 GET /api/stores 200 in 102ms
 GET /api/products 200 in 107ms
 GET /api/customers 200 in 147ms
 GET /api/categories 200 in 138ms
 GET /api/auth/session 200 in 120ms
 GET /api/stores 200 in 139ms
 GET /api/products 200 in 180ms
 GET /api/products 200 in 186ms
 GET /api/products 200 in 169ms
 GET /api/products 200 in 168ms
 GET /api/products 200 in 170ms
 GET /api/auth/session 200 in 178ms
 GET /api/auth/session 200 in 171ms
 GET /api/auth/session 200 in 162ms
 GET /api/auth/session 200 in 163ms
 GET /api/auth/session 200 in 164ms
 GET /api/auth/session 200 in 161ms
 GET /api/auth/session 200 in 166ms
 GET /api/auth/session 200 in 215ms
 GET /api/auth/session 200 in 210ms
 GET /api/auth/session 200 in 210ms
 GET /api/auth/session 200 in 210ms
 GET /api/auth/session 200 in 206ms
 GET /api/auth/session 200 in 199ms
 GET /api/auth/session 200 in 197ms
 GET /api/auth/session 200 in 192ms
 GET /api/auth/session 200 in 192ms
 GET /api/products 200 in 216ms
 GET /api/stores 200 in 32ms
 GET /api/stores 200 in 33ms
[?25h
