  ▲ Next.js 14.2.28
  - Local:        http://localhost:3000
  - Environments: .env
  - Experiments (use with caution):
    · outputFileTracingRoot

 ✓ Starting...
 ✓ Ready in 1601ms
 ○ Compiling / ...
 ✓ Compiled / in 1621ms (633 modules)
 GET / 200 in 1987ms
 ✓ Compiled in 400ms (324 modules)
 ✓ Compiled /api/auth/[...nextauth] in 501ms (550 modules)
 GET /api/auth/providers 200 in 955ms
 GET / 200 in 84ms
 GET /api/auth/session 200 in 54ms
 ✓ Compiled /middleware in 469ms (750 modules)
 GET /api/auth/session 200 in 590ms
 GET / 200 in 638ms
 GET /api/auth/signin?callbackUrl=%2Fproducts 302 in 48ms
 GET /api/auth/signin?callbackUrl=%2Fpos 302 in 51ms
 GET /api/products 200 in 737ms
 GET /?callbackUrl=https%3A%2F%2F247ac79fd.preview.abacusai.app%2Fpos 200 in 79ms
 GET /?callbackUrl=https%3A%2F%2F247ac79fd.preview.abacusai.app%2Fproducts 200 in 79ms
 ✓ Compiled /_not-found in 481ms (893 modules)
 GET /api/auth/signin?callbackUrl=%2Fdashboard 302 in 586ms
 GET /api/products 200 in 590ms
 GET /offline 404 in 496ms
 GET /api/customers 200 in 639ms
 GET /?callbackUrl=https%3A%2F%2F247ac79fd.preview.abacusai.app%2Fdashboard 200 in 57ms
 GET /api/customers 200 in 38ms
 ✓ Compiled /api/categories in 139ms (581 modules)
 GET /api/categories 200 in 206ms
 GET /api/categories 200 in 30ms
 GET /api/auth/csrf 200 in 55ms
 ✓ Compiled /api/signup in 181ms (583 modules)
 POST /api/signup 201 in 326ms
 GET / 200 in 56ms
 GET /api/auth/signin 302 in 55ms
 GET /?callbackUrl=https://247ac79fd.preview.abacusai.app 200 in 43ms
 GET /api/auth/csrf 200 in 35ms
 POST /api/auth/callback/credentials 302 in 109ms
 ○ Compiling /dashboard ...
 ✓ Compiled /dashboard in 1345ms (2283 modules)
 GET /dashboard 200 in 1617ms
 GET / 200 in 61ms
 GET /dashboard 200 in 212ms
 GET /api/products 200 in 110ms
 GET /api/auth/session 200 in 191ms
 GET /api/products 200 in 144ms
 GET / 200 in 259ms
 ○ Compiling /api/stores ...
 ✓ Compiled /api/stores in 2.5s (3242 modules)
 GET /api/customers 200 in 2634ms
 GET /api/auth/session 200 in 2759ms
 GET /api/products 200 in 2750ms
 GET /api/stores 200 in 2923ms
 GET /pos 200 in 2978ms
 GET /dashboard 200 in 2714ms
 GET /products 200 in 2980ms
 GET /api/customers 200 in 174ms
 GET /api/categories 200 in 135ms
 GET /api/auth/session 200 in 112ms
 GET /offline 404 in 75ms
 GET /api/products 200 in 130ms
 GET /api/stores 200 in 131ms
 GET /api/customers 200 in 83ms
 GET /api/categories 200 in 76ms
 ✓ Compiled /api/auth/validate-session in 348ms (1782 modules)
 GET /api/auth/session 200 in 740ms
 GET /api/customers 200 in 660ms
 GET /api/customers 200 in 201ms
 POST /api/auth/validate-session 200 in 781ms
 POST /api/auth/validate-session 200 in 238ms
 POST /api/auth/validate-session 200 in 237ms
 GET /api/categories 200 in 680ms
 GET /api/categories 200 in 223ms
 GET /api/stores 200 in 784ms
 GET /api/products?storeId=cmk31myec0000shvdauq3yfvh 200 in 268ms
 GET /api/customers 200 in 40ms
 GET /api/categories 200 in 48ms
 GET /api/products?storeId=cmk31myec0000shvdauq3yfvh 200 in 48ms
 ○ Compiling /reports ...
 ✓ Compiled /reports in 2s (3348 modules)
 GET /inventory 200 in 2416ms
 GET /suppliers 200 in 2418ms
 GET /customers 200 in 2374ms
 GET /products 200 in 2373ms
 GET /users 200 in 2416ms
 GET /sales 200 in 2376ms
 GET /reports 200 in 2377ms
 GET /returns 200 in 2378ms
 GET /pos 200 in 2378ms
 ○ Compiling /api/sales/stats ...
 ✓ Compiled /api/sales/stats in 903ms (1844 modules)
 ✓ Compiled (1856 modules)
 GET /api/products 200 in 1843ms
 GET /api/auth/session 200 in 1778ms
 GET /api/stores 200 in 1880ms
 GET /api/customers 200 in 1630ms
 GET /api/inventory/adjustments 200 in 2073ms
 GET /api/suppliers 200 in 2073ms
 GET /api/users 200 in 2074ms
 GET /api/inventory/low-stock 200 in 2077ms
 GET /api/inventory/transfers 200 in 2078ms
 GET /api/returns 200 in 1841ms
 GET / 200 in 2013ms
 GET /api/sales/stats?period=month 200 in 1731ms
 GET /products 200 in 1880ms
 GET /pos 200 in 1883ms
 GET /api/products 200 in 270ms
 GET /api/auth/session 200 in 314ms
 POST /api/auth/validate-session 200 in 200ms
 GET /api/customers 200 in 181ms
 GET /api/stores 200 in 194ms
 GET /api/users 200 in 216ms
 GET /offline 404 in 160ms
 GET /api/inventory/transfers 200 in 227ms
 GET /api/inventory/low-stock 200 in 245ms
 GET /api/inventory/adjustments 200 in 247ms
 GET /api/returns 200 in 242ms
 GET /api/suppliers 200 in 247ms
 GET /api/sales/stats?period=month 200 in 237ms
 GET /api/products 200 in 212ms
 GET /api/auth/session 200 in 177ms
 POST /api/auth/validate-session 200 in 214ms
 GET /api/customers 200 in 197ms
 GET /api/stores 200 in 202ms
 GET /dashboard 200 in 206ms
 GET /api/products 200 in 78ms
 GET /api/auth/session 200 in 168ms
 GET /api/customers 200 in 171ms
 GET /api/stores 200 in 183ms
 GET /api/categories 200 in 185ms
 GET /api/products 200 in 207ms
 POST /api/auth/validate-session 200 in 147ms
 GET /api/auth/session 200 in 166ms
 POST /api/auth/validate-session 200 in 154ms
 GET /api/stores 200 in 138ms
 GET /api/categories 200 in 152ms
 GET /api/products 200 in 121ms
 GET /api/customers 200 in 123ms
 GET /api/auth/session 200 in 104ms
 GET /api/stores 200 in 136ms
 GET /api/inventory/adjustments?storeId=cmk31myec0000shvdauq3yfvh 200 in 131ms
 GET /api/inventory/low-stock?storeId=cmk31myec0000shvdauq3yfvh 200 in 132ms
 GET /api/products?storeId=cmk31myec0000shvdauq3yfvh 200 in 131ms
 GET /api/inventory/transfers?storeId=cmk31myec0000shvdauq3yfvh 200 in 137ms
 GET /api/products 200 in 117ms
 GET /api/categories 200 in 122ms
 GET /api/customers 200 in 123ms
 GET /api/auth/session 200 in 161ms
 GET /api/stores 200 in 143ms
 GET /api/products?storeId=cmk31myec0000shvdauq3yfvh 200 in 143ms
 GET /api/products 200 in 145ms
 GET /api/inventory/transfers?storeId=cmk31myec0000shvdauq3yfvh 200 in 155ms
 GET /api/inventory/adjustments?storeId=cmk31myec0000shvdauq3yfvh 200 in 156ms
 GET /api/inventory/low-stock?storeId=cmk31myec0000shvdauq3yfvh 200 in 157ms
 GET /api/customers 200 in 163ms
 GET /api/categories 200 in 164ms
 GET /api/auth/session 200 in 211ms
 GET /api/stores 200 in 214ms
 POST /api/auth/validate-session 200 in 185ms
 GET /api/products 200 in 118ms
 GET /api/auth/session 200 in 118ms
 GET /api/stores 200 in 144ms
 GET /api/products 200 in 151ms
 GET /api/products 200 in 153ms
 GET /api/products 200 in 154ms
 GET /api/products 200 in 158ms
 GET /api/auth/session 200 in 149ms
 GET /api/stores 200 in 81ms
 GET /api/stores 200 in 35ms
 GET /api/inventory/transfers?storeId=cmk31myec0000shvdauq3yfvh 200 in 73ms
 GET /api/inventory/adjustments?storeId=cmk31myec0000shvdauq3yfvh 200 in 82ms
 GET /api/products?storeId=cmk31myec0000shvdauq3yfvh 200 in 87ms
 GET /api/stores 200 in 89ms
 GET /api/inventory/low-stock?storeId=cmk31myec0000shvdauq3yfvh 200 in 90ms
[?25h
