Attention: Next.js now collects completely anonymous telemetry regarding usage.
This information is used to shape Next.js' roadmap and prioritize features.
You can learn more, including how to opt-out if you'd not like to participate in this anonymous program, by visiting the following URL:
https://nextjs.org/telemetry

  ▲ Next.js 14.2.28
  - Experiments (use with caution):
    · outputFileTracingRoot

   Creating an optimized production build ...
 ✓ Compiled successfully
   Skipping linting
   Checking validity of types ...
   Collecting page data ...
   Generating static pages (0/26) ...
   Generating static pages (6/26) 
   Generating static pages (12/26) 
   Generating static pages (19/26) 
 ✓ Generating static pages (26/26)
   Finalizing page optimization ...
   Collecting build traces ...

Route (app)                                 Size     First Load JS
┌ ƒ /                                       1.8 kB         99.5 kB
├ ƒ /_not-found                             877 B          88.4 kB
├ ƒ /api/auth/[...nextauth]                 0 B                0 B
├ ƒ /api/auth/validate-session              0 B                0 B
├ ƒ /api/categories                         0 B                0 B
├ ƒ /api/customers                          0 B                0 B
├ ƒ /api/customers/[id]                     0 B                0 B
├ ƒ /api/inventory/adjustments              0 B                0 B
├ ƒ /api/inventory/low-stock                0 B                0 B
├ ƒ /api/inventory/transfers                0 B                0 B
├ ƒ /api/inventory/transfers/[id]/complete  0 B                0 B
├ ƒ /api/products                           0 B                0 B
├ ƒ /api/products/[id]                      0 B                0 B
├ ƒ /api/products/upload                    0 B                0 B
├ ƒ /api/purchase-orders                    0 B                0 B
├ ƒ /api/purchase-orders/[id]               0 B                0 B
├ ƒ /api/purchase-orders/[id]/receive       0 B                0 B
├ ƒ /api/returns                            0 B                0 B
├ ƒ /api/returns/[id]                       0 B                0 B
├ ƒ /api/sales                              0 B                0 B
├ ƒ /api/sales/[id]                         0 B                0 B
├ ƒ /api/sales/stats                        0 B                0 B
├ ƒ /api/signup                             0 B                0 B
├ ƒ /api/stores                             0 B                0 B
├ ƒ /api/suppliers                          0 B                0 B
├ ƒ /api/suppliers/[id]                     0 B                0 B
├ ƒ /api/users                              0 B                0 B
├ ƒ /api/users/[id]                         0 B                0 B
├ ƒ /customers                              6.67 kB         159 kB
├ ƒ /dashboard                              2.2 kB          251 kB
├ ƒ /inventory                              5.75 kB         164 kB
├ ƒ /pos                                    253 kB          405 kB
├ ƒ /products                               9.36 kB         177 kB
├ ƒ /products/[id]/edit                     7.44 kB         160 kB
├ ƒ /products/new                           4.32 kB         172 kB
├ ƒ /reports                                9.06 kB         258 kB
├ ƒ /returns                                6.24 kB         158 kB
├ ƒ /returns/new                            7.38 kB         160 kB
├ ƒ /sales                                  6.2 kB          158 kB
├ ƒ /suppliers                              3.77 kB         162 kB
└ ƒ /users                                  5.03 kB         163 kB
+ First Load JS shared by all               87.5 kB
  ├ chunks/117-b0370400ed2760b7.js          31.8 kB
  ├ chunks/fd9d1056-898dbe322567f69b.js     53.6 kB
  └ other shared chunks (total)             2.14 kB


ƒ Middleware                                49.5 kB

ƒ  (Dynamic)  server-rendered on demand

Successfully built app artifact
