  ▲ Next.js 14.2.28
  - Environments: .env
  - Experiments (use with caution):
    · outputFileTracingRoot

   Creating an optimized production build ...
 ✓ Compiled successfully
   Skipping linting
   Checking validity of types ...
   Collecting page data ...
   Generating static pages (0/28) ...
   Generating static pages (7/28) 
   Generating static pages (14/28) 
   Generating static pages (21/28) 
 ✓ Generating static pages (28/28)
   Finalizing page optimization ...
   Collecting build traces ...

Route (app)                                 Size     First Load JS
┌ ƒ /                                       1.79 kB        99.5 kB
├ ƒ /_not-found                             877 B          88.5 kB
├ ƒ /api/auth/[...nextauth]                 0 B                0 B
├ ƒ /api/auth/validate-session              0 B                0 B
├ ƒ /api/categories                         0 B                0 B
├ ƒ /api/customers                          0 B                0 B
├ ƒ /api/customers/[id]                     0 B                0 B
├ ƒ /api/inventory/adjustments              0 B                0 B
├ ƒ /api/inventory/history                  0 B                0 B
├ ƒ /api/inventory/low-stock                0 B                0 B
├ ƒ /api/inventory/transfers                0 B                0 B
├ ƒ /api/inventory/transfers/[id]/complete  0 B                0 B
├ ƒ /api/products                           0 B                0 B
├ ƒ /api/products/[id]                      0 B                0 B
├ ƒ /api/products/import                    0 B                0 B
├ ƒ /api/products/upload                    0 B                0 B
├ ƒ /api/purchase-orders                    0 B                0 B
├ ƒ /api/purchase-orders/[id]               0 B                0 B
├ ƒ /api/purchase-orders/[id]/receive       0 B                0 B
├ ƒ /api/returns                            0 B                0 B
├ ƒ /api/returns/[id]                       0 B                0 B
├ ƒ /api/sales                              0 B                0 B
├ ƒ /api/sales/[id]                         0 B                0 B
├ ƒ /api/sales/stats                        0 B                0 B
├ ƒ /api/signup                             0 B                0 B
├ ƒ /api/stores                             0 B                0 B
├ ƒ /api/suppliers                          0 B                0 B
├ ƒ /api/suppliers/[id]                     0 B                0 B
├ ƒ /api/users                              0 B                0 B
├ ƒ /api/users/[id]                         0 B                0 B
├ ƒ /customers                              6.68 kB         160 kB
├ ƒ /dashboard                              2.21 kB         252 kB
├ ƒ /inventory                              5.68 kB         165 kB
├ ƒ /inventory/history                      7.6 kB          254 kB
├ ƒ /pos                                    253 kB          406 kB
├ ƒ /products                               9.51 kB         179 kB
├ ƒ /products/[id]/edit                     7.43 kB         161 kB
├ ƒ /products/import                        8.02 kB         254 kB
├ ƒ /products/new                           4.29 kB         173 kB
├ ƒ /reports                                9.08 kB         259 kB
├ ƒ /returns                                6.25 kB         159 kB
├ ƒ /returns/new                            7.38 kB         161 kB
├ ƒ /sales                                  6.21 kB         159 kB
├ ƒ /suppliers                              3.78 kB         163 kB
└ ƒ /users                                  5.04 kB         164 kB
+ First Load JS shared by all               87.6 kB
  ├ chunks/156-e4d1ee69d13700a2.js          31.8 kB
  ├ chunks/ceb5afef-60dab82b055f32e0.js     53.6 kB
  └ other shared chunks (total)             2.14 kB


ƒ Middleware                                49.5 kB

ƒ  (Dynamic)  server-rendered on demand

exit_code=0
