  ▲ Next.js 14.2.28
  - Local:        http://localhost:3000
  - Environments: .env
  - Experiments (use with caution):
    · outputFileTracingRoot

 ✓ Starting...
 ✓ Ready in 1413ms
 ○ Compiling / ...
 ✓ Compiled / in 1781ms (633 modules)
 GET / 200 in 2143ms
 ✓ Compiled in 409ms (324 modules)
 ○ Compiling /api/auth/[...nextauth] ...
 ✓ Compiled /api/auth/[...nextauth] in 513ms (550 modules)
 GET /api/auth/providers 200 in 978ms
 GET / 200 in 83ms
 ✓ Compiled /middleware in 454ms (750 modules)
 GET /api/auth/session 200 in 639ms
 GET / 200 in 647ms
 GET /api/products 200 in 702ms
 GET /api/auth/signin?callbackUrl=%2Fproducts 302 in 47ms
 GET /api/auth/signin?callbackUrl=%2Fpos 302 in 66ms
 GET /api/auth/session 200 in 63ms
 GET /api/products 200 in 67ms
 ✓ Compiled /api/customers in 151ms (578 modules)
 GET /?callbackUrl=https%3A%2F%2F247ac79fd.preview.abacusai.app%2Fproducts 200 in 322ms
 GET /api/auth/signin?callbackUrl=%2Fdashboard 302 in 322ms
 GET /api/customers 200 in 391ms
 GET /?callbackUrl=https%3A%2F%2F247ac79fd.preview.abacusai.app%2Fpos 200 in 358ms
 GET /?callbackUrl=https%3A%2F%2F247ac79fd.preview.abacusai.app%2Fdashboard 200 in 290ms
 ✓ Compiled /api/categories in 465ms (895 modules)
 GET /api/customers 200 in 601ms
 GET /offline 404 in 661ms
 GET /api/categories 200 in 590ms
 GET /api/categories 200 in 32ms
 GET /api/auth/csrf 200 in 46ms
 ✓ Compiled /api/signup in 182ms (583 modules)
 POST /api/signup 201 in 324ms
 GET / 200 in 57ms
 GET /api/auth/signin 302 in 56ms
 GET /?callbackUrl=https://247ac79fd.preview.abacusai.app 200 in 46ms
 GET /api/auth/csrf 200 in 31ms
 POST /api/auth/callback/credentials 302 in 110ms
 ○ Compiling /dashboard ...
 ✓ Compiled /dashboard in 1344ms (2283 modules)
 GET /dashboard 200 in 1600ms
 GET / 200 in 47ms
 GET /dashboard 200 in 178ms
 GET /api/products 200 in 63ms
 GET /api/auth/session 200 in 93ms
 GET /api/products 200 in 190ms
 GET / 200 in 251ms
 ○ Compiling /api/stores ...
 ✓ Compiled /api/stores in 2.5s (3242 modules)
 GET /api/customers 200 in 2665ms
 GET /api/products 200 in 2587ms
 GET /api/auth/session 200 in 2991ms
 GET /api/stores 200 in 2963ms
 GET /dashboard 200 in 2640ms
 GET /pos 200 in 3015ms
 GET /products 200 in 3017ms
 GET /api/customers 200 in 174ms
 GET /api/products 200 in 102ms
 GET /api/categories 200 in 164ms
 GET /offline 404 in 85ms
 GET /api/auth/session 200 in 121ms
 GET /api/stores 200 in 126ms
 GET /api/customers 200 in 101ms
 GET /api/categories 200 in 77ms
 GET /api/auth/session 200 in 67ms
 ○ Compiling /api/auth/validate-session ...
 ✓ Compiled /api/auth/validate-session in 535ms (1782 modules)
 ✓ Compiled in 0ms (1782 modules)
 GET /api/customers 200 in 1020ms
 GET /api/stores 200 in 1055ms
 ✓ Compiled in 0ms (1782 modules)
 GET /api/categories 200 in 1110ms
 ✓ Compiled in 0ms (1782 modules)
 GET /api/customers 200 in 1018ms
 POST /api/auth/validate-session 200 in 1761ms
 POST /api/auth/validate-session 200 in 1511ms
 POST /api/auth/validate-session 200 in 1028ms
 POST /api/auth/validate-session 200 in 1020ms
 GET /api/auth/session 200 in 1686ms
 ✓ Compiled in 1ms (1782 modules)
 GET /api/categories 200 in 1367ms
 GET /api/products?storeId=cmk31myec0000shvdauq3yfvh 200 in 1352ms
 ✓ Compiled in 0ms (1782 modules)
 ✓ Compiled in 0ms (1782 modules)
 ✓ Compiled in 1ms (1782 modules)
 GET /api/customers 200 in 1196ms
 GET /api/categories 200 in 1177ms
 GET /api/products?storeId=cmk31myec0000shvdauq3yfvh 200 in 1157ms
 ○ Compiling /sales ...
 ✓ Compiled /sales in 2.1s (3348 modules)
 GET /products 200 in 2416ms
 GET /inventory 200 in 2462ms
 GET /suppliers 200 in 2463ms
 GET /returns 200 in 2417ms
 GET /reports 200 in 2417ms
 GET /customers 200 in 2419ms
 GET /users 200 in 2460ms
 GET /sales 200 in 2419ms
 GET /pos 200 in 2421ms
 ○ Compiling /api/sales/stats ...
 ✓ Compiled /api/sales/stats in 972ms (1843 modules)
 ✓ Compiled (1856 modules)
 GET /api/customers 200 in 1713ms
 GET /api/returns 200 in 1821ms
 GET /api/auth/session 200 in 1829ms
 GET /api/auth/session 200 in 1830ms
 GET /api/auth/session 200 in 1830ms
 GET /api/auth/session 200 in 1831ms
 GET /api/auth/session 200 in 1831ms
 GET /api/auth/session 200 in 1832ms
 GET /api/stores 200 in 1874ms
 GET /api/inventory/adjustments 200 in 1875ms
 GET /api/inventory/transfers 200 in 1875ms
 GET /api/suppliers 200 in 1827ms
 GET /api/users 200 in 1783ms
 GET /api/inventory/low-stock 200 in 1919ms
 GET /api/products 200 in 1925ms
 GET / 200 in 1890ms
 GET /api/sales/stats?period=month 200 in 1768ms
 GET /pos 200 in 1800ms
 GET /products 200 in 1801ms
 GET /api/customers 200 in 150ms
 POST /api/auth/validate-session 200 in 164ms
 POST /api/auth/validate-session 200 in 164ms
 POST /api/auth/validate-session 200 in 158ms
 POST /api/auth/validate-session 200 in 155ms
 POST /api/auth/validate-session 200 in 154ms
 GET /api/returns 200 in 248ms
 GET /api/auth/session 200 in 234ms
 GET /offline 404 in 199ms
 GET /api/stores 200 in 247ms
 GET /api/inventory/adjustments 200 in 248ms
 GET /api/inventory/transfers 200 in 248ms
 GET /api/suppliers 200 in 246ms
 GET /api/users 200 in 250ms
 POST /api/auth/validate-session 200 in 262ms
 GET /api/products 200 in 259ms
 GET /api/inventory/low-stock 200 in 271ms
 GET /api/sales/stats?period=month 200 in 266ms
 GET /api/customers 200 in 184ms
 GET /api/stores 200 in 92ms
 GET /api/auth/session 200 in 94ms
 POST /api/auth/validate-session 200 in 122ms
 GET /dashboard 200 in 163ms
 GET /api/products 200 in 122ms
 GET /api/customers 200 in 88ms
 GET /api/categories 200 in 96ms
 GET /api/auth/session 200 in 96ms
 GET /api/stores 200 in 101ms
 POST /api/auth/validate-session 200 in 107ms
 GET /api/products 200 in 103ms
 GET /api/customers 200 in 75ms
 GET /api/categories 200 in 94ms
 GET /api/stores 200 in 123ms
 GET /api/auth/session 200 in 124ms
 POST /api/auth/validate-session 200 in 114ms
 GET /api/products 200 in 127ms
 GET /api/customers 200 in 113ms
 GET /api/categories 200 in 83ms
 GET /api/stores 200 in 91ms
 GET /api/auth/session 200 in 85ms
 POST /api/auth/validate-session 200 in 91ms
 GET /api/products 200 in 123ms
 GET /api/customers 200 in 120ms
 GET /api/categories 200 in 163ms
 GET /api/products?storeId=cmk31myec0000shvdauq3yfvh& 200 in 140ms
 GET /api/auth/session 200 in 143ms
 GET /api/stores 200 in 165ms
 POST /api/auth/validate-session 200 in 133ms
 GET /api/products 200 in 168ms
 GET /api/categories 200 in 135ms
 GET /api/auth/session 200 in 191ms
 GET /api/products?storeId=cmk31myec0000shvdauq3yfvh 200 in 161ms
 GET /api/stores 200 in 235ms
 GET /api/inventory/transfers?storeId=cmk31myec0000shvdauq3yfvh 200 in 226ms
 GET /api/inventory/adjustments?storeId=cmk31myec0000shvdauq3yfvh 200 in 227ms
 GET /api/inventory/low-stock?storeId=cmk31myec0000shvdauq3yfvh 200 in 229ms
 POST /api/auth/validate-session 200 in 233ms
 GET /api/products 200 in 219ms
 GET /api/customers 200 in 250ms
 GET /api/categories 200 in 191ms
 GET /api/auth/session 200 in 121ms
 POST /api/auth/validate-session 200 in 128ms
 GET /api/stores 200 in 124ms
 GET /api/products 200 in 84ms
 GET /api/categories 200 in 77ms
 GET /api/auth/session 200 in 102ms
 POST /api/auth/validate-session 200 in 108ms
 GET /api/stores 200 in 133ms
 GET /api/products 200 in 132ms
 GET /api/products?storeId=cmk31myec0000shvdauq3yfvh& 200 in 133ms
 GET /api/customers 200 in 121ms
 GET /api/categories 200 in 116ms
 POST /api/auth/validate-session 200 in 102ms
 GET /api/auth/session 200 in 132ms
 GET /api/stores 200 in 132ms
 GET /api/products 200 in 159ms
 GET /api/products?storeId=cmk31myec0000shvdauq3yfvh 200 in 157ms
 GET /api/customers 200 in 156ms
 GET /api/inventory/transfers?storeId=cmk31myec0000shvdauq3yfvh 200 in 164ms
 GET /api/inventory/adjustments?storeId=cmk31myec0000shvdauq3yfvh 200 in 164ms
 GET /api/inventory/low-stock?storeId=cmk31myec0000shvdauq3yfvh 200 in 166ms
 GET /api/auth/session 200 in 139ms
 GET /api/categories 200 in 139ms
 GET /api/stores 200 in 49ms
 GET /api/auth/session 200 in 77ms
 GET /api/categories 200 in 76ms
 GET /api/stores 200 in 81ms
 GET /api/auth/session 200 in 34ms
 GET /api/stores 200 in 39ms
 GET /api/auth/session 200 in 42ms
 GET /api/stores 200 in 49ms
 GET /api/auth/session 200 in 41ms
 GET /api/stores 200 in 90ms
 GET /api/products?storeId=cmk31myec0000shvdauq3yfvh 200 in 88ms
 GET /api/inventory/adjustments?storeId=cmk31myec0000shvdauq3yfvh 200 in 122ms
 GET /api/inventory/transfers?storeId=cmk31myec0000shvdauq3yfvh 200 in 124ms
 GET /api/auth/session 200 in 123ms
 GET /api/inventory/low-stock?storeId=cmk31myec0000shvdauq3yfvh 200 in 128ms
 GET /api/stores 200 in 43ms
 GET /api/auth/session 200 in 42ms
 GET /api/stores 200 in 72ms
 GET /api/auth/session 200 in 67ms
 GET /api/categories 200 in 68ms
 GET /api/products?storeId=cmk31myec0000shvdauq3yfvh& 200 in 69ms
 GET /api/stores 200 in 52ms
 GET /api/auth/session 200 in 40ms
 GET /api/stores 200 in 76ms
 GET /api/products?storeId=cmk31myec0000shvdauq3yfvh 200 in 76ms
 GET /api/inventory/adjustments?storeId=cmk31myec0000shvdauq3yfvh 200 in 79ms
 GET /api/inventory/transfers?storeId=cmk31myec0000shvdauq3yfvh 200 in 80ms
 GET /api/inventory/low-stock?storeId=cmk31myec0000shvdauq3yfvh 200 in 83ms
 GET /api/stores 200 in 65ms
 GET /api/products?storeId=cmk31myec0000shvdauq3yfvh 200 in 72ms
 GET /api/inventory/transfers?storeId=cmk31myec0000shvdauq3yfvh 200 in 87ms
 GET /api/inventory/adjustments?storeId=cmk31myec0000shvdauq3yfvh 200 in 93ms
 GET /api/inventory/low-stock?storeId=cmk31myec0000shvdauq3yfvh 200 in 81ms
 GET /api/stores 200 in 56ms
 GET /api/products?storeId=cmk31myec0000shvdauq3yfvh& 200 in 65ms
 GET /api/categories 200 in 68ms
 GET /api/stores 200 in 56ms
 GET /api/products?storeId=cmk31myec0000shvdauq3yfvh& 200 in 61ms
 GET /api/categories 200 in 64ms
 GET /api/stores 200 in 39ms
 ○ Compiling /returns/new ...
 ✓ Compiled /returns/new in 1593ms (3383 modules)
 GET /products/new 200 in 1706ms
 GET /returns/new 200 in 1698ms
 GET /api/auth/session 200 in 108ms
 GET /api/suppliers 200 in 129ms
 GET /api/products 200 in 136ms
 GET /api/categories 200 in 144ms
 GET / 200 in 157ms
 POST /api/auth/validate-session 200 in 173ms
 GET /api/auth/session 200 in 188ms
 GET /api/stores 200 in 188ms
 GET /api/suppliers 200 in 172ms
 GET /products 200 in 211ms
 GET /api/categories 200 in 181ms
 GET /api/customers 200 in 194ms
 GET /api/products 200 in 198ms
 GET /pos 200 in 360ms
 GET /offline 404 in 167ms
 GET /dashboard 200 in 368ms
 GET /api/stores 200 in 215ms
 GET /api/categories 200 in 312ms
 GET /api/products 200 in 316ms
 GET /api/auth/session 200 in 314ms
 GET /api/customers 200 in 315ms
 GET /api/products 200 in 108ms
 GET /api/customers 200 in 125ms
 GET /api/auth/session 200 in 123ms
 GET /api/categories 200 in 136ms
 GET /api/stores 200 in 127ms
 POST /api/auth/validate-session 200 in 126ms
 GET /api/auth/session 200 in 58ms
 POST /api/auth/validate-session 200 in 76ms
 GET /api/customers 200 in 80ms
 GET /api/categories 200 in 88ms
 GET /api/stores 200 in 104ms
 GET /api/categories 200 in 40ms
 GET /api/stores 200 in 48ms
[?25h
