  ▲ Next.js 14.2.28
  - Local:        http://localhost:3000
  - Environments: .env
  - Experiments (use with caution):
    · outputFileTracingRoot

 ✓ Starting...
 ✓ Ready in 2.5s
 ○ Compiling / ...
 ✓ Compiled / in 2.4s (572 modules)
 GET / 200 in 2808ms
 ✓ Compiled in 384ms (290 modules)
 GET / 200 in 46ms
 GET / 200 in 36ms
 GET / 200 in 37ms
 ○ Compiling /api/auth/[...nextauth] ...
 ✓ Compiled /api/auth/[...nextauth] in 604ms (516 modules)
 GET /api/auth/session 200 in 1070ms
 GET /api/auth/session 200 in 35ms
 GET / 200 in 67ms
 GET / 200 in 36ms
 GET / 200 in 36ms
 GET / 200 in 32ms
 GET / 200 in 33ms
 GET / 200 in 36ms
 GET / 200 in 36ms
 GET / 200 in 34ms
 GET / 200 in 35ms
 GET / 200 in 30ms
 GET / 200 in 34ms
 GET / 200 in 34ms
 GET / 200 in 32ms
 GET / 200 in 45ms
 GET / 200 in 31ms
 GET / 200 in 31ms
 GET / 200 in 29ms
 GET / 200 in 77ms
 GET / 200 in 32ms
 GET / 200 in 30ms
 GET / 200 in 30ms
 GET / 200 in 29ms
 GET /api/auth/providers 200 in 38ms
 GET /api/auth/csrf 200 in 37ms
 POST /api/auth/callback/credentials 200 in 199ms
 GET /api/auth/session 200 in 36ms
 ✓ Compiled /middleware in 488ms (174 modules)
 ○ Compiling /dashboard ...
 ✓ Compiled /dashboard in 2.1s (2024 modules)
 ✓ Compiled /api/sales/stats in 361ms (1158 modules)
 GET /api/sales/stats?period=today 200 in 512ms
 GET /api/sales/stats?period=today 200 in 32ms
 GET / 200 in 70ms
 ○ Compiling /pos ...
 ✓ Compiled /pos in 572ms (2088 modules)
 ✓ Compiled /api/products in 220ms (1180 modules)
 ✓ Compiled (1182 modules)
 GET /api/customers 200 in 531ms
 GET /api/products 200 in 533ms
 GET /api/customers 200 in 26ms
 GET /api/products 200 in 26ms
 GET /api/products 200 in 22ms
 GET /api/products 200 in 22ms
 GET / 200 in 51ms
 ○ Compiling /sales ...
 ✓ Compiled /sales in 588ms (2104 modules)
 ✓ Compiled /api/sales in 239ms (1191 modules)
 GET /api/sales?limit=50 200 in 309ms
 GET /api/sales?limit=50 200 in 24ms
 GET / 200 in 55ms
 GET / 200 in 49ms
 GET / 200 in 36ms
 GET / 200 in 34ms
 GET / 200 in 40ms
 GET / 200 in 33ms
 GET / 200 in 53ms
 GET / 200 in 49ms
 GET / 200 in 110ms
 GET / 200 in 49ms
 GET / 200 in 54ms
 GET / 200 in 38ms
 GET / 200 in 35ms
 GET / 200 in 36ms
 GET /api/customers 200 in 55ms
 GET /api/products 200 in 55ms
 GET /api/customers 200 in 33ms
 GET /api/products 200 in 30ms
 GET / 200 in 35ms
 GET /api/products 200 in 28ms
 GET /api/products 200 in 24ms
 GET / 200 in 39ms
 GET /api/sales/stats?period=today 200 in 34ms
 GET /api/sales/stats?period=today 200 in 26ms
 GET /api/auth/csrf 200 in 46ms
 POST /api/auth/signout 200 in 38ms
 GET / 200 in 33ms
 GET /api/auth/session 200 in 46ms
 GET /api/auth/session 200 in 41ms
 GET / 200 in 31ms
 GET /api/auth/providers 200 in 263ms
 GET /api/auth/csrf 200 in 40ms
 POST /api/auth/callback/credentials 200 in 135ms
 GET /api/auth/session 200 in 38ms
 GET /api/sales/stats?period=today 200 in 29ms
 GET /api/sales/stats?period=today 200 in 28ms
 ○ Compiling /customers ...
 ✓ Compiled /customers in 953ms (2087 modules)
 GET / 200 in 342ms
 ✓ Compiled /api/customers in 179ms (1170 modules)
 GET /api/customers 200 in 245ms
 GET /api/customers 200 in 24ms
 ✓ Compiled /sales in 190ms (1177 modules)
 ✓ Compiled /api/sales in 286ms (1179 modules)
 GET /api/sales?limit=50 200 in 338ms
 GET /api/sales?limit=50 200 in 23ms
 ○ Compiling /products ...
 ✓ Compiled /products in 656ms (2140 modules)
 ✓ Compiled /api/products in 228ms (1204 modules)
 ✓ Compiled (1206 modules)
 GET /api/categories 200 in 516ms
 GET /api/products? 200 in 517ms
 GET /api/categories 200 in 28ms
 GET /api/products? 200 in 35ms
 GET /api/products? 200 in 25ms
 GET /api/products? 200 in 23ms
 GET / 200 in 71ms
 GET / 200 in 38ms
 ○ Compiling /reports ...
 ✓ Compiled /reports in 755ms (2158 modules)
 ✓ Compiled /api/sales/stats in 213ms (1211 modules)
 GET /api/sales/stats?period=month 200 in 264ms
 GET /api/sales/stats?period=month 200 in 29ms
 GET / 200 in 51ms
 GET / 200 in 38ms
 GET / 200 in 36ms
 GET / 200 in 33ms
 ✓ Compiled /api/auth/[...nextauth] in 259ms (516 modules)
 GET /api/auth/session 200 in 368ms
 GET /api/auth/session 200 in 44ms
 ✓ Compiled /dashboard in 363ms (1132 modules)
 ✓ Compiled /api/sales/stats in 168ms (1158 modules)
 GET /api/sales/stats?period=today 200 in 254ms
 GET /api/sales/stats?period=today 200 in 26ms
 GET / 200 in 68ms
 GET / 200 in 32ms
 GET / 200 in 36ms
 GET / 200 in 35ms
 GET / 200 in 32ms
 GET / 200 in 35ms
 GET / 200 in 33ms
 GET / 200 in 34ms
 GET / 200 in 34ms
 GET / 200 in 41ms
 GET / 200 in 32ms
 GET / 200 in 33ms
 GET / 200 in 32ms
 GET / 200 in 35ms
 GET / 200 in 35ms
 GET / 200 in 56ms
 GET / 200 in 32ms
 GET / 200 in 33ms
 GET / 200 in 35ms
 GET / 200 in 40ms
 GET / 200 in 37ms
 GET / 200 in 32ms
 GET / 200 in 33ms
 GET / 200 in 33ms
 GET / 200 in 38ms
 GET / 200 in 35ms
 GET / 200 in 34ms
 GET / 200 in 32ms
 GET / 200 in 31ms
