  ▲ Next.js 14.2.28
  - Local:        http://localhost:3000
  - Environments: .env
  - Experiments (use with caution):
    · outputFileTracingRoot

 ✓ Starting...
 ✓ Ready in 1441ms
 ○ Compiling / ...
 ✓ Compiled / in 1881ms (633 modules)
 GET / 200 in 2261ms
 ✓ Compiled in 407ms (324 modules)
 GET / 200 in 50ms
 GET / 200 in 49ms
 GET / 200 in 47ms
 GET / 200 in 46ms
 GET / 200 in 43ms
 GET / 200 in 49ms
 GET / 200 in 45ms
 GET / 200 in 40ms
 GET / 200 in 46ms
 ✓ Compiled in 390ms (324 modules)
 ✓ Compiled in 344ms (324 modules)
[?25h
