  ▲ Next.js 14.2.28
  - Local:        http://localhost:3000
  - Environments: .env
  - Experiments (use with caution):
    · outputFileTracingRoot

 ✓ Starting...
 ✓ Ready in 2s
 ○ Compiling / ...
 ✓ Compiled / in 1997ms (633 modules)
 GET / 200 in 2410ms
 ✓ Compiled in 458ms (324 modules)
 GET / 200 in 60ms
 GET / 200 in 46ms
 GET / 200 in 88ms
 ○ Compiling /middleware ...
 ✓ Compiled /middleware in 896ms (750 modules)
 GET / 200 in 846ms
 GET /api/products 200 in 1343ms
 GET /api/auth/signin?callbackUrl=%2Fpos 302 in 173ms
 GET /api/auth/signin?callbackUrl=%2Fproducts 302 in 143ms
 GET /api/auth/session 200 in 1499ms
 GET /api/products 200 in 67ms
 ✓ Compiled /api/customers in 248ms (578 modules)
 GET /api/customers 200 in 419ms
 GET /api/auth/session 200 in 222ms
 GET /?callbackUrl=https%3A%2F%2F247ac79fd.preview.abacusai.app%2Fpos 200 in 322ms
 GET /?callbackUrl=https%3A%2F%2F247ac79fd.preview.abacusai.app%2Fproducts 200 in 329ms
 GET /api/auth/signin?callbackUrl=%2Fdashboard 302 in 172ms
 GET /api/customers 200 in 44ms
 ○ Compiling /_not-found ...
 ✓ Compiled /_not-found in 525ms (895 modules)
 GET /offline 404 in 682ms
 GET /api/categories 200 in 780ms
 GET /?callbackUrl=https%3A%2F%2F247ac79fd.preview.abacusai.app%2Fdashboard 200 in 647ms
 GET /api/categories 200 in 42ms
 GET / 200 in 61ms
 GET / 200 in 45ms
 ✓ Compiled in 371ms (324 modules)
 ✓ Compiled in 297ms (324 modules)
[?25h
