  ▲ Next.js 14.2.28
  - Local:        http://localhost:3000
  - Environments: .env
  - Experiments (use with caution):
    · outputFileTracingRoot

 ✓ Starting...
 ✓ Ready in 1743ms
 ○ Compiling / ...
 ✓ Compiled / in 1455ms (629 modules)
 GET / 200 in 2146ms
 ✓ Compiled in 744ms (322 modules)
 ○ Compiling /api/auth/[...nextauth] ...
 ✓ Compiled /api/auth/[...nextauth] in 610ms (548 modules)
 GET /api/auth/providers 200 in 1078ms
 GET / 200 in 76ms
 ○ Compiling /middleware ...
 ✓ Compiled /middleware in 680ms (748 modules)
 GET /api/auth/session 200 in 776ms
 GET / 200 in 845ms
 GET /api/auth/signin?callbackUrl=%2Fpos 302 in 37ms
 GET /api/auth/signin?callbackUrl=%2Fproducts 302 in 35ms
 GET /api/auth/session 200 in 43ms
 GET /api/products 200 in 953ms
 GET /?callbackUrl=https%3A%2F%2F6dd0e2b0b.preview.abacusai.app%2Fpos 200 in 45ms
 ○ Compiling /_not-found ...
 ✓ Compiled /_not-found in 721ms (889 modules)
 GET /api/auth/signin?callbackUrl=%2Fdashboard 302 in 801ms
 GET /api/products 200 in 805ms
 GET /api/customers 200 in 870ms
 GET /offline 404 in 817ms
 GET /?callbackUrl=https%3A%2F%2F6dd0e2b0b.preview.abacusai.app%2Fproducts 200 in 874ms
 GET /?callbackUrl=https%3A%2F%2F6dd0e2b0b.preview.abacusai.app%2Fdashboard 200 in 74ms
 ✓ Compiled /api/categories in 154ms (579 modules)
 GET /api/customers 200 in 360ms
 GET /api/categories 200 in 387ms
 GET /api/categories 200 in 28ms
 GET /api/auth/csrf 200 in 47ms
 ✓ Compiled /api/signup in 176ms (581 modules)
 POST /api/signup 201 in 308ms
 GET / 200 in 48ms
 GET /api/auth/signin 302 in 46ms
 GET /?callbackUrl=https://6dd0e2b0b.preview.abacusai.app 200 in 34ms
 GET /api/auth/csrf 200 in 23ms
 POST /api/auth/callback/credentials 302 in 99ms
 ○ Compiling /dashboard ...
 ✓ Compiled /dashboard in 804ms (2133 modules)
 GET /dashboard 200 in 1020ms
 GET / 200 in 49ms
 GET /dashboard 200 in 48ms
 GET /api/products 200 in 46ms
 GET /api/auth/session 200 in 87ms
 ✓ Compiled /products in 309ms (1204 modules)
 ✓ Compiled in 729ms (1181 modules)
 GET /api/customers 200 in 1218ms
 GET /api/products 200 in 1223ms
 GET /api/auth/session 200 in 1306ms
 GET /api/sales/stats?period=today 200 in 1399ms
 GET / 200 in 1405ms
 GET /products 200 in 1345ms
 GET /pos 200 in 1355ms
 GET /api/products 200 in 52ms
 GET /api/customers 200 in 64ms
 GET /api/categories 200 in 72ms
 GET /offline 404 in 73ms
 GET /api/auth/session 200 in 106ms
 GET /api/sales/stats?period=today 200 in 110ms
 GET /api/products 200 in 83ms
 GET /api/customers 200 in 88ms
 GET /api/categories 200 in 85ms
 GET /dashboard 200 in 104ms
 GET /api/auth/session 200 in 71ms
 GET /api/customers 200 in 53ms
 GET /api/categories 200 in 52ms
 GET /api/auth/session 200 in 24ms
 GET /api/categories 200 in 25ms
 GET /api/auth/session 200 in 26ms
 GET /api/sales/stats?period=today 200 in 28ms
 GET /api/auth/session 200 in 25ms
 GET /api/sales/stats?period=today 200 in 30ms
 ○ Compiling /customers ...
 ✓ Compiled /customers in 1361ms (2688 modules)
 GET /products 200 in 1586ms
 GET /customers 200 in 1558ms
 GET /sales 200 in 1589ms
 GET /reports 200 in 1559ms
 GET /returns 200 in 1559ms
 GET /pos 200 in 1559ms
 GET /api/products 200 in 95ms
 GET /api/products? 200 in 140ms
 GET /api/categories 200 in 138ms
 GET /api/auth/session 200 in 104ms
 GET /api/customers 200 in 120ms
 ○ Compiling /api/returns ...
 ✓ Compiled /api/returns in 990ms (1489 modules)
 ✓ Compiled (1491 modules)
 GET /api/sales/stats?period=month 200 in 1756ms
 GET /api/customers 200 in 1440ms
 GET /api/sales?limit=50 200 in 1852ms
 GET /api/returns 200 in 1769ms
 GET /api/auth/session 200 in 1502ms
 GET /api/categories 200 in 1528ms
 GET /api/products 200 in 1846ms
 GET /api/products? 200 in 1531ms
 GET / 200 in 1880ms
 GET /pos 200 in 1468ms
 GET /products 200 in 1468ms
 GET /api/sales/stats?period=month 200 in 89ms
 GET /api/customers 200 in 57ms
 GET /api/returns 200 in 68ms
 GET /api/sales?limit=50 200 in 71ms
 GET /offline 404 in 70ms
 GET /api/products? 200 in 93ms
 GET /api/products 200 in 84ms
 GET /api/auth/session 200 in 102ms
 GET /api/customers 200 in 54ms
 GET /dashboard 200 in 76ms
 GET /api/products 200 in 58ms
 GET /api/products? 200 in 70ms
 GET /api/auth/session 200 in 44ms
 GET /api/customers 200 in 53ms
 GET /api/products 200 in 29ms
 GET /api/auth/session 200 in 56ms
 GET /api/customers 200 in 63ms
 GET /api/categories 200 in 68ms
 GET /api/products 200 in 48ms
 GET /api/auth/session 200 in 47ms
 GET /api/customers 200 in 50ms
 GET /api/categories 200 in 54ms
 GET /api/products 200 in 47ms
 GET /api/auth/session 200 in 44ms
 GET /api/customers 200 in 48ms
 GET /api/categories 200 in 51ms
 GET /api/products 200 in 52ms
 GET /api/auth/session 200 in 48ms
 GET /api/customers 200 in 54ms
 GET /api/categories 200 in 44ms
 GET /api/products 200 in 57ms
 GET /api/auth/session 200 in 58ms
 GET /api/categories 200 in 39ms
 GET /api/customers 200 in 50ms
 GET /api/products 200 in 55ms
 GET /api/auth/session 200 in 43ms
 GET /api/products 200 in 29ms
 GET /api/customers 200 in 44ms
 GET /api/categories 200 in 46ms
 GET /api/auth/session 200 in 55ms
 GET /api/products 200 in 39ms
 GET /api/customers 200 in 35ms
 GET /api/categories 200 in 37ms
 GET /api/auth/session 200 in 45ms
 GET /api/products 200 in 46ms
 GET /api/customers 200 in 46ms
 GET /api/categories 200 in 44ms
 GET /api/auth/session 200 in 55ms
 GET /api/products 200 in 68ms
 GET /api/categories 200 in 49ms
 GET /api/customers 200 in 81ms
 GET /api/auth/session 200 in 36ms
 GET /api/products 200 in 40ms
 GET /api/customers 200 in 47ms
 GET /api/categories 200 in 54ms
 GET /api/auth/session 200 in 49ms
 GET /api/products 200 in 58ms
 GET /api/customers 200 in 50ms
 GET /api/categories 200 in 56ms
 GET /api/auth/session 200 in 38ms
 GET /api/categories 200 in 31ms
 GET /api/auth/session 200 in 30ms
 GET /api/auth/session 200 in 45ms
 GET /api/auth/session 200 in 27ms
 GET /api/auth/session 200 in 37ms
 GET /api/auth/session 200 in 56ms
 GET /api/auth/session 200 in 75ms
 GET /api/auth/session 200 in 82ms
 GET /api/auth/session 200 in 40ms
 GET /api/auth/session 200 in 24ms
 GET /api/auth/session 200 in 24ms
 GET /api/auth/session 200 in 24ms
 ○ Compiling /returns/new ...
 ✓ Compiled /returns/new in 1280ms (2718 modules)
 GET /returns/new 200 in 1432ms
 GET /products/new 200 in 1501ms
 GET /products/cmk2q542q000tzywf71n8fpgb/edit 200 in 1879ms
 GET /products/cmk2q542u000zzywf0bab06vq/edit 200 in 1877ms
 GET /products/cmk2q542m000nzywfj2iqncqb/edit 200 in 1864ms
 GET /products/cmk2q542e000dzywfti80xzi6/edit 200 in 1864ms
 GET /products/cmk2q542x0013zywfj60baoq4/edit 200 in 1863ms
 GET /products/cmk2q542n000pzywfd02yxubo/edit 200 in 1853ms
 GET /products/cmk2q542t000xzywfnhtmpdjf/edit 200 in 1854ms
 GET /products/cmk2q542j000jzywfcepcxau3/edit 200 in 1854ms
 GET /products/cmk2q542l000lzywfv5wjz7ay/edit 200 in 1840ms
 GET /products/cmk2q542y0015zywfypruhymd/edit 200 in 1822ms
 GET /products/cmk2q542v0011zywffyjc2p68/edit 200 in 1822ms
 GET /products/cmk2q542r000vzywfwfem9ytq/edit 200 in 1822ms
 GET /products/cmk2q542p000rzywfpfa0j2t8/edit 200 in 1822ms
 GET /products/cmk2q542i000hzywfxx45z5d7/edit 200 in 1805ms
 GET /products/cmk2q542g000fzywf2f9exyjq/edit 200 in 1805ms
 GET /api/products 200 in 134ms
 GET /api/categories 200 in 144ms
 GET /api/auth/session 200 in 127ms
 GET / 200 in 250ms
 GET /api/products 200 in 156ms
 GET /api/categories 200 in 178ms
 GET /api/customers 200 in 182ms
 GET /api/auth/session 200 in 173ms
 GET /pos 200 in 297ms
 GET /products 200 in 301ms
 GET /api/products 200 in 191ms
 GET /offline 404 in 133ms
 GET /api/categories 200 in 194ms
 GET /api/customers 200 in 206ms
 GET /api/auth/session 200 in 208ms
 GET /dashboard 200 in 317ms
 GET /api/products 200 in 232ms
 GET /api/categories 200 in 330ms
 GET /api/customers 200 in 366ms
 GET /api/auth/session 200 in 361ms
 ○ Compiling /api/products/[id] ...
 ✓ Compiled /api/products/[id] in 1475ms (1913 modules)
 GET /api/products 200 in 2025ms
 GET /api/customers 200 in 1967ms
 GET /api/auth/session 200 in 1805ms
 GET /api/categories 200 in 1985ms
 GET /pos 200 in 1906ms
 GET /products 200 in 1908ms
 GET / 200 in 2127ms
 GET /api/products 200 in 257ms
 GET /api/customers 200 in 60ms
 GET /api/categories 200 in 71ms
 GET /api/auth/session 200 in 99ms
 GET /offline 404 in 52ms
 GET /api/products 200 in 85ms
 GET /api/categories 200 in 73ms
 GET /api/customers 200 in 106ms
 GET /dashboard 200 in 122ms
 GET /api/auth/session 200 in 131ms
 GET /api/products 200 in 115ms
 GET /api/categories 200 in 110ms
 GET /api/customers 200 in 110ms
 GET /api/auth/session 200 in 99ms
 GET /api/products/cmk2q542j000jzywfcepcxau3 200 in 2745ms
 GET /api/products/cmk2q542q000tzywf71n8fpgb 200 in 2745ms
 GET /api/products/cmk2q542x0013zywfj60baoq4 200 in 2741ms
 GET /api/products/cmk2q542r000vzywfwfem9ytq 200 in 2712ms
 GET /api/products/cmk2q542n000pzywfd02yxubo 200 in 2519ms
 GET /api/products/cmk2q542e000dzywfti80xzi6 200 in 2419ms
 GET /api/products/cmk2q542y0015zywfypruhymd 200 in 2412ms
 GET /api/products/cmk2q542p000rzywfpfa0j2t8 200 in 2409ms
 GET /api/products/cmk2q542t000xzywfnhtmpdjf 200 in 2339ms
 GET /api/products/cmk2q542l000lzywfv5wjz7ay 200 in 2308ms
 GET /api/products/cmk2q542u000zzywf0bab06vq 200 in 2260ms
 GET /api/products/cmk2q542g000fzywf2f9exyjq 200 in 2251ms
 GET /api/products/cmk2q542m000nzywfj2iqncqb 200 in 2205ms
 GET /api/products/cmk2q542v0011zywffyjc2p68 200 in 2171ms
 GET /api/products/cmk2q542i000hzywfxx45z5d7 200 in 2154ms
 GET /api/products 200 in 159ms
 GET /api/categories 200 in 159ms
 GET /api/customers 200 in 186ms
 GET /api/products/cmk2q542q000tzywf71n8fpgb 200 in 273ms
 GET /api/products/cmk2q542l000lzywfv5wjz7ay 200 in 271ms
 GET /api/products/cmk2q542y0015zywfypruhymd 200 in 271ms
 GET /api/products/cmk2q542j000jzywfcepcxau3 200 in 261ms
 GET /api/products/cmk2q542u000zzywf0bab06vq 200 in 261ms
 GET /api/products/cmk2q542i000hzywfxx45z5d7 200 in 261ms
 GET /api/products/cmk2q542p000rzywfpfa0j2t8 200 in 261ms
 GET /api/products/cmk2q542r000vzywfwfem9ytq 200 in 261ms
 GET /api/products/cmk2q542n000pzywfd02yxubo 200 in 258ms
 GET /api/products/cmk2q542t000xzywfnhtmpdjf 200 in 258ms
 GET /api/products/cmk2q542m000nzywfj2iqncqb 200 in 258ms
 GET /api/products/cmk2q542e000dzywfti80xzi6 200 in 258ms
 GET /api/products/cmk2q542g000fzywf2f9exyjq 200 in 255ms
 GET /api/products/cmk2q542v0011zywffyjc2p68 200 in 255ms
 GET /api/products/cmk2q542x0013zywfj60baoq4 200 in 253ms
 GET /api/auth/session 200 in 363ms
 GET /api/categories 200 in 328ms
 GET /api/products 200 in 373ms
 GET /api/customers 200 in 670ms
 GET /api/auth/session 200 in 733ms
 GET /api/categories 200 in 728ms
 GET /api/products 200 in 731ms
 GET /api/customers 200 in 157ms
 GET /api/auth/session 200 in 63ms
 GET /api/categories 200 in 62ms
 GET /api/products 200 in 71ms
 GET /api/customers 200 in 53ms
 GET /api/categories 200 in 95ms
 GET /api/products 200 in 226ms
 GET /api/products 200 in 216ms
 GET /api/products 200 in 216ms
 GET /api/products 200 in 214ms
 GET /api/auth/session 200 in 242ms
 GET /api/auth/session 200 in 237ms
 GET /api/categories 200 in 340ms
 GET /api/categories 200 in 337ms
 GET /api/categories 200 in 335ms
 GET /api/categories 200 in 318ms
 GET /api/categories 200 in 285ms
 GET /api/categories 200 in 311ms
 GET /api/products 200 in 305ms
 GET /api/products 200 in 303ms
 GET /api/categories 200 in 287ms
 GET /api/products 200 in 324ms
 GET /api/categories 200 in 312ms
 GET /api/categories 200 in 288ms
 GET /api/products 200 in 307ms
 GET /api/products 200 in 318ms
 GET /api/categories 200 in 318ms
 GET /api/categories 200 in 322ms
 GET /api/products 200 in 322ms
 GET /api/categories 200 in 312ms
 GET /api/products 200 in 319ms
 GET /api/products 200 in 325ms
 GET /api/categories 200 in 305ms
 GET /api/categories 200 in 310ms
 GET /api/products 200 in 326ms
 GET /api/categories 200 in 306ms
 GET /api/auth/session 200 in 309ms
 GET /api/products 200 in 306ms
 GET /api/categories 200 in 325ms
 GET /api/products 200 in 326ms
 GET /api/auth/session 200 in 324ms
 GET /api/categories 200 in 348ms
 GET /api/categories 200 in 330ms
 GET /api/categories 500 in 335ms
 GET /api/categories 200 in 338ms
 GET /api/products 200 in 344ms
 GET /api/categories 200 in 319ms
 GET /api/categories 200 in 338ms
[?25h
