  ▲ Next.js 14.2.28
  - Local:        http://localhost:3000
  - Environments: .env
  - Experiments (use with caution):
    · outputFileTracingRoot

 ✓ Starting...
 ✓ Ready in 1902ms
 ○ Compiling / ...
 ✓ Compiled / in 1809ms (629 modules)
 GET / 200 in 2221ms
 ✓ Compiled in 400ms (322 modules)
 GET / 200 in 45ms
 GET / 200 in 34ms
 GET / 200 in 36ms
 ○ Compiling /middleware ...
 ✓ Compiled /middleware in 1127ms (748 modules)
 GET / 200 in 1066ms
 GET /api/products 200 in 1519ms
 GET /api/auth/session 200 in 1688ms
 ○ Compiling /pos ...
 ✓ Compiled /api/customers in 2.2s (2631 modules)
 GET /api/auth/session 200 in 1784ms
 GET /api/customers 200 in 1877ms
 GET /api/products 200 in 2089ms
 GET /products 200 in 2588ms
 GET /dashboard 200 in 1967ms
 GET /pos 200 in 2590ms
 ○ Compiling /api/categories ...
 ✓ Compiled /api/categories in 552ms (2636 modules)
 GET /api/customers 200 in 679ms
 GET /offline 404 in 881ms
 GET /api/categories 200 in 722ms
 GET /api/categories 200 in 24ms
 ✓ Compiled /api/sales/stats in 415ms (1457 modules)
 GET /api/sales/stats?period=today 200 in 493ms
 GET /api/sales/stats?period=today 200 in 26ms
 GET / 200 in 69ms
 GET / 200 in 32ms
 GET / 200 in 38ms
 GET / 200 in 38ms
 GET / 200 in 39ms
 GET / 200 in 33ms
 GET / 200 in 36ms
 GET / 200 in 37ms
 GET / 200 in 34ms
 GET / 200 in 33ms
 GET /api/products 200 in 69ms
 GET /api/customers 200 in 32ms
 GET /api/categories 200 in 28ms
 GET / 200 in 34ms
 GET / 200 in 32ms
 GET / 200 in 34ms
 GET / 200 in 31ms
 GET / 200 in 35ms
 GET / 200 in 31ms
 GET / 200 in 34ms
 GET / 200 in 34ms
 GET /api/products 200 in 42ms
 GET /api/customers 200 in 32ms
 GET /api/categories 200 in 24ms
 GET /api/auth/session 200 in 54ms
 GET / 200 in 32ms
 GET / 200 in 38ms
 GET / 200 in 35ms
 GET / 200 in 33ms
 GET / 200 in 34ms
 GET / 200 in 34ms
 GET / 200 in 31ms
 GET / 200 in 37ms
 GET / 200 in 32ms
 GET / 200 in 36ms
 GET /api/products 200 in 56ms
 GET /api/customers 200 in 25ms
 GET /api/categories 200 in 26ms
 GET / 200 in 32ms
 GET / 200 in 33ms
 GET /api/auth/session 200 in 40ms
 GET / 200 in 41ms
 GET / 200 in 33ms
 GET /api/auth/session 200 in 52ms
 GET / 200 in 61ms
 GET / 200 in 32ms
 ✓ Compiled in 828ms (1498 modules)
[?25h
