  ▲ Next.js 14.2.28
  - Local:        http://localhost:3000
  - Environments: .env
  - Experiments (use with caution):
    · outputFileTracingRoot

 ✓ Starting...
 ✓ Ready in 1849ms
 ○ Compiling / ...
 ✓ Compiled / in 1782ms (629 modules)
 GET / 200 in 1979ms
 ✓ Compiled in 427ms (322 modules)
 ○ Compiling /api/auth/[...nextauth] ...
 ✓ Compiled /api/auth/[...nextauth] in 655ms (548 modules)
 GET /api/auth/providers 200 in 1142ms
 GET / 200 in 80ms
 ○ Compiling /middleware ...
 ✓ Compiled /middleware in 752ms (748 modules)
 GET /api/auth/session 200 in 925ms
 GET / 200 in 958ms
 GET /api/auth/signin?callbackUrl=%2Fproducts 302 in 42ms
 GET /api/auth/signin?callbackUrl=%2Fpos 302 in 42ms
 GET /api/auth/session 200 in 40ms
 GET /api/products 200 in 1038ms
 GET /api/products 200 in 61ms
 GET /?callbackUrl=https%3A%2F%2F6dd0e2b0b.preview.abacusai.app%2Fpos 200 in 72ms
 GET /?callbackUrl=https%3A%2F%2F6dd0e2b0b.preview.abacusai.app%2Fproducts 200 in 71ms
 ○ Compiling /_not-found ...
 ✓ Compiled /_not-found in 666ms (889 modules)
 GET /api/auth/signin?callbackUrl=%2Fdashboard 302 in 743ms
 GET /api/customers 200 in 814ms
 GET /offline 404 in 723ms
 GET /?callbackUrl=https%3A%2F%2F6dd0e2b0b.preview.abacusai.app%2Fdashboard 200 in 69ms
 GET /api/customers 200 in 43ms
 ✓ Compiled /api/categories in 188ms (579 modules)
 GET /api/categories 200 in 258ms
 GET /api/categories 200 in 30ms
 GET /api/auth/csrf 200 in 52ms
 ✓ Compiled /api/signup in 204ms (581 modules)
 POST /api/signup 201 in 338ms
 GET / 200 in 45ms
 GET /api/auth/signin 302 in 49ms
 GET /?callbackUrl=https://6dd0e2b0b.preview.abacusai.app 200 in 40ms
 GET /api/auth/csrf 200 in 25ms
 POST /api/auth/callback/credentials 302 in 106ms
 ○ Compiling /dashboard ...
 ✓ Compiled /dashboard in 1200ms (2133 modules)
 GET /dashboard 200 in 1446ms
 GET / 200 in 47ms
 GET /dashboard 200 in 321ms
 GET /api/products 200 in 55ms
 GET /api/auth/session 200 in 93ms
 GET / 200 in 160ms
 ✓ Compiled /products in 487ms (1204 modules)
 ✓ Compiled in 917ms (1181 modules)
 GET /api/customers 200 in 1654ms
 GET /api/products 200 in 1687ms
 GET /api/auth/session 200 in 1860ms
 GET /api/sales/stats?period=today 200 in 1957ms
 GET /dashboard 200 in 1670ms
 GET /products 200 in 1901ms
 GET /pos 200 in 1904ms
 GET /api/categories 200 in 159ms
 GET /api/products 200 in 96ms
 GET /api/customers 200 in 117ms
 GET /offline 404 in 48ms
 GET /api/auth/session 200 in 81ms
 GET /api/sales/stats?period=today 200 in 89ms
 GET /api/products 200 in 70ms
 GET /api/customers 200 in 64ms
 GET /api/categories 200 in 57ms
 GET /api/auth/session 200 in 46ms
 GET /api/categories 200 in 32ms
 GET /api/auth/session 200 in 32ms
 GET /api/auth/session 200 in 45ms
 GET /api/sales/stats?period=today 200 in 31ms
 GET /api/auth/session 200 in 27ms
 GET /api/customers 200 in 35ms
 GET /api/sales/stats?period=today 200 in 40ms
 GET /api/categories 200 in 25ms
 ○ Compiling /returns ...
 ✓ Compiled /returns in 1361ms (2688 modules)
 GET /products 200 in 1594ms
 GET /pos 200 in 1601ms
 GET /customers 200 in 1603ms
 GET /returns 200 in 1605ms
 GET /sales 200 in 1606ms
 GET /reports 200 in 1608ms
 GET /api/products? 200 in 271ms
 GET /api/products 200 in 271ms
 GET /api/auth/session 200 in 350ms
 GET /api/categories 200 in 370ms
 ○ Compiling /api/sales ...
 ✓ Compiled /api/sales in 947ms (1489 modules)
 ✓ Compiled (1491 modules)
 GET /api/customers 200 in 1516ms
 GET /api/sales/stats?period=month 200 in 1435ms
 GET /api/products 200 in 1334ms
 GET /api/products? 200 in 1335ms
 GET /api/categories 200 in 1319ms
 GET /api/auth/session 200 in 1313ms
 GET /api/returns 200 in 1560ms
 GET /api/sales?limit=50 200 in 1663ms
 GET / 200 in 1590ms
 GET /pos 200 in 1403ms
 GET /products 200 in 1414ms
 GET /api/customers 200 in 93ms
 GET /api/products 200 in 72ms
 GET /api/products? 200 in 70ms
 GET /api/auth/session 200 in 98ms
 GET /api/sales/stats?period=month 200 in 149ms
 GET /api/returns 200 in 111ms
 GET /api/sales?limit=50 200 in 111ms
 GET /offline 404 in 95ms
 GET /api/customers 200 in 69ms
 GET /api/products 200 in 68ms
 GET /api/products? 200 in 77ms
 GET /api/auth/session 200 in 86ms
 GET /dashboard 200 in 97ms
 GET /api/customers 200 in 47ms
 GET /api/products 200 in 47ms
 GET /api/auth/session 200 in 50ms
 GET /api/customers 200 in 57ms
 GET /api/products 200 in 38ms
 GET /api/auth/session 200 in 29ms
 GET /api/customers 200 in 42ms
 GET /api/categories 200 in 53ms
 GET /api/products 200 in 53ms
 GET /api/auth/session 200 in 45ms
 GET /api/customers 200 in 36ms
 GET /api/categories 200 in 35ms
 GET /api/products 200 in 44ms
 GET /api/auth/session 200 in 46ms
 GET /api/customers 200 in 45ms
 GET /api/categories 200 in 52ms
 GET /api/products 200 in 48ms
 GET /api/auth/session 200 in 42ms
 GET /api/customers 200 in 44ms
 GET /api/products 200 in 51ms
 GET /api/categories 200 in 53ms
 GET /api/auth/session 200 in 64ms
 GET /api/customers 200 in 60ms
 GET /api/products 200 in 46ms
 GET /api/categories 200 in 54ms
 GET /api/auth/session 200 in 50ms
 GET /api/customers 200 in 45ms
 GET /api/products 200 in 46ms
 GET /api/categories 200 in 53ms
 GET /api/auth/session 200 in 48ms
 GET /api/customers 200 in 54ms
 GET /api/products 200 in 40ms
 GET /api/categories 200 in 52ms
 GET /api/auth/session 200 in 56ms
 GET /api/customers 200 in 49ms
 GET /api/products 200 in 44ms
 GET /api/categories 200 in 43ms
 GET /api/auth/session 200 in 72ms
 GET /api/customers 200 in 85ms
 GET /api/products 200 in 75ms
 GET /api/categories 200 in 38ms
 GET /api/auth/session 200 in 26ms
 GET /api/products 200 in 39ms
 GET /api/customers 200 in 49ms
 GET /api/categories 200 in 52ms
 GET /api/auth/session 200 in 45ms
 GET /api/customers 200 in 32ms
 GET /api/categories 200 in 38ms
 GET /api/auth/session 200 in 32ms
 GET /api/categories 200 in 25ms
 GET /api/auth/session 200 in 25ms
 GET /api/auth/session 200 in 43ms
 GET /api/auth/session 200 in 25ms
 GET /api/auth/session 200 in 24ms
 GET /api/auth/session 200 in 31ms
 GET /api/auth/session 200 in 30ms
 GET /api/auth/session 200 in 82ms
 GET /api/auth/session 200 in 41ms
 GET /api/auth/session 200 in 38ms
 GET /api/auth/session 200 in 80ms
 ○ Compiling /returns/new ...
 ✓ Compiled /returns/new in 1349ms (2718 modules)
 GET /products/new 200 in 1582ms
 GET /returns/new 200 in 1517ms
 GET /products/cmk2q542q000tzywf71n8fpgb/edit 200 in 1977ms
 GET /products/cmk2q542x0013zywfj60baoq4/edit 200 in 1977ms
 GET /products/cmk2q542m000nzywfj2iqncqb/edit 200 in 1951ms
 GET /products/cmk2q542e000dzywfti80xzi6/edit 200 in 1951ms
 GET /products/cmk2q542t000xzywfnhtmpdjf/edit 200 in 1951ms
 GET /products/cmk2q542y0015zywfypruhymd/edit 200 in 1952ms
 GET /products/cmk2q542i000hzywfxx45z5d7/edit 200 in 1952ms
 GET /products/cmk2q542n000pzywfd02yxubo/edit 200 in 1951ms
 GET /products/cmk2q542j000jzywfcepcxau3/edit 200 in 1926ms
 GET /products/cmk2q542v0011zywffyjc2p68/edit 200 in 1994ms
 GET /products/cmk2q542r000vzywfwfem9ytq/edit 200 in 1903ms
 GET /products/cmk2q542u000zzywf0bab06vq/edit 200 in 1903ms
 GET /products/cmk2q542l000lzywfv5wjz7ay/edit 200 in 1903ms
 GET /products/cmk2q542p000rzywfpfa0j2t8/edit 200 in 1903ms
 GET /products/cmk2q542g000fzywf2f9exyjq/edit 200 in 1904ms
 GET /api/products 200 in 100ms
 GET /api/categories 200 in 140ms
 GET /api/auth/session 200 in 138ms
 GET /api/customers 200 in 645ms
 GET /api/products 200 in 650ms
 GET /api/categories 200 in 524ms
 GET / 200 in 803ms
 GET /api/auth/session 200 in 535ms
 GET /api/products 200 in 330ms
 GET /api/customers 200 in 322ms
 GET /pos 200 in 533ms
 GET /products 200 in 550ms
 GET /api/categories 200 in 288ms
 GET /api/auth/session 200 in 240ms
 GET /offline 404 in 217ms
 GET /api/customers 200 in 341ms
 GET /api/products 200 in 350ms
 GET /dashboard 200 in 413ms
 GET /api/categories 200 in 388ms
 GET /api/auth/session 200 in 444ms
 ○ Compiling /api/products/[id] ...
 ✓ Compiled /api/products/[id] in 1411ms (1913 modules)
 GET /api/customers 200 in 2072ms
 GET /api/products 200 in 2085ms
 GET /api/categories 200 in 2288ms
 GET /api/auth/session 200 in 2182ms
 GET / 200 in 2371ms
 GET /pos 200 in 2174ms
 GET /products 200 in 2178ms
 GET /api/products 200 in 422ms
 GET /api/customers 200 in 88ms
 GET /api/categories 200 in 86ms
 GET /api/auth/session 200 in 113ms
 GET /offline 404 in 89ms
 GET /api/products 200 in 101ms
 GET /api/customers 200 in 75ms
 GET /api/categories 200 in 93ms
 GET /api/auth/session 200 in 139ms
 GET /dashboard 200 in 169ms
 GET /api/products 200 in 112ms
 GET /api/customers 200 in 111ms
 GET /api/categories 200 in 96ms
 GET /api/auth/session 200 in 58ms
 GET /api/products 200 in 53ms
 GET /api/customers 200 in 64ms
 GET /api/categories 200 in 69ms
 GET /api/products/cmk2q542v0011zywffyjc2p68 200 in 3047ms
 GET /api/products/cmk2q542j000jzywfcepcxau3 200 in 3047ms
 GET /api/products/cmk2q542x0013zywfj60baoq4 200 in 3001ms
 GET /api/products/cmk2q542y0015zywfypruhymd 200 in 2960ms
 GET /api/products/cmk2q542q000tzywf71n8fpgb 200 in 2939ms
 GET /api/products/cmk2q542i000hzywfxx45z5d7 200 in 2843ms
 GET /api/products/cmk2q542e000dzywfti80xzi6 200 in 2754ms
 GET /api/products/cmk2q542n000pzywfd02yxubo 200 in 2726ms
 GET /api/products/cmk2q542p000rzywfpfa0j2t8 200 in 2691ms
 GET /api/products/cmk2q542m000nzywfj2iqncqb 200 in 2664ms
 GET /api/products/cmk2q542l000lzywfv5wjz7ay 200 in 2615ms
 GET /api/products/cmk2q542r000vzywfwfem9ytq 200 in 2565ms
 GET /api/products/cmk2q542t000xzywfnhtmpdjf 200 in 2544ms
 GET /api/products/cmk2q542u000zzywf0bab06vq 200 in 2464ms
 GET /api/products/cmk2q542g000fzywf2f9exyjq 200 in 2241ms
 GET /api/auth/session 200 in 257ms
 GET /api/products 200 in 277ms
 GET /api/customers 200 in 301ms
 GET /api/categories 200 in 309ms
 GET /api/products/cmk2q542j000jzywfcepcxau3 200 in 440ms
 GET /api/products/cmk2q542x0013zywfj60baoq4 200 in 440ms
 GET /api/products/cmk2q542v0011zywffyjc2p68 200 in 440ms
 GET /api/products/cmk2q542l000lzywfv5wjz7ay 200 in 440ms
 GET /api/products/cmk2q542i000hzywfxx45z5d7 200 in 440ms
 GET /api/products/cmk2q542q000tzywf71n8fpgb 200 in 437ms
 GET /api/products/cmk2q542e000dzywfti80xzi6 200 in 436ms
 GET /api/products/cmk2q542r000vzywfwfem9ytq 200 in 436ms
 GET /api/products/cmk2q542m000nzywfj2iqncqb 200 in 347ms
 GET /api/products/cmk2q542u000zzywf0bab06vq 200 in 347ms
 GET /api/products/cmk2q542g000fzywf2f9exyjq 200 in 347ms
 GET /api/products/cmk2q542n000pzywfd02yxubo 200 in 347ms
 GET /api/products/cmk2q542t000xzywfnhtmpdjf 200 in 340ms
 GET /api/products/cmk2q542p000rzywfpfa0j2t8 200 in 338ms
 GET /api/auth/session 200 in 409ms
 GET /api/auth/session 200 in 412ms
 GET /api/auth/session 200 in 413ms
 GET /api/auth/session 200 in 414ms
 GET /api/auth/session 200 in 414ms
 GET /api/auth/session 200 in 415ms
 GET /api/auth/session 200 in 416ms
 GET /api/auth/session 200 in 417ms
 GET /api/auth/session 200 in 412ms
 GET /api/auth/session 200 in 411ms
 GET /api/auth/session 200 in 410ms
 GET /api/auth/session 200 in 401ms
 GET /api/auth/session 200 in 398ms
 GET /api/auth/session 200 in 381ms
 GET /api/auth/session 200 in 372ms
 GET /api/auth/session 200 in 364ms
 GET /api/categories 200 in 448ms
 GET /api/products 200 in 468ms
 GET /api/auth/session 200 in 515ms
 GET /api/auth/session 200 in 507ms
 GET /api/auth/session 200 in 499ms
 GET /api/auth/session 200 in 488ms
 GET /api/auth/session 200 in 482ms
 GET /api/auth/session 200 in 476ms
 GET /api/auth/session 200 in 475ms
 GET /api/auth/session 200 in 471ms
 GET /api/auth/session 200 in 448ms
 GET /api/auth/session 200 in 434ms
 GET /api/categories 200 in 479ms
 GET /api/categories 200 in 466ms
 GET /api/products 200 in 502ms
 GET /api/categories 200 in 378ms
 GET /api/categories 200 in 543ms
 GET /api/categories 200 in 537ms
 GET /api/categories 200 in 531ms
 GET /api/auth/session 200 in 565ms
 GET /api/auth/session 200 in 560ms
 GET /api/auth/session 200 in 555ms
 GET /api/auth/session 200 in 555ms
 GET /api/auth/session 200 in 556ms
 GET /api/auth/session 200 in 555ms
 GET /api/auth/session 200 in 549ms
 GET /api/products 200 in 411ms
 GET /api/categories 200 in 505ms
 GET /api/categories 200 in 505ms
 GET /api/categories 200 in 506ms
 GET /api/categories 200 in 507ms
 GET /api/categories 200 in 508ms
 GET /api/categories 200 in 509ms
 GET /api/categories 200 in 511ms
 GET /api/categories 200 in 511ms
 GET /api/products 200 in 218ms
 GET /api/products 200 in 217ms
 GET /api/products 200 in 219ms
 GET /api/auth/session 200 in 213ms
 GET /api/products 200 in 218ms
 GET /api/products 200 in 218ms
 GET /api/products 200 in 218ms
 GET /api/products 200 in 220ms
[?25h
