  ▲ Next.js 14.2.28
  - Local:        http://localhost:3000
  - Environments: .env
  - Experiments (use with caution):
    · outputFileTracingRoot

 ✓ Starting...
 ✓ Ready in 1423ms
 ○ Compiling / ...
 ✓ Compiled / in 1780ms (631 modules)
 GET / 200 in 2119ms
 ✓ Compiled in 399ms (323 modules)
 ✓ Compiled /api/auth/[...nextauth] in 493ms (549 modules)
 GET /api/auth/providers 200 in 957ms
 GET / 200 in 84ms
 ○ Compiling /middleware ...
 ✓ Compiled /middleware in 642ms (749 modules)
 GET /api/auth/session 200 in 834ms
 GET /api/products 200 in 881ms
 GET / 200 in 831ms
 GET /api/auth/signin?callbackUrl=%2Fpos 302 in 44ms
 GET /api/auth/signin?callbackUrl=%2Fproducts 302 in 57ms
 GET /api/auth/session 200 in 46ms
 GET /api/products 200 in 57ms
 ✓ Compiled /api/customers in 143ms (577 modules)
 GET /api/customers 200 in 322ms
 GET /api/auth/signin?callbackUrl=%2Fdashboard 302 in 311ms
 GET /?callbackUrl=https%3A%2F%2F9e2a0162a.preview.abacusai.app%2Fproducts 200 in 349ms
 GET /?callbackUrl=https%3A%2F%2F9e2a0162a.preview.abacusai.app%2Fpos 200 in 368ms
 GET /api/customers 200 in 49ms
 ✓ Compiled /_not-found in 501ms (893 modules)
 GET /api/categories 200 in 614ms
 GET /offline 404 in 570ms
 GET /?callbackUrl=https%3A%2F%2F9e2a0162a.preview.abacusai.app%2Fdashboard 200 in 613ms
 GET /api/categories 200 in 37ms
 GET /api/auth/csrf 200 in 54ms
 ✓ Compiled /api/signup in 190ms (582 modules)
 POST /api/signup 201 in 327ms
 GET / 200 in 48ms
 GET /api/auth/signin 302 in 52ms
 GET /?callbackUrl=https://9e2a0162a.preview.abacusai.app 200 in 38ms
 GET /api/auth/csrf 200 in 30ms
 POST /api/auth/callback/credentials 302 in 107ms
 ○ Compiling /dashboard ...
 ✓ Compiled /dashboard in 1499ms (2265 modules)
 GET /dashboard 200 in 1724ms
 GET / 200 in 43ms
 GET /dashboard 200 in 440ms
 GET /api/products 200 in 119ms
 GET /api/auth/session 200 in 229ms
 GET / 200 in 282ms
 ○ Compiling /api/stores ...
 ✓ Compiled /api/stores in 2.7s (3224 modules)
 GET /api/customers 200 in 2766ms
 GET /api/products 200 in 2780ms
 GET /api/auth/session 200 in 3044ms
 GET /api/stores 200 in 3059ms
 GET /pos 200 in 3254ms
 GET /dashboard 200 in 3010ms
 GET /products 200 in 3255ms
 GET /api/categories 200 in 148ms
 GET /api/products 200 in 170ms
 GET /api/customers 200 in 113ms
 GET /offline 404 in 62ms
 GET /api/auth/session 200 in 114ms
 GET /api/stores 200 in 111ms
 GET /api/categories 200 in 79ms
 GET /api/customers 200 in 79ms
 GET /api/products 200 in 89ms
 GET /api/auth/session 200 in 62ms
 GET /api/stores 200 in 59ms
 GET /api/categories 200 in 60ms
 GET /api/customers 200 in 63ms
 GET /api/auth/session 200 in 94ms
 ✓ Compiled /api/sales/stats in 463ms (1773 modules)
 GET /api/stores 200 in 810ms
 GET /api/categories 200 in 812ms
 GET /api/auth/session 200 in 774ms
 GET /api/stores 200 in 732ms
 GET /api/sales/stats?period=today&storeId=cmk31myec0000shvdauq3yfvh 200 in 894ms
 GET /api/sales/stats?period=today&storeId=cmk31myec0000shvdauq3yfvh 200 in 739ms
 GET /api/sales/stats?period=today&storeId=cmk31myec0000shvdauq3yfvh 200 in 41ms
 ○ Compiling /returns ...
 ✓ Compiled /returns in 2.1s (3342 modules)
 GET /products 200 in 2472ms
 GET /inventory 200 in 2515ms
 GET /suppliers 200 in 2515ms
 GET /users 200 in 2511ms
 GET /sales 200 in 2477ms
 GET /customers 200 in 2477ms
 GET /returns 200 in 2481ms
 GET /pos 200 in 2489ms
 GET /reports 200 in 2490ms
 GET /api/products 200 in 160ms
 GET /api/auth/session 200 in 363ms
 ○ Compiling /api/returns ...
 ✓ Compiled /api/returns in 1421ms (1841 modules)
 ✓ Compiled (1851 modules)
 GET /api/stores 200 in 2173ms
 GET /api/products 200 in 2191ms
 GET /api/customers 200 in 2192ms
 GET /api/auth/session 200 in 2237ms
 GET /api/users 200 in 2741ms
 GET /api/inventory/low-stock 200 in 2417ms
 GET /api/suppliers 200 in 2634ms
 GET /api/inventory/transfers 200 in 2423ms
 GET /api/returns 200 in 2431ms
 GET /api/inventory/adjustments 200 in 2456ms
 GET /api/sales/stats?period=month 200 in 2463ms
 GET /pos 200 in 2435ms
 GET /products 200 in 2436ms
 GET / 200 in 2690ms
 GET /api/stores 200 in 207ms
 GET /api/products 200 in 248ms
 GET /api/customers 200 in 249ms
 GET /api/suppliers 200 in 281ms
 GET /api/returns 200 in 276ms
 GET /api/auth/session 200 in 281ms
 GET /api/inventory/transfers 200 in 290ms
 GET /api/users 200 in 291ms
 GET /api/inventory/low-stock 200 in 290ms
 GET /api/inventory/adjustments 200 in 338ms
 GET /offline 404 in 235ms
 GET /api/categories 200 in 326ms
 GET /api/sales/stats?period=month 200 in 352ms
 GET /api/products 200 in 261ms
 GET /api/products 200 in 247ms
 GET /api/products 200 in 184ms
 GET /api/auth/session 200 in 219ms
 GET /api/auth/session 200 in 219ms
 GET /api/auth/session 200 in 220ms
 GET /api/auth/session 200 in 221ms
 GET /api/auth/session 200 in 218ms
 GET /api/auth/session 200 in 216ms
 GET /api/auth/session 200 in 217ms
 GET /api/auth/session 200 in 209ms
 GET /api/auth/session 200 in 202ms
 GET /api/auth/session 200 in 200ms
 GET /api/auth/session 200 in 197ms
 GET /api/auth/session 200 in 197ms
 GET /api/auth/session 200 in 196ms
 GET /api/stores 200 in 306ms
 GET /api/products 200 in 308ms
 GET /api/products 200 in 304ms
 GET /api/products 200 in 304ms
 GET /api/products 200 in 301ms
 GET /api/customers 200 in 350ms
 GET /api/auth/session 200 in 356ms
 GET /api/auth/session 200 in 353ms
 GET /api/auth/session 200 in 353ms
 GET /api/auth/session 200 in 348ms
 GET /api/auth/session 200 in 346ms
 GET /dashboard 200 in 418ms
 GET /api/stores 200 in 331ms
 GET /api/products 200 in 457ms
 GET /api/products 200 in 453ms
 GET /api/products 200 in 442ms
 GET /api/products 200 in 438ms
 GET /api/products 200 in 435ms
 GET /api/products 200 in 436ms
 GET /api/products 200 in 438ms
 GET /api/products 200 in 439ms
 GET /api/auth/session 200 in 468ms
 GET /api/auth/session 200 in 465ms
 GET /api/auth/session 200 in 465ms
 GET /api/auth/session 200 in 460ms
 GET /api/auth/session 200 in 442ms
 GET /api/auth/session 200 in 439ms
 GET /api/auth/session 200 in 440ms
 GET /api/auth/session 200 in 441ms
 GET /api/auth/session 200 in 441ms
 GET /api/customers 200 in 449ms
 ○ Compiling /products/new ...
 ✓ Compiled /products/new in 1395ms (3367 modules)
 GET /products/new 200 in 1482ms
 GET /api/products 200 in 67ms
 GET /api/auth/session 200 in 104ms
 GET /api/categories 200 in 120ms
 GET /api/products 200 in 109ms
 GET /api/customers 200 in 120ms
 GET / 200 in 215ms
 GET /api/auth/session 200 in 157ms
 GET /api/categories 200 in 159ms
 GET /products 200 in 186ms
 GET /pos 200 in 187ms
 GET /api/stores 200 in 164ms
 GET /api/customers 200 in 92ms
 GET /offline 404 in 42ms
 GET /api/categories 200 in 95ms
 GET /api/stores 200 in 84ms
 GET /dashboard 200 in 109ms
 GET /api/categories 200 in 31ms
[?25h
