➤ YN0000: · Yarn 4.12.0
➤ YN0000: ┌ Resolution step
➤ YN0085: │ + react-hot-toast@npm:2.6.0
➤ YN0085: │ - react-hot-toast@npm:2.4.1
➤ YN0000: └ Completed in 0s 276ms
➤ YN0000: ┌ Post-resolution validation
➤ YN0060: │ @typescript-eslint/parser is listed by your project with version 7.0.0 (p6cb6c0), which doesn't satisfy what @typescript-eslint/eslint-plugin requests (^6.0.0-alpha).
➤ YN0060: │ eslint is listed by your project with version 9.24.0 (pe6e000), which doesn't satisfy what @typescript-eslint/eslint-plugin and other dependencies request (^8.57.0).
➤ YN0002: │ app@workspace:. doesn't provide prettier (pd88b5f), requested by eslint-plugin-prettier.
➤ YN0086: │ Some peer dependencies are incorrectly met by your project; run yarn explain peer-requirements <hash> for details, where <hash> is the six-letter p-prefixed code.
➤ YN0086: │ Some peer dependencies are incorrectly met by dependencies; run yarn explain peer-requirements for details.
➤ YN0000: └ Completed
➤ YN0000: ┌ Fetch step
➤ YN0013: │ A package was added to the project (+ 203.42 KiB).
➤ YN0000: └ Completed in 0s 913ms
➤ YN0000: ┌ Link step
➤ YN0000: └ Completed in 0s 275ms
➤ YN0000: · Done with warnings in 1s 622ms
Environment variables loaded from .env
Prisma schema loaded from prisma/schema.prisma

✔ Generated Prisma Client (v6.7.0) to ./node_modules/.prisma/client in 100ms

Start by importing your Prisma Client (See: https://pris.ly/d/importing-client)

Tip: Curious about the SQL queries Prisma ORM generates? Optimize helps you enhance your visibility: https://pris.ly/tip-2-optimize

Starting server...
  ▲ Next.js 14.2.28
  - Local:        http://localhost:3000
  - Environments: .env
  - Experiments (use with caution):
    · outputFileTracingRoot

 ✓ Starting...
 ✓ Ready in 1751ms
 ○ Compiling / ...
 ✓ Compiled / in 1682ms (565 modules)
 HEAD / 200 in 2015ms
 ✓ Compiled in 376ms (290 modules)
 GET / 200 in 49ms
 ✓ Compiled /api/auth/[...nextauth] in 416ms (516 modules)
 GET /api/auth/session 200 in 866ms
 GET /api/auth/session 200 in 52ms
 ✓ Compiled /middleware in 180ms (174 modules)
 ○ Compiling /dashboard ...
 ✓ Compiled /dashboard in 1184ms (2024 modules)
 ✓ Compiled /api/sales/stats in 187ms (1158 modules)
 GET /api/sales/stats?period=today 200 in 363ms
 GET /api/sales/stats?period=today 200 in 28ms
 GET / 200 in 73ms
 GET / 200 in 35ms
 GET / 200 in 33ms
 ✓ Compiled in 397ms (904 modules)
 ✓ Compiled in 259ms (904 modules)
 ✓ Compiled in 305ms (904 modules)
 ✓ Compiled in 411ms (905 modules)
 ✓ Compiled in 273ms (905 modules)
 ✓ Compiled in 491ms (905 modules)
 ✓ Compiled in 364ms (916 modules)
 ✓ Compiled in 391ms (916 modules)
 ✓ Compiled in 329ms (919 modules)
 ✓ Compiled in 255ms (919 modules)
 ✓ Compiled in 311ms (919 modules)
 ✓ Compiled in 243ms (919 modules)
 ✓ Compiled in 296ms (919 modules)
 ✓ Compiled in 302ms (919 modules)
 ✓ Compiled in 271ms (919 modules)
 ✓ Compiled in 246ms (919 modules)
 ✓ Compiled in 554ms (941 modules)
 ✓ Compiled in 192ms (929 modules)
[?25h
