  ▲ Next.js 14.2.28
  - Local:        http://localhost:3000
  - Environments: .env
  - Experiments (use with caution):
    · outputFileTracingRoot

 ✓ Starting...
 ✓ Ready in 1454ms
 ○ Compiling / ...
 ✓ Compiled / in 1773ms (631 modules)
 GET / 200 in 2133ms
 ✓ Compiled in 394ms (323 modules)
 ○ Compiling /api/auth/[...nextauth] ...
 ✓ Compiled /api/auth/[...nextauth] in 519ms (549 modules)
 GET /api/auth/providers 200 in 1037ms
 GET / 200 in 82ms
 ○ Compiling /middleware ...
 ✓ Compiled /middleware in 622ms (749 modules)
 GET /api/auth/session 200 in 721ms
 GET / 200 in 811ms
 GET /api/auth/session 200 in 86ms
 GET /api/products 200 in 893ms
 GET /api/auth/signin?callbackUrl=%2Fpos 302 in 49ms
 GET /api/auth/signin?callbackUrl=%2Fproducts 302 in 65ms
 GET /api/products 200 in 55ms
 ✓ Compiled /api/customers in 140ms (577 modules)
 GET /?callbackUrl=https%3A%2F%2F9e2a0162a.preview.abacusai.app%2Fpos 200 in 300ms
 GET /api/auth/signin?callbackUrl=%2Fdashboard 302 in 323ms
 GET /api/customers 200 in 365ms
 GET /?callbackUrl=https%3A%2F%2F9e2a0162a.preview.abacusai.app%2Fproducts 200 in 362ms
 GET /?callbackUrl=https%3A%2F%2F9e2a0162a.preview.abacusai.app%2Fdashboard 200 in 228ms
 ✓ Compiled /api/categories in 408ms (893 modules)
 GET /api/customers 200 in 481ms
 GET /offline 404 in 621ms
 GET /api/categories 200 in 529ms
 GET /api/categories 200 in 36ms
 GET /api/auth/csrf 200 in 55ms
 ✓ Compiled /api/signup in 143ms (582 modules)
 POST /api/signup 201 in 281ms
 GET / 200 in 57ms
 GET /api/auth/signin 302 in 54ms
 GET /?callbackUrl=https://9e2a0162a.preview.abacusai.app 200 in 45ms
 GET /api/auth/csrf 200 in 35ms
 POST /api/auth/callback/credentials 302 in 123ms
 ○ Compiling /dashboard ...
 ✓ Compiled /dashboard in 1556ms (2265 modules)
 GET /dashboard 200 in 1808ms
 GET / 200 in 105ms
 GET /dashboard 200 in 68ms
 GET /api/products 200 in 66ms
 GET /api/auth/session 200 in 114ms
 GET /api/products 200 in 211ms
 GET / 200 in 303ms
 ○ Compiling /api/stores ...
 ✓ Compiled /api/stores in 2.6s (3224 modules)
 GET /api/customers 200 in 2756ms
 GET /api/products 200 in 2654ms
 GET /api/stores 200 in 3022ms
 GET /api/auth/session 200 in 3064ms
 GET /pos 200 in 3106ms
 GET /dashboard 200 in 2728ms
 GET /products 200 in 3110ms
 GET /api/customers 200 in 137ms
 GET /api/products 200 in 93ms
 GET /api/categories 200 in 94ms
 GET /offline 404 in 59ms
 GET /api/stores 200 in 101ms
 GET /api/auth/session 200 in 105ms
 GET /api/customers 200 in 85ms
 GET /api/categories 200 in 82ms
 GET /api/auth/session 200 in 287ms
 GET /api/stores 200 in 328ms
 GET /api/categories 200 in 192ms
 GET /api/customers 200 in 209ms
 GET /api/auth/session 200 in 114ms
 ○ Compiling /api/sales/stats ...
 ✓ Compiled /api/sales/stats in 735ms (1773 modules)
 GET /api/stores 200 in 1088ms
 GET /api/auth/session 200 in 954ms
 GET /api/auth/session 200 in 1016ms
 GET /api/categories 200 in 1121ms
 GET /api/sales/stats?period=today&storeId=cmk31myec0000shvdauq3yfvh 200 in 1160ms
 GET /api/sales/stats?period=today&storeId=cmk31myec0000shvdauq3yfvh 200 in 992ms
 GET /api/stores 200 in 73ms
 GET /api/sales/stats?period=today&storeId=cmk31myec0000shvdauq3yfvh 200 in 74ms
 GET /api/sales/stats?period=today&storeId=cmk31myec0000shvdauq3yfvh 200 in 50ms
 ○ Compiling /reports ...
 ✓ Compiled /reports in 2s (3342 modules)
 GET /pos 200 in 2415ms
 GET /suppliers 200 in 2439ms
 GET /sales 200 in 2416ms
 GET /users 200 in 2438ms
 GET /inventory 200 in 2439ms
 GET /returns 200 in 2418ms
 GET /reports 200 in 2388ms
 GET /customers 200 in 2389ms
 GET /products 200 in 2392ms
 ○ Compiling /api/returns ...
 ✓ Compiled /api/returns in 841ms (1841 modules)
 ✓ Compiled (1851 modules)
 GET /api/products 200 in 1712ms
 GET /api/auth/session 200 in 1671ms
 GET /api/customers 200 in 1609ms
 GET /api/stores 200 in 1865ms
 GET /api/inventory/transfers 200 in 1871ms
 GET /api/returns 200 in 1763ms
 GET /api/suppliers 200 in 1953ms
 GET /api/inventory/adjustments 200 in 1886ms
 GET /api/users 200 in 1878ms
 GET /api/inventory/low-stock 200 in 1894ms
 GET /api/sales/stats?period=month 200 in 1739ms
 GET /products 200 in 1787ms
 GET /pos 200 in 1758ms
 GET / 200 in 1883ms
 GET /api/products 200 in 106ms
 GET /api/auth/session 200 in 141ms
 GET /api/customers 200 in 167ms
 GET /api/returns 200 in 177ms
 GET /offline 404 in 132ms
 GET /api/stores 200 in 181ms
 GET /api/inventory/transfers 200 in 181ms
 GET /api/inventory/adjustments 200 in 190ms
 GET /api/suppliers 200 in 195ms
 GET /api/inventory/low-stock 200 in 199ms
 GET /api/sales/stats?period=month 200 in 206ms
 GET /api/users 200 in 192ms
 GET /api/products 200 in 129ms
 GET /api/customers 200 in 149ms
 GET /api/auth/session 200 in 149ms
 GET /dashboard 200 in 132ms
 GET /api/stores 200 in 131ms
 GET /api/products 200 in 51ms
 GET /api/auth/session 200 in 88ms
 GET /api/customers 200 in 109ms
 GET /api/categories 200 in 107ms
 GET /api/stores 200 in 97ms
 GET /api/products 200 in 89ms
 GET /api/auth/session 200 in 68ms
 GET /api/customers 200 in 74ms
 GET /api/categories 200 in 69ms
 GET /api/stores 200 in 76ms
 GET /api/products 200 in 64ms
 GET /api/auth/session 200 in 43ms
 GET /api/categories 200 in 80ms
 GET /api/customers 200 in 81ms
 GET /api/stores 200 in 76ms
 GET /api/products 200 in 91ms
 GET /api/auth/session 200 in 108ms
 GET /api/categories 200 in 105ms
 GET /api/customers 200 in 106ms
 GET /api/stores 200 in 136ms
 GET /api/products 200 in 127ms
 GET /api/auth/session 200 in 102ms
 GET /api/customers 200 in 75ms
 GET /api/categories 200 in 81ms
 ✓ Compiled /api/sales in 439ms (1853 modules)
 GET /api/products 200 in 996ms
 GET /api/stores 200 in 1012ms
 GET /api/customers 200 in 970ms
 GET /api/sales?storeId=cmk31myec0000shvdauq3yfvh&limit=50 200 in 1048ms
 GET /api/categories 200 in 971ms
 GET /api/auth/session 200 in 1166ms
 GET /api/auth/session 200 in 655ms
 GET /api/auth/session 200 in 655ms
 GET /api/auth/session 200 in 656ms
 GET /api/auth/session 200 in 656ms
 GET /api/auth/session 200 in 650ms
 GET /api/auth/session 200 in 651ms
 GET /api/auth/session 200 in 652ms
 GET /api/auth/session 200 in 653ms
 GET /api/auth/session 200 in 650ms
 GET /api/auth/session 200 in 651ms
 GET /api/auth/session 200 in 648ms
 GET /api/auth/session 200 in 646ms
 GET /api/auth/session 200 in 645ms
 GET /api/auth/session 200 in 646ms
 GET /api/auth/session 200 in 640ms
 GET /api/auth/session 200 in 640ms
 GET /api/auth/session 200 in 641ms
 GET /api/auth/session 200 in 639ms
 GET /api/auth/session 200 in 638ms
 GET /api/auth/session 200 in 620ms
 GET /api/auth/session 200 in 620ms
 GET /api/auth/session 200 in 617ms
 GET /api/auth/session 200 in 614ms
 GET /api/auth/session 200 in 615ms
 GET /api/auth/session 200 in 616ms
 GET /api/auth/session 200 in 617ms
 GET /api/auth/session 200 in 618ms
 GET /api/auth/session 200 in 617ms
 GET /api/auth/session 200 in 616ms
 GET /api/stores 200 in 253ms
 GET /api/categories 200 in 100ms
 GET /api/inventory/transfers?storeId=cmk31myec0000shvdauq3yfvh 200 in 108ms
 GET /api/products?storeId=cmk31myec0000shvdauq3yfvh 200 in 108ms
 GET /api/inventory/low-stock?storeId=cmk31myec0000shvdauq3yfvh 200 in 286ms
 GET /api/inventory/adjustments?storeId=cmk31myec0000shvdauq3yfvh 200 in 120ms
 GET /api/stores 200 in 50ms
 GET /api/sales?storeId=cmk31myec0000shvdauq3yfvh&limit=50 200 in 59ms
 GET /api/inventory/adjustments?storeId=cmk31myec0000shvdauq3yfvh 200 in 76ms
 GET /api/inventory/transfers?storeId=cmk31myec0000shvdauq3yfvh 200 in 82ms
 GET /api/products?storeId=cmk31myec0000shvdauq3yfvh 200 in 85ms
 GET /api/stores 200 in 86ms
 GET /api/inventory/low-stock?storeId=cmk31myec0000shvdauq3yfvh 200 in 93ms
 GET /api/stores 200 in 36ms
 GET /api/stores 200 in 46ms
 GET /api/sales?storeId=cmk31myec0000shvdauq3yfvh&limit=50 200 in 49ms
 GET /api/stores 200 in 75ms
 GET /api/inventory/transfers?storeId=cmk31myec0000shvdauq3yfvh 200 in 92ms
 GET /api/products?storeId=cmk31myec0000shvdauq3yfvh 200 in 93ms
 GET /api/inventory/adjustments?storeId=cmk31myec0000shvdauq3yfvh 200 in 94ms
 GET /api/inventory/low-stock?storeId=cmk31myec0000shvdauq3yfvh 200 in 94ms
 GET /api/stores 200 in 52ms
 GET /api/inventory/transfers?storeId=cmk31myec0000shvdauq3yfvh 200 in 77ms
 GET /api/products?storeId=cmk31myec0000shvdauq3yfvh 200 in 74ms
 GET /api/inventory/adjustments?storeId=cmk31myec0000shvdauq3yfvh 200 in 96ms
 GET /api/inventory/low-stock?storeId=cmk31myec0000shvdauq3yfvh 200 in 85ms
 GET /api/stores 200 in 58ms
 GET /api/inventory/transfers?storeId=cmk31myec0000shvdauq3yfvh 200 in 71ms
 GET /api/products?storeId=cmk31myec0000shvdauq3yfvh 200 in 83ms
 GET /api/inventory/adjustments?storeId=cmk31myec0000shvdauq3yfvh 200 in 76ms
 GET /api/inventory/low-stock?storeId=cmk31myec0000shvdauq3yfvh 200 in 79ms
 GET /api/stores 200 in 72ms
 GET /api/sales?storeId=cmk31myec0000shvdauq3yfvh&limit=50 200 in 73ms
 GET /api/stores 200 in 31ms
 GET /api/stores 200 in 32ms
 GET /api/stores 200 in 33ms
 ✓ Compiled in 1014ms (3369 modules)
[?25h
