  ▲ Next.js 14.2.28
  - Local:        http://localhost:3000
  - Environments: .env
  - Experiments (use with caution):
    · outputFileTracingRoot

 ✓ Starting...
 ✓ Ready in 1347ms
 ○ Compiling / ...
 ✓ Compiled / in 1793ms (633 modules)
 GET / 200 in 2137ms
 ✓ Compiled in 392ms (324 modules)
 ✓ Compiled /api/auth/[...nextauth] in 424ms (550 modules)
 GET /api/auth/providers 200 in 905ms
 GET / 200 in 89ms
 ○ Compiling /middleware ...
 ✓ Compiled /middleware in 653ms (750 modules)
 GET /api/auth/session 200 in 840ms
 GET /api/products 200 in 904ms
 GET / 200 in 853ms
 GET /api/auth/signin?callbackUrl=%2Fpos 302 in 50ms
 GET /api/auth/signin?callbackUrl=%2Fproducts 302 in 80ms
 GET /api/auth/session 200 in 77ms
 ✓ Compiled /api/customers in 171ms (578 modules)
 GET /api/products 200 in 344ms
 GET /api/auth/signin?callbackUrl=%2Fdashboard 302 in 286ms
 GET /api/customers 200 in 406ms
 GET /?callbackUrl=https%3A%2F%2F247ac79fd.preview.abacusai.app%2Fproducts 200 in 339ms
 GET /?callbackUrl=https%3A%2F%2F247ac79fd.preview.abacusai.app%2Fpos 200 in 366ms
 GET /?callbackUrl=https%3A%2F%2F247ac79fd.preview.abacusai.app%2Fdashboard 200 in 55ms
 GET /api/customers 200 in 96ms
 ✓ Compiled /api/categories in 303ms (895 modules)
 GET /offline 404 in 528ms
 GET /api/categories 200 in 550ms
 GET /api/categories 200 in 44ms
 GET /api/auth/csrf 200 in 62ms
 ✓ Compiled /api/signup in 165ms (583 modules)
 POST /api/signup 201 in 312ms
 GET / 200 in 59ms
 GET /api/auth/signin 302 in 54ms
 GET /?callbackUrl=https://247ac79fd.preview.abacusai.app 200 in 46ms
 GET /api/auth/csrf 200 in 35ms
 POST /api/auth/callback/credentials 302 in 128ms
 ○ Compiling /dashboard ...
 ✓ Compiled /dashboard in 2.5s (2287 modules)
 GET /dashboard 200 in 2780ms
 GET / 200 in 110ms
 GET /dashboard 200 in 71ms
 GET /api/products 200 in 266ms
 GET /api/auth/session 200 in 367ms
 GET / 200 in 221ms
 GET /api/customers 200 in 96ms
 ○ Compiling /api/stores ...
 ✓ Compiled /api/stores in 3.9s (3358 modules)
 GET /api/products 200 in 4025ms
 GET /api/auth/session 200 in 4091ms
 GET /api/categories 200 in 4030ms
 GET /api/stores 200 in 4321ms
 GET /products 200 in 4383ms
 GET /dashboard 200 in 4270ms
 GET /pos 200 in 4384ms
 GET /api/customers 200 in 266ms
 GET /offline 404 in 26ms
 GET /api/stores 200 in 63ms
 GET /api/categories 200 in 52ms
 GET /api/customers 200 in 69ms
 ✓ Compiled /api/auth/validate-session in 341ms (1840 modules)
 GET /api/categories 200 in 691ms
 GET /api/products?storeId=cmk31myec0000shvdauq3yfvh 200 in 700ms
 POST /api/auth/validate-session 200 in 733ms
 POST /api/auth/validate-session 200 in 731ms
 GET /api/customers 200 in 638ms
 GET /api/categories 200 in 47ms
 GET /api/products?storeId=cmk31myec0000shvdauq3yfvh 200 in 56ms
 ○ Compiling /returns ...
 ✓ Compiled /returns in 1723ms (3440 modules)
 GET /pos 200 in 1953ms
 GET /users 200 in 1993ms
 GET /sales 200 in 1953ms
 GET /customers 200 in 1953ms
 GET /reports 200 in 1952ms
 GET /returns 200 in 1953ms
 GET /products 200 in 1954ms
 ○ Compiling /api/returns ...
 ✓ Compiled /api/returns in 1371ms (1888 modules)
 ✓ Compiled (1892 modules)
 GET /api/products 200 in 1915ms
 GET /api/auth/session 200 in 1909ms
 GET /api/stores 200 in 1919ms
 GET /api/customers 200 in 1809ms
 GET /api/returns 200 in 1739ms
 GET /api/users 200 in 2059ms
 GET /api/sales/stats?period=month 200 in 2064ms
 GET /pos 200 in 1870ms
 GET /products 200 in 1872ms
 GET / 200 in 1938ms
 GET /api/products 200 in 111ms
 POST /api/auth/validate-session 200 in 146ms
 GET /api/customers 200 in 128ms
 GET /api/returns 200 in 129ms
 GET /api/stores 200 in 157ms
 GET /api/auth/session 200 in 129ms
 GET /offline 404 in 90ms
 GET /api/users 200 in 153ms
 GET /api/sales/stats?period=month 200 in 144ms
 GET /api/products 200 in 102ms
 GET /api/customers 200 in 97ms
 GET /api/stores 200 in 91ms
 GET /dashboard 200 in 162ms
 GET /api/auth/session 200 in 137ms
 GET /api/products 200 in 95ms
 GET /api/categories 200 in 101ms
 GET /api/customers 200 in 102ms
 GET /api/stores 200 in 80ms
 GET /api/auth/session 200 in 81ms
 POST /api/auth/validate-session 200 in 105ms
 GET /api/products 200 in 99ms
 GET /api/categories 200 in 101ms
 GET /api/customers 200 in 103ms
 GET /api/stores 200 in 132ms
 POST /api/auth/validate-session 200 in 103ms
 GET /api/auth/session 200 in 117ms
 GET /api/products 200 in 111ms
 GET /api/customers 200 in 135ms
 GET /api/categories 200 in 129ms
 GET /api/stores 200 in 139ms
 ✓ Compiled /api/sales in 446ms (1894 modules)
 GET /api/auth/session 200 in 941ms
 GET /api/products 200 in 441ms
 GET /api/products 200 in 431ms
 GET /api/customers 200 in 957ms
 GET /api/auth/session 200 in 426ms
 GET /api/auth/session 200 in 400ms
 GET /api/auth/session 200 in 299ms
 GET /api/categories 200 in 963ms
 GET /api/products 200 in 992ms
 GET /api/products 200 in 444ms
 GET /api/products 200 in 440ms
 GET /api/sales?storeId=cmk31myec0000shvdauq3yfvh&limit=50 200 in 1104ms
 POST /api/auth/validate-session 200 in 991ms
 GET /api/stores 200 in 943ms
 GET /api/auth/session 200 in 52ms
 GET /api/stores 200 in 62ms
 GET /api/sales?storeId=cmk31myec0000shvdauq3yfvh&limit=50 200 in 48ms
 GET /api/stores 200 in 43ms
 GET /api/sales?storeId=cmk31myec0000shvdauq3yfvh&limit=50 200 in 42ms
[?25h
