  ▲ Next.js 14.2.28
  - Local:        http://localhost:3000
  - Environments: .env
  - Experiments (use with caution):
    · outputFileTracingRoot

 ✓ Starting...
 ✓ Ready in 2.4s
 ○ Compiling / ...
 ✓ Compiled / in 3s (640 modules)
 GET / 200 in 3433ms
 ✓ Compiled in 430ms (324 modules)
 GET / 200 in 87ms
 GET / 200 in 44ms
 GET / 200 in 46ms
 ○ Compiling /middleware ...
 ✓ Compiled /middleware in 1043ms (750 modules)
 GET / 200 in 1003ms
 GET /api/products 200 in 1453ms
 GET /api/auth/signin?callbackUrl=%2Fpos 302 in 88ms
 GET /api/auth/signin?callbackUrl=%2Fproducts 302 in 87ms
 GET /api/auth/session 200 in 1598ms
 GET /api/products 200 in 35ms
 GET /api/auth/session 200 in 58ms
 GET /?callbackUrl=https%3A%2F%2F247ac79fd.preview.abacusai.app%2Fproducts 200 in 99ms
 GET /?callbackUrl=https%3A%2F%2F247ac79fd.preview.abacusai.app%2Fpos 200 in 98ms
 ✓ Compiled /api/customers in 197ms (578 modules)
 GET /api/auth/signin?callbackUrl=%2Fdashboard 302 in 417ms
 GET /api/customers 200 in 505ms
 ✓ Compiled /_not-found in 492ms (893 modules)
 GET /offline 404 in 578ms
 ✓ Compiled /api/categories in 176ms (581 modules)
 GET /api/customers 200 in 464ms
 GET /?callbackUrl=https%3A%2F%2F247ac79fd.preview.abacusai.app%2Fdashboard 200 in 494ms
 GET /api/categories 200 in 478ms
 GET /api/categories 200 in 37ms
 GET / 200 in 44ms
 GET / 200 in 40ms
