  ▲ Next.js 14.2.28
  - Local:        http://localhost:3000
  - Environments: .env
  - Experiments (use with caution):
    · outputFileTracingRoot

 ✓ Starting...
 ✓ Ready in 1587ms
 ○ Compiling / ...
 ✓ Compiled / in 2.6s (635 modules)
 GET / 200 in 3046ms
 ✓ Compiled in 444ms (325 modules)
 GET / 200 in 50ms
 GET / 200 in 45ms
 GET / 200 in 45ms
 ○ Compiling /middleware ...
 ✓ Compiled /middleware in 1023ms (751 modules)
 GET / 200 in 957ms
 GET /api/products 200 in 1413ms
 GET /api/auth/signin?callbackUrl=%2Fproducts 302 in 116ms
 GET /api/auth/signin?callbackUrl=%2Fpos 302 in 113ms
 GET /api/auth/session 200 in 1594ms
 GET /api/products 200 in 41ms
 GET /?callbackUrl=https%3A%2F%2F247ac79fd.preview.abacusai.app%2Fpos 200 in 67ms
 GET /api/auth/session 200 in 79ms
 GET /?callbackUrl=https%3A%2F%2F247ac79fd.preview.abacusai.app%2Fproducts 200 in 93ms
 GET /api/auth/signin?callbackUrl=%2Fdashboard 302 in 38ms
 ✓ Compiled /api/customers in 393ms (895 modules)
 GET /?callbackUrl=https%3A%2F%2F247ac79fd.preview.abacusai.app%2Fdashboard 200 in 533ms
 GET /api/customers 200 in 657ms
 GET /offline 404 in 652ms
 ✓ Compiled /api/categories in 154ms (582 modules)
 GET /api/customers 200 in 331ms
 GET /api/categories 200 in 353ms
 GET /api/categories 200 in 32ms
 GET / 200 in 53ms
 GET / 200 in 39ms
 GET / 200 in 43ms
 GET / 200 in 42ms
 GET / 200 in 41ms
 GET / 200 in 38ms
 GET /api/auth/session 200 in 75ms
 GET /api/products 200 in 84ms
 GET / 200 in 46ms
 GET /api/products 200 in 51ms
 GET /api/auth/session 200 in 78ms
 GET /api/customers 200 in 74ms
 GET /api/auth/signin?callbackUrl=%2Fproducts 302 in 54ms
 GET /api/auth/signin?callbackUrl=%2Fpos 302 in 54ms
 GET /api/customers 200 in 43ms
 GET /api/categories 200 in 42ms
 GET /?callbackUrl=https%3A%2F%2F247ac79fd.preview.abacusai.app%2Fproducts 200 in 59ms
 GET /api/auth/signin?callbackUrl=%2Fdashboard 302 in 59ms
 GET /?callbackUrl=https%3A%2F%2F247ac79fd.preview.abacusai.app%2Fpos 200 in 70ms
 GET /api/categories 200 in 31ms
 GET /offline 404 in 18ms
 GET /?callbackUrl=https%3A%2F%2F247ac79fd.preview.abacusai.app%2Fdashboard 200 in 38ms
 GET / 200 in 41ms
 GET / 200 in 38ms
 GET / 200 in 39ms
 GET / 200 in 44ms
 GET /api/auth/session 200 in 51ms
 GET /api/products 200 in 64ms
 GET / 200 in 45ms
 GET /api/customers 200 in 49ms
 GET /api/auth/session 200 in 60ms
 GET /api/products 200 in 69ms
 GET /api/auth/signin?callbackUrl=%2Fpos 302 in 55ms
 GET /api/auth/signin?callbackUrl=%2Fproducts 302 in 65ms
 GET /api/categories 200 in 37ms
 GET /api/customers 200 in 33ms
 GET /api/auth/signin?callbackUrl=%2Fdashboard 302 in 66ms
 GET /?callbackUrl=https%3A%2F%2F247ac79fd.preview.abacusai.app%2Fpos 200 in 82ms
 GET /?callbackUrl=https%3A%2F%2F247ac79fd.preview.abacusai.app%2Fproducts 200 in 85ms
 GET /api/categories 200 in 37ms
 GET /offline 404 in 25ms
 GET /?callbackUrl=https%3A%2F%2F247ac79fd.preview.abacusai.app%2Fdashboard 200 in 41ms
 GET / 200 in 37ms
 GET / 200 in 37ms
 GET / 200 in 37ms
 GET / 200 in 36ms
 GET / 200 in 39ms
 GET / 200 in 36ms
 GET / 200 in 38ms
 ✓ Compiled in 354ms (325 modules)
 ✓ Compiled in 240ms (325 modules)
 ✓ Compiled in 223ms (325 modules)
 ✓ Compiled in 232ms (325 modules)
 ✓ Compiled in 300ms (325 modules)
 ✓ Compiled in 220ms (325 modules)
 ✓ Compiled in 236ms (325 modules)
 ✓ Compiled in 238ms (325 modules)
 ✓ Compiled in 296ms (325 modules)
[?25h
