  ▲ Next.js 14.2.28
  - Local:        http://localhost:3000
  - Environments: .env
  - Experiments (use with caution):
    · outputFileTracingRoot

 ✓ Starting...
 ✓ Ready in 1531ms
 ○ Compiling / ...
 ✓ Compiled / in 1585ms (629 modules)
 GET / 200 in 1927ms
 ✓ Compiled in 431ms (322 modules)
 ○ Compiling /api/auth/[...nextauth] ...
 ✓ Compiled /api/auth/[...nextauth] in 543ms (548 modules)
 GET /api/auth/providers 200 in 1004ms
 GET / 200 in 78ms
 ○ Compiling /middleware ...
 ✓ Compiled /middleware in 689ms (748 modules)
 GET /api/auth/session 200 in 791ms
 GET / 200 in 885ms
 GET /api/auth/session 200 in 31ms
 GET /api/auth/signin?callbackUrl=%2Fpos 302 in 43ms
 GET /api/auth/signin?callbackUrl=%2Fproducts 302 in 43ms
 GET /api/products 200 in 962ms
 GET /api/products 200 in 42ms
 ✓ Compiled /api/customers in 146ms (576 modules)
 GET /api/auth/signin?callbackUrl=%2Fdashboard 302 in 329ms
 GET /?callbackUrl=https%3A%2F%2F6dd0e2b0b.preview.abacusai.app%2Fproducts 200 in 363ms
 GET /?callbackUrl=https%3A%2F%2F6dd0e2b0b.preview.abacusai.app%2Fpos 200 in 362ms
 GET /api/customers 200 in 376ms
 GET /?callbackUrl=https%3A%2F%2F6dd0e2b0b.preview.abacusai.app%2Fdashboard 200 in 164ms
 ✓ Compiled /api/categories in 434ms (891 modules)
 GET /api/customers 200 in 544ms
 GET /api/categories 200 in 650ms
 GET /offline 404 in 682ms
 GET /api/categories 200 in 34ms
 GET /api/auth/csrf 200 in 46ms
 ✓ Compiled /api/signup in 199ms (581 modules)
 POST /api/signup 201 in 332ms
 GET / 200 in 53ms
 GET /api/auth/signin 302 in 49ms
 GET /?callbackUrl=https://6dd0e2b0b.preview.abacusai.app 200 in 36ms
 GET /api/auth/csrf 200 in 24ms
 POST /api/auth/callback/credentials 302 in 100ms
 ○ Compiling /dashboard ...
 ✓ Compiled /dashboard in 1084ms (2133 modules)
 GET /dashboard 200 in 1298ms
 GET / 200 in 44ms
 GET /dashboard 200 in 50ms
 GET /api/products 200 in 117ms
 GET /api/auth/session 200 in 121ms
 ○ Compiling /products ...
 ✓ Compiled /products in 882ms (1204 modules)
 ✓ Compiled in 1099ms (1181 modules)
 GET /api/products 200 in 2302ms
 GET /api/customers 200 in 2268ms
 GET /api/auth/session 200 in 2438ms
 GET /api/sales/stats?period=today 200 in 2484ms
 GET / 200 in 2581ms
 GET /pos 200 in 2460ms
 GET /products 200 in 2461ms
 GET /api/categories 200 in 71ms
 GET /api/customers 200 in 112ms
 GET /api/products 200 in 114ms
 GET /offline 404 in 91ms
 GET /api/sales/stats?period=today 200 in 123ms
 GET /api/auth/session 200 in 128ms
 GET /dashboard 200 in 117ms
 GET /api/products 200 in 118ms
 GET /api/categories 200 in 131ms
 GET /api/customers 200 in 122ms
 GET /api/auth/session 200 in 72ms
 GET /api/customers 200 in 60ms
 GET /api/categories 200 in 67ms
 GET /api/auth/session 200 in 60ms
 GET /api/categories 200 in 36ms
 GET /api/auth/session 200 in 34ms
 GET /api/sales/stats?period=today 200 in 36ms
 GET /api/auth/session 200 in 32ms
 GET /api/sales/stats?period=today 200 in 34ms
 ○ Compiling /returns ...
 ✓ Compiled /returns in 1255ms (2688 modules)
 GET /pos 200 in 1466ms
 GET /products 200 in 1471ms
 GET /returns 200 in 1419ms
 GET /reports 200 in 1463ms
 GET /sales 200 in 1473ms
 GET /customers 200 in 1475ms
 GET /api/products? 200 in 107ms
 GET /api/products 200 in 122ms
 ✓ Compiled /api/sales in 443ms (1489 modules)
 ✓ Compiled (1491 modules)
 GET /api/customers 200 in 912ms
 GET /api/categories 200 in 920ms
 GET /api/auth/session 200 in 885ms
 GET /api/products? 200 in 831ms
 GET /api/products 200 in 803ms
 GET /api/sales?limit=50 200 in 994ms
 GET /api/returns 200 in 1010ms
 GET /api/sales/stats?period=month 200 in 938ms
 GET /products 200 in 917ms
 GET /pos 200 in 921ms
 GET / 200 in 1010ms
 GET /api/customers 200 in 112ms
 GET /api/products 200 in 88ms
 GET /api/products? 200 in 90ms
 GET /api/categories 200 in 133ms
 GET /api/auth/session 200 in 89ms
 GET /api/returns 200 in 114ms
 GET /api/sales?limit=50 200 in 127ms
 GET /api/sales/stats?period=month 200 in 127ms
 GET /offline 404 in 88ms
 GET /api/customers 200 in 239ms
 GET /api/products? 200 in 524ms
 GET /api/products 200 in 539ms
 GET /api/auth/session 200 in 1198ms
 GET /dashboard 200 in 1223ms
 GET /api/customers 200 in 1022ms
 GET /api/products 200 in 704ms
 GET /api/auth/session 200 in 66ms
 GET /api/customers 200 in 75ms
 GET /api/products 200 in 79ms
 GET /api/auth/session 200 in 56ms
 GET /api/customers 200 in 56ms
 GET /api/categories 200 in 73ms
 GET /api/products 200 in 74ms
 GET /api/auth/session 200 in 137ms
 GET /api/customers 200 in 123ms
 GET /api/categories 200 in 114ms
 GET /api/products 200 in 55ms
 GET /api/auth/session 200 in 39ms
 GET /api/customers 200 in 49ms
 GET /api/categories 200 in 63ms
 GET /api/products 200 in 60ms
 GET /api/auth/session 200 in 53ms
 GET /api/customers 200 in 42ms
 GET /api/categories 200 in 50ms
 GET /api/products 200 in 50ms
 GET /api/auth/session 200 in 50ms
 GET /api/customers 200 in 50ms
 GET /api/categories 200 in 53ms
 GET /api/products 200 in 44ms
 GET /api/auth/session 200 in 71ms
 GET /api/categories 200 in 39ms
 GET /api/customers 200 in 45ms
 GET /api/products 200 in 53ms
 GET /api/auth/session 200 in 27ms
 GET /api/products 200 in 41ms
 GET /api/categories 200 in 47ms
 GET /api/customers 200 in 49ms
 GET /api/auth/session 200 in 46ms
 GET /api/products 200 in 50ms
 GET /api/categories 200 in 55ms
 GET /api/customers 200 in 66ms
 GET /api/auth/session 200 in 90ms
 GET /api/products 200 in 94ms
 GET /api/customers 200 in 76ms
 GET /api/categories 200 in 91ms
 GET /api/auth/session 200 in 138ms
 GET /api/products 200 in 140ms
 GET /api/customers 200 in 135ms
 GET /api/categories 200 in 89ms
 GET /api/auth/session 200 in 67ms
 GET /api/customers 200 in 67ms
 GET /api/categories 200 in 42ms
 GET /api/auth/session 200 in 47ms
 GET /api/categories 200 in 30ms
 GET /api/auth/session 200 in 29ms
 GET /api/auth/session 200 in 60ms
 GET /api/auth/session 200 in 33ms
 GET /api/auth/session 200 in 43ms
 GET /api/auth/session 200 in 30ms
 GET /api/auth/session 200 in 25ms
 GET /api/auth/session 200 in 24ms
 GET /api/auth/session 200 in 25ms
 GET /api/auth/session 200 in 62ms
 GET /api/auth/session 200 in 56ms
 ○ Compiling /products/[id]/edit ...
 ✓ Compiled /products/[id]/edit in 1332ms (2710 modules)
 GET /products/new 200 in 1569ms
 GET /products/cmk2q542e000dzywfti80xzi6/edit 200 in 1956ms
 GET /products/cmk2q542y0015zywfypruhymd/edit 200 in 1955ms
 GET /products/cmk2q542t000xzywfnhtmpdjf/edit 200 in 1956ms
 GET /products/cmk2q542u000zzywf0bab06vq/edit 200 in 1941ms
 GET /products/cmk2q542g000fzywf2f9exyjq/edit 200 in 1941ms
 GET /products/cmk2q542n000pzywfd02yxubo/edit 200 in 1936ms
 GET /products/cmk2q542l000lzywfv5wjz7ay/edit 200 in 1941ms
 GET /products/cmk2q542x0013zywfj60baoq4/edit 200 in 1941ms
 GET /products/cmk2q542i000hzywfxx45z5d7/edit 200 in 1934ms
 GET /products/cmk2q542m000nzywfj2iqncqb/edit 200 in 1744ms
 GET /products/cmk2q542v0011zywffyjc2p68/edit 200 in 1743ms
 GET /products/cmk2q542q000tzywf71n8fpgb/edit 200 in 1956ms
 GET /products/cmk2q542j000jzywfcepcxau3/edit 200 in 1744ms
 GET /products/cmk2q542p000rzywfpfa0j2t8/edit 200 in 1746ms
 GET /products/cmk2q542r000vzywfwfem9ytq/edit 200 in 1746ms
 GET /api/categories 200 in 176ms
 GET /api/products 200 in 241ms
 GET /api/auth/session 200 in 220ms
 GET /api/categories 200 in 222ms
 GET /api/products 200 in 246ms
 GET /api/customers 200 in 266ms
 GET /api/auth/session 200 in 401ms
 GET / 200 in 528ms
 GET /api/customers 200 in 392ms
 GET /products 200 in 570ms
 GET /api/categories 200 in 407ms
 GET /pos 200 in 622ms
 GET /offline 404 in 138ms
 GET /dashboard 200 in 403ms
 GET /api/categories 200 in 367ms
 ○ Compiling /api/products/[id] ...
 ✓ Compiled /api/products/[id] in 1365ms (1908 modules)
 GET /api/categories 200 in 2197ms
 GET /api/products 200 in 2349ms
 GET /api/auth/session 200 in 2312ms
 GET / 200 in 2332ms
 GET /products 200 in 2297ms
 GET /pos 200 in 2307ms
 GET /api/categories 200 in 371ms
 GET /api/products 200 in 373ms
 GET /api/customers 200 in 464ms
 GET /api/auth/session 200 in 469ms
 GET /offline 404 in 107ms
 GET /api/categories 200 in 88ms
 GET /api/products 200 in 114ms
 GET /dashboard 200 in 131ms
 GET /api/auth/session 200 in 118ms
 GET /api/customers 200 in 116ms
 GET /api/categories 200 in 87ms
 GET /api/products 200 in 73ms
 GET /api/customers 200 in 60ms
 GET /api/auth/session 200 in 63ms
 GET /api/categories 200 in 47ms
 GET /api/products 200 in 56ms
 GET /api/products/cmk2q542l000lzywfv5wjz7ay 200 in 3144ms
 GET /api/products/cmk2q542v0011zywffyjc2p68 200 in 3093ms
 GET /api/products/cmk2q542e000dzywfti80xzi6 200 in 3070ms
 GET /api/products/cmk2q542p000rzywfpfa0j2t8 200 in 2974ms
 GET /api/products/cmk2q542q000tzywf71n8fpgb 200 in 2895ms
 GET /api/products/cmk2q542x0013zywfj60baoq4 200 in 2892ms
 GET /api/products/cmk2q542n000pzywfd02yxubo 200 in 2891ms
 GET /api/products/cmk2q542y0015zywfypruhymd 200 in 2856ms
 GET /api/products/cmk2q542i000hzywfxx45z5d7 200 in 2834ms
 GET /api/products/cmk2q542g000fzywf2f9exyjq 200 in 2834ms
 GET /api/products/cmk2q542m000nzywfj2iqncqb 200 in 2746ms
 GET /api/products/cmk2q542u000zzywf0bab06vq 200 in 2567ms
 GET /api/products/cmk2q542j000jzywfcepcxau3 200 in 2446ms
 GET /api/products/cmk2q542t000xzywfnhtmpdjf 200 in 2400ms
 GET /api/products/cmk2q542r000vzywfwfem9ytq 200 in 2389ms
 GET /api/auth/session 200 in 118ms
 GET /api/customers 200 in 128ms
 GET /api/categories 200 in 156ms
 GET /api/products/cmk2q542l000lzywfv5wjz7ay 200 in 155ms
 GET /api/products/cmk2q542x0013zywfj60baoq4 200 in 124ms
 GET /api/products 200 in 155ms
 GET /api/customers 200 in 139ms
 GET /api/products/cmk2q542i000hzywfxx45z5d7 200 in 207ms
 GET /api/products/cmk2q542y0015zywfypruhymd 200 in 207ms
 GET /api/products/cmk2q542g000fzywf2f9exyjq 200 in 207ms
 GET /api/products/cmk2q542m000nzywfj2iqncqb 200 in 206ms
 GET /api/products/cmk2q542e000dzywfti80xzi6 200 in 206ms
 GET /api/products/cmk2q542t000xzywfnhtmpdjf 200 in 206ms
 GET /api/products/cmk2q542v0011zywffyjc2p68 200 in 206ms
 GET /api/products/cmk2q542p000rzywfpfa0j2t8 200 in 206ms
 GET /api/products/cmk2q542u000zzywf0bab06vq 200 in 206ms
 GET /api/products/cmk2q542r000vzywfwfem9ytq 200 in 205ms
 GET /api/products/cmk2q542q000tzywf71n8fpgb 200 in 205ms
 GET /api/products/cmk2q542j000jzywfcepcxau3 200 in 205ms
 GET /api/products/cmk2q542n000pzywfd02yxubo 200 in 206ms
 GET /api/auth/session 200 in 218ms
 GET /api/categories 200 in 185ms
 GET /api/products 200 in 108ms
 GET /api/customers 200 in 170ms
 GET /api/categories 200 in 170ms
 GET /api/auth/session 200 in 225ms
 GET /api/categories 200 in 157ms
 GET /api/auth/session 200 in 210ms
 GET /api/auth/session 200 in 211ms
 GET /api/auth/session 200 in 212ms
 GET /api/auth/session 200 in 212ms
 GET /api/auth/session 200 in 213ms
 GET /api/auth/session 200 in 213ms
 GET /api/auth/session 200 in 214ms
 GET /api/auth/session 200 in 215ms
 GET /api/auth/session 200 in 216ms
 GET /api/auth/session 200 in 206ms
 GET /api/auth/session 200 in 201ms
 GET /api/products 200 in 309ms
 GET /api/products 200 in 309ms
 GET /api/products 200 in 376ms
 GET /api/products 200 in 375ms
 GET /api/products 200 in 375ms
 GET /api/products 500 in 383ms
 GET /api/products 500 in 387ms
 GET /api/products 500 in 392ms
 GET /api/products 200 in 393ms
 GET /api/products 200 in 394ms
 GET /api/products 500 in 398ms
 GET /api/products 200 in 368ms
 GET /api/products 200 in 366ms
 GET /api/products 500 in 368ms
 GET /api/auth/session 200 in 416ms
 GET /api/auth/session 200 in 411ms
 GET /api/auth/session 200 in 431ms
 GET /api/auth/session 200 in 431ms
 GET /api/auth/session 200 in 432ms
 GET /api/auth/session 200 in 433ms
 GET /api/auth/session 200 in 434ms
 GET /api/auth/session 200 in 434ms
 GET /api/auth/session 200 in 434ms
 GET /api/auth/session 200 in 435ms
 GET /api/auth/session 200 in 428ms
 GET /api/auth/session 200 in 429ms
 GET /api/categories 200 in 461ms
 GET /api/categories 200 in 456ms
 GET /api/categories 200 in 457ms
 GET /api/categories 200 in 457ms
 GET /api/categories 200 in 457ms
 GET /api/categories 200 in 456ms
 GET /api/categories 200 in 456ms
 GET /api/categories 200 in 451ms
 GET /api/categories 200 in 453ms
 GET /api/categories 500 in 456ms
[?25h
