  ▲ Next.js 14.2.28
  - Local:        http://localhost:3000
  - Environments: .env
  - Experiments (use with caution):
    · outputFileTracingRoot

 ✓ Starting...
 ✓ Ready in 1583ms
 ○ Compiling / ...
 ✓ Compiled / in 1662ms (635 modules)
 GET / 200 in 2035ms
 ✓ Compiled in 399ms (325 modules)
 GET / 200 in 48ms
 GET / 200 in 45ms
 GET / 200 in 41ms
 ○ Compiling /middleware ...
 ✓ Compiled /middleware in 955ms (751 modules)
 GET / 200 in 865ms
 GET /api/products 200 in 1347ms
 GET /api/auth/signin?callbackUrl=%2Fproducts 302 in 135ms
 GET /api/auth/signin?callbackUrl=%2Fpos 302 in 109ms
 GET /api/auth/session 200 in 1537ms
 GET /api/products 200 in 44ms
 ✓ Compiled /api/customers in 130ms (579 modules)
 GET /api/customers 200 in 196ms
 GET /?callbackUrl=https%3A%2F%2F247ac79fd.preview.abacusai.app%2Fproducts 200 in 70ms
 GET /api/auth/session 200 in 85ms
 GET /?callbackUrl=https%3A%2F%2F247ac79fd.preview.abacusai.app%2Fpos 200 in 107ms
 GET /api/auth/signin?callbackUrl=%2Fdashboard 302 in 34ms
 ✓ Compiled /_not-found in 500ms (897 modules)
 GET /api/customers 200 in 707ms
 GET /offline 404 in 690ms
 GET /api/categories 200 in 761ms
 GET /?callbackUrl=https%3A%2F%2F247ac79fd.preview.abacusai.app%2Fdashboard 200 in 612ms
 GET /api/categories 200 in 33ms
 GET / 200 in 41ms
 GET / 200 in 41ms
 GET / 200 in 48ms
 GET / 200 in 41ms
 GET / 200 in 40ms
 GET / 200 in 39ms
 GET / 200 in 42ms
 GET /api/products 200 in 52ms
 GET /api/customers 200 in 32ms
 GET /api/categories 200 in 31ms
 GET / 200 in 41ms
 GET / 200 in 40ms
 GET / 200 in 39ms
 GET / 200 in 35ms
 GET / 200 in 39ms
 GET / 200 in 38ms
 GET /api/auth/session 200 in 61ms
 GET /api/products 200 in 72ms
 GET / 200 in 39ms
 GET /api/customers 200 in 46ms
 GET /api/auth/session 200 in 68ms
 GET /api/products 200 in 60ms
 GET /api/auth/signin?callbackUrl=%2Fproducts 302 in 35ms
 GET /api/auth/signin?callbackUrl=%2Fpos 302 in 50ms
 GET /api/categories 200 in 36ms
 GET /api/customers 200 in 32ms
 GET /api/auth/signin?callbackUrl=%2Fdashboard 302 in 59ms
 GET /?callbackUrl=https%3A%2F%2F247ac79fd.preview.abacusai.app%2Fproducts 200 in 77ms
 GET /?callbackUrl=https%3A%2F%2F247ac79fd.preview.abacusai.app%2Fpos 200 in 67ms
 GET /api/categories 200 in 30ms
 GET /offline 404 in 27ms
 GET /?callbackUrl=https%3A%2F%2F247ac79fd.preview.abacusai.app%2Fdashboard 200 in 44ms
 GET / 200 in 41ms
 GET / 200 in 41ms
 GET / 200 in 38ms
 GET / 200 in 38ms
