  ▲ Next.js 14.2.28
  - Local:        http://localhost:3000
  - Environments: .env
  - Experiments (use with caution):
    · outputFileTracingRoot

 ✓ Starting...
 ✓ Ready in 1690ms
 ○ Compiling / ...
 ✓ Compiled / in 1822ms (635 modules)
 GET / 200 in 2210ms
 ✓ Compiled in 421ms (325 modules)
 GET / 200 in 49ms
 ○ Compiling /middleware ...
 ✓ Compiled /middleware in 1129ms (751 modules)
 GET / 200 in 1093ms
 GET /api/products 200 in 1554ms
 GET /api/auth/signin?callbackUrl=%2Fproducts 302 in 92ms
 GET /api/auth/signin?callbackUrl=%2Fpos 302 in 89ms
 GET /api/auth/session 200 in 1681ms
 GET /api/products 200 in 48ms
 ✓ Compiled /api/customers in 159ms (579 modules)
 GET /api/customers 200 in 244ms
 GET /?callbackUrl=https%3A%2F%2F247ac79fd.preview.abacusai.app%2Fproducts 200 in 116ms
 GET /api/auth/session 200 in 143ms
 GET /?callbackUrl=https%3A%2F%2F247ac79fd.preview.abacusai.app%2Fpos 200 in 176ms
 GET /api/auth/signin?callbackUrl=%2Fdashboard 302 in 58ms
 GET /api/customers 200 in 61ms
 ○ Compiling /_not-found ...
 ✓ Compiled /_not-found in 522ms (897 modules)
 GET /api/categories 200 in 788ms
 GET /offline 404 in 754ms
 GET /?callbackUrl=https%3A%2F%2F247ac79fd.preview.abacusai.app%2Fdashboard 200 in 628ms
 GET /api/categories 200 in 33ms
 GET / 200 in 42ms
 GET / 200 in 40ms
 GET / 200 in 40ms
 GET / 200 in 40ms
 GET / 200 in 40ms
 GET / 200 in 38ms
 GET / 200 in 42ms
 GET / 200 in 74ms
 GET /api/products 200 in 91ms
 GET /api/customers 200 in 34ms
 GET /api/categories 200 in 31ms
 GET / 200 in 41ms
 GET / 200 in 39ms
 GET / 200 in 39ms
 GET / 200 in 43ms
 GET /api/products 200 in 60ms
 GET / 200 in 59ms
 GET /api/customers 200 in 38ms
 GET /api/categories 200 in 32ms
 GET / 200 in 43ms
 GET / 200 in 44ms
 GET / 200 in 38ms
 GET / 200 in 42ms
 GET / 200 in 50ms
 GET /api/products 200 in 68ms
 GET /api/customers 200 in 32ms
 GET /api/categories 200 in 31ms
 GET / 200 in 39ms
 GET / 200 in 43ms
 GET / 200 in 39ms
 GET / 200 in 38ms
 ✓ Compiled in 384ms (325 modules)
[?25h
