  ▲ Next.js 14.2.28
  - Local:        http://localhost:3000
  - Environments: .env
  - Experiments (use with caution):
    · outputFileTracingRoot

 ✓ Starting...
 ✓ Ready in 2.1s
 ○ Compiling / ...
 ✓ Compiled / in 1857ms (633 modules)
 GET / 200 in 2305ms
 ✓ Compiled in 437ms (324 modules)
 GET / 200 in 55ms
 GET / 200 in 48ms
 GET / 200 in 40ms
 ○ Compiling /middleware ...
 ✓ Compiled /middleware in 1051ms (750 modules)
 GET / 200 in 1003ms
 GET /api/products 200 in 1433ms
 GET /api/auth/signin?callbackUrl=%2Fpos 302 in 67ms
 GET /api/auth/signin?callbackUrl=%2Fproducts 302 in 56ms
 GET /api/auth/session 200 in 1592ms
 ✓ Compiled /api/customers in 125ms (578 modules)
 ✓ Compiled in 0ms (578 modules)
 ✓ Compiled in 0ms (578 modules)
 ✓ Compiled in 1ms (578 modules)
 GET /api/products 200 in 608ms
 GET /api/customers 200 in 627ms
 GET /api/auth/signin?callbackUrl=%2Fdashboard 302 in 491ms
 GET /api/auth/session 200 in 616ms
 GET /?callbackUrl=https%3A%2F%2F247ac79fd.preview.abacusai.app%2Fproducts 200 in 664ms
 GET /?callbackUrl=https%3A%2F%2F247ac79fd.preview.abacusai.app%2Fpos 200 in 664ms
 ✓ Compiled /api/categories in 263ms (580 modules)
 ○ Compiling /_not-found ...
 ✓ Compiled /_not-found in 748ms (895 modules)
 GET /offline 404 in 856ms
 GET /api/customers 200 in 1168ms
 GET /api/categories 200 in 1176ms
 GET /?callbackUrl=https%3A%2F%2F247ac79fd.preview.abacusai.app%2Fdashboard 200 in 930ms
 GET /api/categories 200 in 30ms
 GET / 200 in 42ms
 GET / 200 in 43ms
