  ▲ Next.js 14.2.28
  - Local:        http://localhost:3000
  - Environments: .env
  - Experiments (use with caution):
    · outputFileTracingRoot

 ✓ Starting...
 ✓ Ready in 1750ms
 ○ Compiling / ...
 ✓ Compiled / in 1614ms (629 modules)
 GET / 200 in 2039ms
 ✓ Compiled in 425ms (322 modules)
 GET / 200 in 43ms
 GET / 200 in 38ms
 GET / 200 in 119ms
 ○ Compiling /middleware ...
 ✓ Compiled /middleware in 1183ms (748 modules)
 GET / 200 in 1121ms
 GET /api/products 200 in 1582ms
 GET /api/auth/session 200 in 1830ms
 ○ Compiling /products ...
 ✓ Compiled /dashboard in 6s (3083 modules)
 GET /api/customers 200 in 6052ms
 GET /api/auth/session 200 in 5804ms
 GET /api/products 200 in 6187ms
 GET /products 200 in 6739ms
 GET /pos 200 in 6739ms
 GET /dashboard 200 in 5813ms
 ○ Compiling /_not-found ...
 ✓ Compiled /_not-found in 1979ms (3088 modules)
 GET /api/categories 200 in 2071ms
 GET /api/customers 200 in 1944ms
 GET /offline 404 in 1909ms
 GET /api/categories 200 in 26ms
 ✓ Compiled /api/sales/stats in 277ms (1703 modules)
 GET /api/sales/stats?period=today 200 in 387ms
 GET /api/sales/stats?period=today 200 in 31ms
 GET / 200 in 94ms
 GET / 200 in 40ms
 GET / 200 in 67ms
 GET / 200 in 44ms
 GET / 200 in 41ms
 GET / 200 in 33ms
 GET / 200 in 40ms
 GET / 200 in 41ms
 GET / 200 in 33ms
 GET / 200 in 40ms
 GET /api/products 200 in 66ms
 GET /api/customers 200 in 31ms
