  ▲ Next.js 14.2.28
  - Local:        http://localhost:3000
  - Environments: .env
  - Experiments (use with caution):
    · outputFileTracingRoot

 ✓ Starting...
 ✓ Ready in 1477ms
 ○ Compiling / ...
 ✓ Compiled / in 1985ms (633 modules)
 GET / 200 in 2423ms
 ✓ Compiled in 475ms (324 modules)
 GET / 200 in 53ms
 GET / 200 in 55ms
 GET / 200 in 44ms
 ○ Compiling /middleware ...
 ✓ Compiled /middleware in 751ms (750 modules)
 GET / 200 in 677ms
 GET /api/products 200 in 1159ms
 GET /api/auth/signin?callbackUrl=%2Fpos 302 in 76ms
 GET /api/auth/signin?callbackUrl=%2Fproducts 302 in 69ms
 GET /api/auth/session 200 in 1281ms
 GET /api/products 200 in 39ms
 GET /api/auth/session 200 in 115ms
 GET /?callbackUrl=https%3A%2F%2F247ac79fd.preview.abacusai.app%2Fpos 200 in 119ms
 GET /?callbackUrl=https%3A%2F%2F247ac79fd.preview.abacusai.app%2Fproducts 200 in 117ms
 ✓ Compiled /api/customers in 184ms (578 modules)
 GET /api/customers 200 in 435ms
 GET /api/auth/signin?callbackUrl=%2Fdashboard 302 in 667ms
 ✓ Compiled /_not-found in 386ms (893 modules)
 GET /offline 404 in 442ms
 GET /api/customers 200 in 144ms
 ✓ Compiled /api/categories in 140ms (581 modules)
 GET /api/categories 200 in 308ms
 GET /?callbackUrl=https%3A%2F%2F247ac79fd.preview.abacusai.app%2Fdashboard 200 in 63ms
 GET /api/categories 200 in 48ms
 GET / 200 in 63ms
 GET / 200 in 44ms
 GET / 200 in 48ms
 GET / 200 in 49ms
 GET / 200 in 51ms
 GET / 200 in 43ms
 GET /api/auth/session 200 in 99ms
 GET /api/products 200 in 112ms
 GET / 200 in 51ms
 GET /api/auth/session 200 in 56ms
 GET /api/products 200 in 69ms
 GET /api/auth/signin?callbackUrl=%2Fproducts 302 in 52ms
 GET /api/auth/signin?callbackUrl=%2Fpos 302 in 83ms
 GET /api/customers 200 in 46ms
 GET /?callbackUrl=https%3A%2F%2F247ac79fd.preview.abacusai.app%2Fproducts 200 in 61ms
 GET /api/auth/signin?callbackUrl=%2Fdashboard 302 in 121ms
 GET /?callbackUrl=https%3A%2F%2F247ac79fd.preview.abacusai.app%2Fpos 200 in 118ms
 GET /api/customers 200 in 39ms
 GET /api/categories 200 in 42ms
 GET /offline 404 in 21ms
 GET /?callbackUrl=https%3A%2F%2F247ac79fd.preview.abacusai.app%2Fdashboard 200 in 40ms
 GET /api/categories 200 in 33ms
 GET / 200 in 45ms
 GET / 200 in 51ms
 GET / 200 in 49ms
 GET / 200 in 49ms
 GET / 200 in 48ms
 GET / 200 in 46ms
 GET / 200 in 46ms
 GET / 200 in 54ms
 GET / 200 in 46ms
 GET / 200 in 50ms
 GET /api/products 200 in 60ms
 GET /api/customers 200 in 38ms
 GET /api/categories 200 in 37ms
 GET / 200 in 48ms
 GET / 200 in 50ms
 GET / 200 in 43ms
 GET / 200 in 45ms
 GET / 200 in 47ms
 GET / 200 in 42ms
 GET / 200 in 40ms
 GET / 200 in 38ms
 GET /api/products 200 in 56ms
 GET /api/customers 200 in 46ms
 GET /api/categories 200 in 39ms
 GET / 200 in 38ms
 GET / 200 in 45ms
