  ▲ Next.js 14.2.28
  - Environments: .env
  - Experiments (use with caution):
    · outputFileTracingRoot

   Creating an optimized production build ...
 ✓ Compiled successfully
   Skipping linting
   Checking validity of types ...
   Collecting page data ...
   Generating static pages (0/16) ...
   Generating static pages (4/16) 
   Generating static pages (8/16) 
   Generating static pages (12/16) 
 ✓ Generating static pages (16/16)
   Finalizing page optimization ...
   Collecting build traces ...

Route (app)                              Size     First Load JS
┌ ƒ /                                    1.8 kB         99.5 kB
├ ƒ /_not-found                          877 B          88.5 kB
├ ƒ /api/auth/[...nextauth]              0 B                0 B
├ ƒ /api/categories                      0 B                0 B
├ ƒ /api/customers                       0 B                0 B
├ ƒ /api/customers/[id]                  0 B                0 B
├ ƒ /api/products                        0 B                0 B
├ ƒ /api/products/[id]                   0 B                0 B
├ ƒ /api/products/upload                 0 B                0 B
├ ƒ /api/returns                         0 B                0 B
├ ƒ /api/returns/[id]                    0 B                0 B
├ ƒ /api/sales                           0 B                0 B
├ ƒ /api/sales/[id]                      0 B                0 B
├ ƒ /api/sales/stats                     0 B                0 B
├ ƒ /api/signup                          0 B                0 B
├ ƒ /api/stores                          0 B                0 B
├ ƒ /customers                           6.66 kB         150 kB
├ ƒ /dashboard                           2.17 kB         242 kB
├ ƒ /pos                                 253 kB          396 kB
├ ƒ /products                            12.6 kB         156 kB
├ ƒ /products/[id]/edit                  2.59 kB         151 kB
├ ƒ /products/new                        2.4 kB          151 kB
├ ƒ /reports                             9.05 kB         249 kB
├ ƒ /returns                             6.23 kB         149 kB
├ ƒ /returns/new                         2.51 kB         151 kB
└ ƒ /sales                               6.17 kB         149 kB
+ First Load JS shared by all            87.6 kB
  ├ chunks/156-504ca676dd96b6a2.js       31.8 kB
  ├ chunks/ceb5afef-60dab82b055f32e0.js  53.6 kB
  └ other shared chunks (total)          2.14 kB


ƒ Middleware                             49.5 kB

ƒ  (Dynamic)  server-rendered on demand

exit_code=0
