  ▲ Next.js 14.2.28
  - Local:        http://localhost:3000
  - Environments: .env
  - Experiments (use with caution):
    · outputFileTracingRoot

 ✓ Starting...
 ✓ Ready in 1729ms
 ○ Compiling / ...
 ✓ Compiled / in 1659ms (633 modules)
 GET / 200 in 2033ms
 ✓ Compiled in 391ms (324 modules)
 GET / 200 in 46ms
 GET / 200 in 41ms
 GET / 200 in 37ms
 ○ Compiling /middleware ...
 ✓ Compiled /middleware in 945ms (750 modules)
 GET / 200 in 853ms
 GET /api/products 200 in 1332ms
 GET /api/auth/signin?callbackUrl=%2Fpos 302 in 75ms
 GET /api/auth/signin?callbackUrl=%2Fproducts 302 in 65ms
 GET /api/auth/session 200 in 1467ms
 ✓ Compiled /api/customers in 105ms (578 modules)
 ✓ Compiled in 0ms (578 modules)
 GET /api/products 200 in 282ms
 ✓ Compiled in 1ms (578 modules)
 ✓ Compiled in 0ms (578 modules)
 GET /api/customers 200 in 547ms
 GET /api/auth/signin?callbackUrl=%2Fdashboard 302 in 390ms
 GET /api/auth/session 200 in 547ms
 GET /?callbackUrl=https%3A%2F%2F247ac79fd.preview.abacusai.app%2Fpos 200 in 597ms
 GET /?callbackUrl=https%3A%2F%2F247ac79fd.preview.abacusai.app%2Fproducts 200 in 582ms
 ○ Compiling /_not-found ...
 ✓ Compiled /_not-found in 531ms (895 modules)
 GET /api/customers 200 in 627ms
 GET /api/categories 200 in 639ms
 GET /offline 404 in 446ms
 GET /?callbackUrl=https%3A%2F%2F247ac79fd.preview.abacusai.app%2Fdashboard 200 in 474ms
 GET /api/categories 200 in 31ms
 GET / 200 in 40ms
 GET / 200 in 40ms
 GET / 200 in 40ms
 GET / 200 in 39ms
 GET / 200 in 39ms
 GET / 200 in 42ms
 GET / 200 in 57ms
 GET / 200 in 40ms
 ✓ Compiled in 347ms (324 modules)
 ✓ Compiled in 263ms (324 modules)
 ✓ Compiled in 450ms (325 modules)
 ✓ Compiled in 226ms (325 modules)
[?25h
