  ▲ Next.js 14.2.28
  - Local:        http://localhost:3000
  - Environments: .env
  - Experiments (use with caution):
    · outputFileTracingRoot

 ✓ Starting...
 ✓ Ready in 1936ms
 ○ Compiling / ...
 ✓ Compiled / in 3.2s (636 modules)
 GET / 200 in 3357ms
 ✓ Compiled in 425ms (322 modules)
 ○ Compiling /api/auth/[...nextauth] ...
 ✓ Compiled /api/auth/[...nextauth] in 774ms (548 modules)
 GET /api/auth/providers 200 in 1236ms
 GET / 200 in 81ms
 ○ Compiling /middleware ...
 ✓ Compiled /middleware in 643ms (748 modules)
 GET /api/auth/session 200 in 738ms
 GET / 200 in 859ms
 GET /api/products 200 in 907ms
 GET /api/auth/session 200 in 102ms
 GET /api/auth/signin?callbackUrl=%2Fproducts 302 in 63ms
 GET /api/auth/signin?callbackUrl=%2Fpos 302 in 61ms
 GET /api/products 200 in 43ms
 ✓ Compiled /api/customers in 223ms (576 modules)
 GET /api/auth/signin?callbackUrl=%2Fdashboard 302 in 394ms
 GET /api/customers 200 in 493ms
 GET /?callbackUrl=https%3A%2F%2F6dd0e2b0b.preview.abacusai.app%2Fpos 200 in 478ms
 GET /?callbackUrl=https%3A%2F%2F6dd0e2b0b.preview.abacusai.app%2Fproducts 200 in 469ms
 GET /?callbackUrl=https%3A%2F%2F6dd0e2b0b.preview.abacusai.app%2Fdashboard 200 in 97ms
 GET /api/customers 200 in 92ms
 ✓ Compiled /api/categories in 493ms (891 modules)
 GET /api/categories 200 in 746ms
 GET /offline 404 in 731ms
 GET /api/categories 200 in 37ms
 GET /api/auth/csrf 200 in 49ms
 ✓ Compiled /api/signup in 162ms (581 modules)
 POST /api/signup 201 in 293ms
 GET / 200 in 50ms
 GET /api/auth/signin 302 in 45ms
 GET /?callbackUrl=https://6dd0e2b0b.preview.abacusai.app 200 in 37ms
 GET /api/auth/csrf 200 in 24ms
 POST /api/auth/callback/credentials 302 in 103ms
 ○ Compiling /dashboard ...
 ✓ Compiled /dashboard in 2.1s (2133 modules)
 GET /dashboard 200 in 2299ms
 GET / 200 in 42ms
 GET /dashboard 200 in 38ms
 GET /api/products 200 in 48ms
 GET /api/auth/session 200 in 92ms
 GET / 200 in 127ms
 ✓ Compiled /products in 276ms (1204 modules)
 ✓ Compiled in 2.6s (1387 modules)
 GET /api/products 200 in 3049ms
 GET /api/customers 200 in 3066ms
 GET /api/sales/stats?period=today 200 in 3336ms
 GET /api/auth/session 200 in 3311ms
 GET /dashboard 200 in 3252ms
 GET /pos 200 in 3347ms
 GET /products 200 in 3355ms
 GET /api/products 200 in 177ms
 GET /api/customers 200 in 80ms
 GET /api/categories 200 in 90ms
 GET /api/sales/stats?period=today 200 in 93ms
 GET /offline 404 in 78ms
 GET /api/auth/session 200 in 89ms
 GET /api/products 200 in 70ms
 GET /api/customers 200 in 67ms
 GET /api/categories 200 in 71ms
 GET /api/auth/session 200 in 39ms
 GET /api/customers 200 in 46ms
 GET /api/categories 200 in 53ms
 GET /api/auth/session 200 in 60ms
 GET /api/categories 200 in 31ms
 GET /api/auth/session 200 in 36ms
 GET /api/sales/stats?period=today 200 in 51ms
 GET /api/auth/session 200 in 54ms
 GET /api/sales/stats?period=today 200 in 45ms
 GET /products 200 in 72ms
 ○ Compiling /returns ...
 ✓ Compiled /returns in 1715ms (3140 modules)
 GET /api/products 200 in 1199ms
 GET /api/products? 200 in 1197ms
 GET /api/categories 200 in 1204ms
 GET /api/auth/session 200 in 1234ms
 GET /pos 200 in 2049ms
 GET /products 200 in 1196ms
 GET /customers 200 in 2081ms
 GET /sales 200 in 2068ms
 GET /returns 200 in 2065ms
 GET /reports 200 in 2071ms
 GET / 200 in 1276ms
 GET /api/products? 200 in 135ms
 GET /api/products 200 in 136ms
 GET /api/customers 200 in 164ms
 GET /api/auth/session 200 in 163ms
 GET /api/categories 200 in 194ms
 GET /offline 404 in 153ms
 GET /pos 200 in 223ms
 GET /api/products? 200 in 118ms
 GET /api/categories 200 in 118ms
 GET /api/customers 200 in 131ms
 GET /dashboard 200 in 155ms
 GET /api/products? 200 in 91ms
 GET /api/categories 200 in 92ms
 GET /api/products 200 in 65ms
 ✓ Compiled /api/sales in 383ms (1735 modules)
 ✓ Compiled (1737 modules)
 GET /api/customers 200 in 823ms
 GET /api/auth/session 200 in 817ms
 GET /api/products 200 in 784ms
 GET /api/categories 200 in 836ms
 GET /api/returns 200 in 929ms
 GET /api/sales?limit=50 200 in 929ms
 GET /api/sales/stats?period=month 200 in 899ms
 GET / 200 in 918ms
 GET /pos 200 in 871ms
 GET /products 200 in 874ms
 GET /api/customers 200 in 101ms
 GET /api/products 200 in 68ms
 GET /api/categories 200 in 74ms
 GET /api/auth/session 200 in 94ms
 GET /api/sales?limit=50 200 in 103ms
 GET /api/returns 200 in 109ms
 GET /offline 404 in 80ms
 GET /api/sales/stats?period=month 200 in 116ms
 GET /api/customers 200 in 82ms
 GET /api/products 200 in 79ms
 GET /api/auth/session 200 in 86ms
 GET /dashboard 200 in 110ms
 GET /api/customers 200 in 36ms
 GET /api/products 200 in 45ms
 GET /api/auth/session 200 in 43ms
 GET /api/customers 200 in 41ms
 GET /api/products 200 in 41ms
 GET /api/auth/session 200 in 35ms
 GET /api/customers 200 in 47ms
 GET /api/categories 200 in 50ms
 GET /api/products 200 in 57ms
 GET /api/auth/session 200 in 41ms
 GET /api/customers 200 in 45ms
 GET /api/categories 200 in 50ms
 GET /api/products 200 in 57ms
 GET /api/auth/session 200 in 73ms
 GET /api/customers 200 in 74ms
 GET /api/categories 200 in 99ms
 GET /api/products 200 in 97ms
 GET /api/auth/session 200 in 63ms
 GET /api/customers 200 in 72ms
 GET /api/categories 200 in 57ms
 GET /api/products 200 in 55ms
 GET /api/auth/session 200 in 41ms
 GET /api/customers 200 in 45ms
 GET /api/categories 200 in 45ms
 GET /api/products 200 in 42ms
 GET /api/auth/session 200 in 39ms
 GET /api/customers 200 in 42ms
 GET /api/categories 200 in 41ms
 GET /api/products 200 in 47ms
 GET /api/auth/session 200 in 67ms
 GET /api/customers 200 in 63ms
 GET /api/categories 200 in 71ms
 GET /api/auth/session 200 in 35ms
 GET /api/customers 200 in 39ms
 GET /api/categories 200 in 39ms
 GET /api/auth/session 200 in 30ms
 GET /api/customers 200 in 35ms
 GET /api/categories 200 in 31ms
 GET /api/auth/session 200 in 27ms
 GET /api/categories 200 in 25ms
 GET /api/auth/session 200 in 27ms
 GET /api/auth/session 200 in 43ms
 GET /api/auth/session 200 in 25ms
 GET /api/auth/session 200 in 27ms
 GET /api/auth/session 200 in 27ms
 GET /api/auth/session 200 in 25ms
 ○ Compiling /returns/new ...
 ✓ Compiled /returns/new in 1273ms (3170 modules)
 GET /returns/new 200 in 1498ms
 GET /products/new 200 in 1502ms
 GET /products/cmk2q542m000nzywfj2iqncqb/edit 200 in 1833ms
 GET /products/cmk2q542x0013zywfj60baoq4/edit 200 in 1833ms
 GET /products/cmk2q542v0011zywffyjc2p68/edit 200 in 1833ms
 GET /products/cmk2q542i000hzywfxx45z5d7/edit 200 in 1834ms
 GET /products/cmk2q542t000xzywfnhtmpdjf/edit 200 in 1836ms
 GET /products/cmk2q542r000vzywfwfem9ytq/edit 200 in 1833ms
 GET /products/cmk2q542y0015zywfypruhymd/edit 200 in 1834ms
 GET /products/cmk2q542l000lzywfv5wjz7ay/edit 200 in 1837ms
 GET /products/cmk2q542e000dzywfti80xzi6/edit 200 in 1836ms
 GET /products/cmk2q542u000zzywf0bab06vq/edit 200 in 1836ms
 GET /products/cmk2q542n000pzywfd02yxubo/edit 200 in 1836ms
 GET /products/cmk2q542j000jzywfcepcxau3/edit 200 in 1827ms
 GET /products/cmk2q542p000rzywfpfa0j2t8/edit 200 in 1826ms
 GET /products/cmk2q542q000tzywf71n8fpgb/edit 200 in 1827ms
 GET /products/cmk2q542g000fzywf2f9exyjq/edit 200 in 1827ms
 GET /api/products 200 in 96ms
 GET /api/categories 200 in 130ms
 GET /api/auth/session 200 in 124ms
 GET /api/customers 200 in 177ms
 GET /api/products 200 in 181ms
 GET /api/categories 200 in 211ms
 GET /api/auth/session 200 in 208ms
 GET / 200 in 276ms
 GET /api/products 200 in 196ms
 GET /products 200 in 343ms
 GET /pos 200 in 352ms
 GET /api/customers 200 in 232ms
 GET /api/categories 200 in 225ms
 GET /api/auth/session 200 in 221ms
 GET /offline 404 in 217ms
 GET /api/products 200 in 320ms
 GET /api/customers 200 in 420ms
 GET /dashboard 200 in 481ms
 GET /api/categories 200 in 422ms
 GET /api/auth/session 200 in 501ms
 GET /api/products 200 in 392ms
 ○ Compiling /api/products/[id] ...
 ✓ Compiled /api/products/[id] in 1515ms (2158 modules)
 GET /api/customers 200 in 2128ms
 GET /api/products 200 in 2024ms
 GET /api/categories 200 in 2317ms
 GET /api/auth/session 200 in 2066ms
 GET / 200 in 2497ms
 GET /pos 200 in 2197ms
 GET /products 200 in 2200ms
 GET /api/customers 200 in 131ms
 GET /api/products 200 in 145ms
 GET /api/categories 200 in 147ms
 GET /api/auth/session 200 in 183ms
 GET /offline 404 in 131ms
 GET /api/customers 200 in 161ms
 GET /api/categories 200 in 173ms
 GET /api/products 200 in 175ms
 GET /dashboard 200 in 232ms
 GET /api/auth/session 200 in 180ms
 GET /api/customers 200 in 103ms
 GET /api/products 200 in 96ms
 GET /api/categories 200 in 88ms
 GET /api/products/cmk2q542t000xzywfnhtmpdjf 200 in 3049ms
 GET /api/products/cmk2q542x0013zywfj60baoq4 200 in 3049ms
 GET /api/products/cmk2q542j000jzywfcepcxau3 200 in 3016ms
 GET /api/products/cmk2q542e000dzywfti80xzi6 200 in 3016ms
 GET /api/products/cmk2q542n000pzywfd02yxubo 200 in 2918ms
 GET /api/products/cmk2q542r000vzywfwfem9ytq 200 in 2913ms
 GET /api/products/cmk2q542g000fzywf2f9exyjq 200 in 2766ms
 GET /api/products/cmk2q542l000lzywfv5wjz7ay 200 in 2672ms
 GET /api/products/cmk2q542p000rzywfpfa0j2t8 200 in 2627ms
 GET /api/products/cmk2q542q000tzywf71n8fpgb 200 in 2623ms
 GET /api/products/cmk2q542u000zzywf0bab06vq 200 in 2621ms
 GET /api/products/cmk2q542v0011zywffyjc2p68 200 in 2517ms
 GET /api/products/cmk2q542i000hzywfxx45z5d7 200 in 2404ms
 GET /api/products/cmk2q542m000nzywfj2iqncqb 200 in 2360ms
 GET /api/products/cmk2q542y0015zywfypruhymd 200 in 2336ms
 GET /api/auth/session 200 in 79ms
 GET /api/customers 200 in 82ms
 GET /api/categories 200 in 108ms
 GET /api/products 200 in 122ms
 GET /api/products/cmk2q542x0013zywfj60baoq4 200 in 175ms
 GET /api/products/cmk2q542j000jzywfcepcxau3 200 in 175ms
 GET /api/products/cmk2q542q000tzywf71n8fpgb 200 in 174ms
 GET /api/products/cmk2q542p000rzywfpfa0j2t8 200 in 166ms
 GET /api/products/cmk2q542u000zzywf0bab06vq 200 in 240ms
 GET /api/products/cmk2q542n000pzywfd02yxubo 200 in 237ms
 GET /api/products/cmk2q542e000dzywfti80xzi6 200 in 237ms
 GET /api/products/cmk2q542r000vzywfwfem9ytq 200 in 237ms
 GET /api/products/cmk2q542t000xzywfnhtmpdjf 200 in 237ms
 GET /api/products/cmk2q542v0011zywffyjc2p68 200 in 236ms
 GET /api/products/cmk2q542y0015zywfypruhymd 200 in 236ms
 GET /api/products/cmk2q542i000hzywfxx45z5d7 200 in 236ms
 GET /api/products/cmk2q542m000nzywfj2iqncqb 200 in 227ms
 GET /api/products/cmk2q542l000lzywfv5wjz7ay 200 in 227ms
 GET /api/products/cmk2q542g000fzywf2f9exyjq 200 in 226ms
 GET /api/auth/session 200 in 272ms
 GET /api/customers 200 in 276ms
 GET /api/categories 200 in 161ms
 GET /api/products 200 in 162ms
 GET /api/auth/session 200 in 43ms
 GET /api/customers 200 in 52ms
 GET /api/categories 200 in 54ms
 GET /api/products 200 in 69ms
 GET /api/auth/session 200 in 56ms
 GET /api/customers 200 in 70ms
 GET /api/categories 200 in 66ms
 GET /api/products 200 in 79ms
 GET /api/auth/session 200 in 57ms
 GET /api/customers 200 in 105ms
 GET /api/categories 200 in 100ms
 GET /api/products 200 in 95ms
 GET /api/auth/session 200 in 116ms
 GET /api/categories 200 in 73ms
 GET /api/customers 200 in 81ms
 GET /api/products 200 in 56ms
 GET /api/categories 200 in 52ms
 GET /api/auth/session 200 in 39ms
 GET /api/products 200 in 66ms
 GET /api/categories 200 in 70ms
 GET /api/customers 200 in 74ms
 GET /api/products 200 in 110ms
 GET /api/categories 200 in 110ms
 GET /api/auth/session 200 in 145ms
 GET /api/auth/session 200 in 145ms
 GET /api/categories 200 in 115ms
 GET /api/categories 200 in 116ms
 GET /api/products 200 in 127ms
 GET /api/categories 200 in 128ms
 GET /api/auth/session 200 in 190ms
 GET /api/auth/session 200 in 189ms
 GET /api/auth/session 200 in 189ms
 GET /api/auth/session 200 in 189ms
 GET /api/auth/session 200 in 189ms
 GET /api/auth/session 200 in 190ms
 GET /api/auth/session 200 in 189ms
 GET /api/auth/session 200 in 190ms
 GET /api/auth/session 200 in 191ms
 GET /api/auth/session 200 in 192ms
 GET /api/auth/session 200 in 193ms
 GET /api/categories 200 in 260ms
 GET /api/categories 200 in 263ms
 GET /api/categories 200 in 265ms
 GET /api/categories 200 in 245ms
 GET /api/products 200 in 255ms
 GET /api/categories 200 in 272ms
 GET /api/categories 200 in 317ms
 GET /api/categories 200 in 297ms
 GET /api/auth/session 200 in 292ms
 GET /api/auth/session 200 in 292ms
 GET /api/auth/session 200 in 278ms
 GET /api/auth/session 200 in 270ms
 GET /api/auth/session 200 in 267ms
 GET /api/auth/session 200 in 265ms
 GET /api/auth/session 200 in 264ms
[?25h
