  ▲ Next.js 14.2.28
  - Local:        http://localhost:3000
  - Environments: .env
  - Experiments (use with caution):
    · outputFileTracingRoot

 ✓ Starting...
 ✓ Ready in 1747ms
 ○ Compiling / ...
 ✓ Compiled / in 1790ms (629 modules)
 GET / 200 in 2207ms
 ✓ Compiled in 390ms (322 modules)
 GET / 200 in 43ms
 GET / 200 in 34ms
 GET / 200 in 66ms
 ○ Compiling /middleware ...
 ✓ Compiled /middleware in 814ms (748 modules)
 GET / 200 in 674ms
 GET /api/products 200 in 1200ms
 GET /api/auth/session 200 in 1402ms
 ○ Compiling /dashboard ...
 ✓ Compiled /dashboard in 1666ms (2211 modules)
 GET /api/products 200 in 801ms
 GET /api/auth/session 200 in 1144ms
 GET /api/customers 200 in 1538ms
 GET /pos 200 in 2045ms
 GET /dashboard 200 in 1524ms
 GET /products 200 in 2047ms
 ○ Compiling /_not-found ...
 ✓ Compiled /_not-found in 528ms (2216 modules)
 GET /offline 404 in 589ms
 GET /api/categories 200 in 625ms
 GET /api/customers 200 in 617ms
 GET /api/categories 200 in 25ms
 ✓ Compiled /api/sales/stats in 209ms (1247 modules)
 GET /api/sales/stats?period=today 200 in 269ms
 GET /api/sales/stats?period=today 200 in 29ms
 GET / 200 in 53ms
 GET / 200 in 34ms
 GET / 200 in 35ms
 GET /api/products 200 in 40ms
 GET /api/auth/session 200 in 61ms
 GET / 200 in 46ms
 GET /pos 200 in 76ms
 GET /products 200 in 73ms
 GET /api/products 200 in 70ms
 GET /api/customers 200 in 61ms
 GET /api/auth/session 200 in 65ms
 GET /offline 404 in 25ms
 GET /dashboard 200 in 51ms
 GET /api/customers 200 in 31ms
 GET /api/categories 200 in 38ms
 GET /api/categories 200 in 28ms
 GET /api/sales/stats?period=today 200 in 28ms
 GET /api/sales/stats?period=today 200 in 30ms
 GET / 200 in 35ms
 GET / 200 in 36ms
 GET / 200 in 37ms
 GET / 200 in 39ms
 GET / 200 in 35ms
 GET / 200 in 40ms
 GET / 200 in 34ms
 GET / 200 in 35ms
 GET / 200 in 34ms
 GET / 200 in 34ms
 GET /api/products 200 in 41ms
 GET /api/customers 200 in 28ms
 GET /api/categories 200 in 27ms
 GET / 200 in 35ms
 GET / 200 in 32ms
 GET / 200 in 36ms
 GET / 200 in 31ms
 GET / 200 in 32ms
 GET / 200 in 32ms
 GET / 200 in 32ms
 GET / 200 in 37ms
 GET / 200 in 31ms
 GET / 200 in 32ms
 GET /api/products 200 in 59ms
 GET /api/customers 200 in 24ms
 GET /api/categories 200 in 25ms
 GET / 200 in 35ms
 GET / 200 in 29ms
 GET / 200 in 50ms
 GET / 200 in 29ms
 GET / 200 in 32ms
 GET / 200 in 35ms
 GET / 200 in 32ms
 GET / 200 in 35ms
 GET / 200 in 34ms
 GET / 200 in 33ms
 GET /api/products 200 in 38ms
 GET /api/customers 200 in 24ms
 GET /api/categories 200 in 23ms
 GET / 200 in 37ms
 GET / 200 in 31ms
 GET / 200 in 32ms
 GET / 200 in 34ms
 GET / 200 in 33ms
 GET / 200 in 29ms
 GET / 200 in 33ms
 GET / 200 in 34ms
 GET / 200 in 64ms
 GET / 200 in 32ms
 GET /api/products 200 in 38ms
 GET /api/customers 200 in 24ms
 GET /api/categories 200 in 22ms
 GET / 200 in 77ms
 GET / 200 in 36ms
 GET / 200 in 36ms
 GET / 200 in 31ms
 GET / 200 in 34ms
 GET / 200 in 29ms
 GET / 200 in 31ms
 GET / 200 in 34ms
 GET / 200 in 32ms
