  ▲ Next.js 14.2.28
  - Local:        http://localhost:3000
  - Environments: .env
  - Experiments (use with caution):
    · outputFileTracingRoot

 ✓ Starting...
 ✓ Ready in 1796ms
 ○ Compiling / ...
 ✓ Compiled / in 1862ms (633 modules)
 GET / 200 in 2242ms
 ✓ Compiled in 387ms (324 modules)
 GET / 200 in 42ms
 GET / 200 in 33ms
 GET / 200 in 32ms
 ○ Compiling /middleware ...
 ✓ Compiled /middleware in 809ms (750 modules)
 GET / 200 in 710ms
 GET /api/products 200 in 1287ms
 GET /api/auth/session 200 in 1399ms
 ○ Compiling /dashboard ...
 ✓ Compiled /api/customers in 2.9s (3188 modules)
 GET /api/products 200 in 2696ms
 GET /api/customers 200 in 2621ms
 GET /api/auth/session 200 in 2705ms
 GET /pos 200 in 3582ms
 GET /dashboard 200 in 3177ms
 GET /api/stores 200 in 2730ms
 GET /api/customers 200 in 56ms
 GET /api/stores 200 in 77ms
 GET /dashboard 200 in 209ms
 ○ Compiling /api/categories ...
 ✓ Compiled /api/categories in 753ms (3193 modules)
 GET /offline 404 in 1059ms
 GET /api/categories 200 in 1080ms
 GET /api/categories 200 in 35ms
 GET /api/customers 200 in 46ms
 GET /api/products?storeId=cmk31myec0000shvdauq3yfvh 200 in 60ms
 GET /api/categories 200 in 25ms
 GET /api/customers 200 in 56ms
 GET /api/products?storeId=cmk31myec0000shvdauq3yfvh 200 in 28ms
 GET /api/categories 200 in 28ms
 GET / 200 in 40ms
 GET / 200 in 34ms
 ✓ Compiled in 457ms (1450 modules)
[?25h
