  ▲ Next.js 14.2.28
  - Local:        http://localhost:3000
  - Environments: .env
  - Experiments (use with caution):
    · outputFileTracingRoot

 ✓ Starting...
 ✓ Ready in 1431ms
 ○ Compiling / ...
 ✓ Compiled / in 2.1s (633 modules)
 GET / 200 in 2400ms
 ✓ Compiled in 379ms (324 modules)
 ✓ Compiled /api/auth/[...nextauth] in 484ms (550 modules)
 GET /api/auth/providers 200 in 921ms
 GET / 200 in 76ms
 ✓ Compiled /middleware in 418ms (750 modules)
 GET /api/auth/session 200 in 633ms
 GET / 200 in 594ms
 GET /api/auth/signin?callbackUrl=%2Fproducts 302 in 28ms
 GET /api/auth/signin?callbackUrl=%2Fpos 302 in 52ms
 GET /api/products 200 in 701ms
 GET /api/auth/session 200 in 56ms
 GET /?callbackUrl=https%3A%2F%2F9e2a0162a.preview.abacusai.app%2Fproducts 200 in 94ms
 GET /?callbackUrl=https%3A%2F%2F9e2a0162a.preview.abacusai.app%2Fpos 200 in 97ms
 ○ Compiling /_not-found ...
 ✓ Compiled /_not-found in 551ms (893 modules)
 GET /api/auth/signin?callbackUrl=%2Fdashboard 302 in 640ms
 GET /api/products 200 in 662ms
 GET /offline 404 in 667ms
 GET /api/customers 200 in 763ms
 GET /?callbackUrl=https%3A%2F%2F9e2a0162a.preview.abacusai.app%2Fdashboard 200 in 68ms
 ✓ Compiled /api/categories in 155ms (581 modules)
 GET /api/customers 200 in 318ms
 GET /api/categories 200 in 338ms
 GET /api/categories 200 in 23ms
 GET /api/auth/csrf 200 in 50ms
 ✓ Compiled /api/signup in 227ms (583 modules)
 POST /api/signup 201 in 367ms
 GET / 200 in 69ms
 GET /api/auth/signin 302 in 49ms
 GET /?callbackUrl=https://9e2a0162a.preview.abacusai.app 200 in 57ms
 GET /api/auth/csrf 200 in 46ms
 POST /api/auth/callback/credentials 302 in 175ms
 ○ Compiling /dashboard ...
 ✓ Compiled /dashboard in 2.2s (2283 modules)
 GET /dashboard 200 in 2748ms
 GET / 200 in 54ms
 GET /dashboard 200 in 53ms
 GET /api/products 200 in 82ms
 GET /api/auth/session 200 in 140ms
 GET / 200 in 185ms
 ○ Compiling /api/stores ...
 ✓ Compiled /api/stores in 2.5s (3242 modules)
 GET /api/customers 200 in 2634ms
 GET /api/auth/session 200 in 2648ms
 GET /api/products 200 in 2821ms
 GET /api/stores 200 in 2844ms
 GET /dashboard 200 in 2665ms
 GET /products 200 in 2956ms
 GET /pos 200 in 2906ms
 GET /api/categories 200 in 126ms
 GET /api/products 200 in 80ms
 GET /api/customers 200 in 88ms
 GET /api/auth/session 200 in 91ms
 GET /offline 404 in 71ms
 GET /api/stores 200 in 111ms
 GET /api/products 200 in 59ms
 GET /api/auth/session 200 in 56ms
 GET /api/categories 200 in 56ms
 GET /api/auth/session 200 in 31ms
 GET /api/stores 200 in 53ms
 GET /api/customers 200 in 49ms
 GET /api/auth/session 200 in 43ms
 GET /api/customers 200 in 64ms
 ✓ Compiled /api/sales/stats in 409ms (1782 modules)
 GET /api/categories 200 in 760ms
 GET /api/auth/session 200 in 748ms
 GET /api/stores 200 in 767ms
 GET /api/products?storeId=cmk31myec0000shvdauq3yfvh 200 in 662ms
 GET /api/categories 200 in 409ms
 GET /api/customers 200 in 644ms
 GET /api/categories 200 in 420ms
 GET /api/sales/stats?period=today&storeId=cmk31myec0000shvdauq3yfvh 200 in 822ms
 GET /api/stores 200 in 48ms
 GET /api/customers 200 in 43ms
 GET /api/products?storeId=cmk31myec0000shvdauq3yfvh 200 in 40ms
 GET /api/categories 200 in 37ms
 GET /api/customers 200 in 42ms
 GET /api/products?storeId=cmk31myec0000shvdauq3yfvh 200 in 42ms
 ○ Compiling /returns ...
 ✓ Compiled /returns in 1602ms (3348 modules)
 GET /pos 200 in 1861ms
 GET /suppliers 200 in 1895ms
 GET /inventory 200 in 1901ms
 GET /users 200 in 1891ms
 GET /customers 200 in 1888ms
 GET /returns 200 in 1863ms
 GET /reports 200 in 1863ms
 GET /sales 200 in 1865ms
 GET /products 200 in 1889ms
 GET /api/products 200 in 213ms
 ○ Compiling /api/returns ...
 ✓ Compiled /api/returns in 699ms (1844 modules)
 ✓ Compiled (1854 modules)
 GET /api/stores 200 in 1470ms
 GET /api/products 200 in 1298ms
 GET /api/customers 200 in 1472ms
 GET /api/inventory/transfers 200 in 1648ms
 GET /api/inventory/low-stock 200 in 1651ms
 GET /api/inventory/adjustments 200 in 1651ms
 GET /api/suppliers 200 in 1497ms
 GET /api/returns 200 in 1571ms
 GET /api/auth/session 200 in 1621ms
 GET /api/users 200 in 1613ms
 GET /api/sales/stats?period=month 200 in 1390ms
 GET / 200 in 1609ms
 GET /pos 200 in 1412ms
 GET /products 200 in 1413ms
 GET /api/stores 200 in 183ms
 GET /api/customers 200 in 152ms
 GET /api/products 200 in 153ms
 GET /api/suppliers 200 in 152ms
 GET /api/inventory/low-stock 200 in 153ms
 GET /api/inventory/transfers 200 in 159ms
 GET /api/inventory/adjustments 200 in 166ms
 GET /api/returns 200 in 168ms
 GET /offline 404 in 138ms
 GET /api/auth/session 200 in 165ms
 GET /api/users 200 in 173ms
 GET /api/sales/stats?period=month 200 in 184ms
 GET /api/customers 200 in 104ms
 GET /api/products 200 in 101ms
 GET /api/stores 200 in 128ms
 GET /dashboard 200 in 121ms
 GET /api/auth/session 200 in 134ms
 GET /api/customers 200 in 111ms
 GET /api/products 200 in 70ms
 GET /api/categories 200 in 90ms
 GET /api/stores 200 in 102ms
 GET /api/auth/session 200 in 82ms
 GET /api/products 200 in 70ms
 GET /api/customers 200 in 69ms
 GET /api/categories 200 in 77ms
 GET /api/stores 200 in 75ms
 GET /api/auth/session 200 in 69ms
 GET /api/products 200 in 92ms
 GET /api/customers 200 in 101ms
 GET /api/categories 200 in 370ms
 GET /api/stores 200 in 446ms
 GET /api/auth/session 200 in 446ms
 GET /api/products?storeId=cmk31myec0000shvdauq3yfvh 200 in 506ms
 GET /api/inventory/low-stock?storeId=cmk31myec0000shvdauq3yfvh 200 in 512ms
 GET /api/inventory/transfers?storeId=cmk31myec0000shvdauq3yfvh 200 in 515ms
 GET /api/inventory/adjustments?storeId=cmk31myec0000shvdauq3yfvh 200 in 521ms
 GET /api/products 200 in 467ms
 GET /api/customers 200 in 277ms
 GET /api/categories 200 in 166ms
 GET /api/stores 200 in 168ms
 GET /api/auth/session 200 in 168ms
 GET /api/inventory/adjustments?storeId=cmk31myec0000shvdauq3yfvh 200 in 157ms
 GET /api/inventory/low-stock?storeId=cmk31myec0000shvdauq3yfvh 200 in 159ms
 GET /api/inventory/transfers?storeId=cmk31myec0000shvdauq3yfvh 200 in 159ms
 GET /api/products?storeId=cmk31myec0000shvdauq3yfvh 200 in 166ms
 GET /api/products 200 in 164ms
 GET /api/categories 200 in 131ms
 GET /api/customers 200 in 136ms
 GET /api/stores 200 in 142ms
 GET /api/auth/session 200 in 182ms
 GET /api/products 200 in 146ms
 GET /api/customers 200 in 60ms
 GET /api/categories 200 in 62ms
 GET /api/stores 200 in 70ms
 GET /api/auth/session 200 in 72ms
 GET /api/products 200 in 120ms
 GET /api/stores 200 in 108ms
 GET /api/auth/session 200 in 91ms
 GET /api/customers 200 in 90ms
 GET /api/categories 200 in 97ms
 GET /api/products 200 in 57ms
 GET /api/stores 200 in 61ms
 GET /api/auth/session 200 in 53ms
 GET /api/customers 200 in 61ms
 GET /api/categories 200 in 69ms
 GET /api/products 200 in 95ms
 GET /api/stores 200 in 112ms
 GET /api/customers 200 in 89ms
 GET /api/auth/session 200 in 159ms
 GET /api/categories 200 in 155ms
 GET /api/products 200 in 128ms
 GET /api/customers 200 in 66ms
 GET /api/stores 200 in 68ms
 GET /api/auth/session 200 in 81ms
 GET /api/categories 200 in 91ms
 GET /api/products 200 in 88ms
 GET /api/stores 200 in 122ms
 GET /api/stores 200 in 122ms
 GET /api/stores 200 in 122ms
 GET /api/stores 200 in 120ms
 GET /api/customers 200 in 106ms
 GET /api/auth/session 200 in 92ms
 GET /api/products 200 in 70ms
 GET /api/categories 200 in 71ms
 GET /api/stores 200 in 87ms
 GET /api/categories 200 in 118ms
 GET /api/auth/session 200 in 107ms
 GET /api/auth/session 200 in 52ms
 GET /api/stores 200 in 48ms
 GET /api/auth/session 200 in 44ms
 GET /api/stores 200 in 47ms
 GET /api/auth/session 200 in 49ms
 GET /api/stores 200 in 50ms
 GET /api/auth/session 200 in 99ms
 GET /api/stores 200 in 109ms
 GET /api/auth/session 200 in 96ms
 GET /api/stores 200 in 114ms
 GET /api/inventory/adjustments?storeId=cmk31myec0000shvdauq3yfvh 200 in 109ms
 GET /api/inventory/low-stock?storeId=cmk31myec0000shvdauq3yfvh 200 in 111ms
 GET /api/inventory/transfers?storeId=cmk31myec0000shvdauq3yfvh 200 in 114ms
 GET /api/products?storeId=cmk31myec0000shvdauq3yfvh 200 in 125ms
 GET /api/auth/session 200 in 39ms
 GET /api/stores 200 in 44ms
 GET /api/stores 200 in 54ms
 GET /api/stores 200 in 26ms
 GET /api/inventory/low-stock?storeId=cmk31myec0000shvdauq3yfvh 200 in 50ms
 GET /api/products?storeId=cmk31myec0000shvdauq3yfvh 200 in 68ms
 GET /api/stores 200 in 76ms
 GET /api/inventory/adjustments?storeId=cmk31myec0000shvdauq3yfvh 200 in 74ms
 GET /api/inventory/transfers?storeId=cmk31myec0000shvdauq3yfvh 200 in 79ms
[?25h
