  ▲ Next.js 14.2.28
  - Local:        http://localhost:3000
  - Environments: .env
  - Experiments (use with caution):
    · outputFileTracingRoot

 ✓ Starting...
 ✓ Ready in 1930ms
 ○ Compiling / ...
 ✓ Compiled / in 1772ms (633 modules)
 GET / 200 in 2114ms
 ✓ Compiled in 386ms (324 modules)
 ✓ Compiled /api/auth/[...nextauth] in 494ms (550 modules)
 GET /api/auth/providers 200 in 931ms
 GET / 200 in 78ms
 ○ Compiling /middleware ...
 ✓ Compiled /middleware in 576ms (750 modules)
 GET /api/auth/session 200 in 667ms
 GET / 200 in 757ms
 GET /api/auth/session 200 in 52ms
 GET /api/auth/signin?callbackUrl=%2Fproducts 302 in 52ms
 GET /api/auth/signin?callbackUrl=%2Fpos 302 in 51ms
 GET /api/products 200 in 870ms
 GET /?callbackUrl=https%3A%2F%2F9e2a0162a.preview.abacusai.app%2Fproducts 200 in 67ms
 ✓ Compiled /_not-found in 458ms (893 modules)
 GET /api/auth/signin?callbackUrl=%2Fdashboard 302 in 572ms
 GET /api/products 200 in 574ms
 GET /?callbackUrl=https%3A%2F%2F9e2a0162a.preview.abacusai.app%2Fpos 200 in 621ms
 GET /offline 404 in 536ms
 GET /api/customers 200 in 621ms
 GET /?callbackUrl=https%3A%2F%2F9e2a0162a.preview.abacusai.app%2Fdashboard 200 in 47ms
 ✓ Compiled /api/categories in 144ms (581 modules)
 GET /api/customers 200 in 322ms
 GET /api/categories 200 in 343ms
 GET /api/categories 200 in 26ms
 GET /api/auth/csrf 200 in 47ms
 ✓ Compiled /api/signup in 173ms (583 modules)
 POST /api/signup 201 in 304ms
 GET / 200 in 42ms
 GET /api/auth/signin 302 in 46ms
 GET /?callbackUrl=https://9e2a0162a.preview.abacusai.app 200 in 34ms
 GET /api/auth/csrf 200 in 26ms
 POST /api/auth/callback/credentials 302 in 132ms
 ○ Compiling /dashboard ...
 ✓ Compiled /dashboard in 1504ms (2283 modules)
 GET /dashboard 200 in 1746ms
 GET / 200 in 48ms
 GET /dashboard 200 in 54ms
 GET /api/products 200 in 190ms
 GET /api/auth/session 200 in 288ms
 GET / 200 in 236ms
 ○ Compiling /api/stores ...
 ✓ Compiled /api/stores in 2.4s (3242 modules)
 GET /api/products 200 in 2584ms
 GET /api/customers 200 in 2618ms
 GET /api/auth/session 200 in 2829ms
 GET /api/stores 200 in 2803ms
 GET /products 200 in 2998ms
 GET /dashboard 200 in 2660ms
 GET /pos 200 in 3003ms
 GET /api/products 200 in 127ms
 GET /api/customers 200 in 137ms
 GET /api/categories 200 in 95ms
 GET /offline 404 in 80ms
 GET /api/auth/session 200 in 122ms
 GET /api/stores 200 in 122ms
 GET /api/products 200 in 114ms
 GET /api/customers 200 in 87ms
 GET /api/categories 200 in 100ms
 GET /api/auth/session 200 in 109ms
 GET /api/stores 200 in 96ms
 GET /api/customers 200 in 104ms
 GET /api/categories 200 in 113ms
 GET /api/auth/session 200 in 81ms
 ✓ Compiled /api/sales/stats in 396ms (1782 modules)
 ✓ Compiled in 0ms (1782 modules)
 GET /api/stores 200 in 811ms
 ✓ Compiled in 1ms (1782 modules)
 GET /api/products?storeId=cmk31myec0000shvdauq3yfvh 200 in 774ms
 ✓ Compiled in 0ms (1782 modules)
 GET /api/categories 200 in 1407ms
 GET /api/categories 200 in 1069ms
 GET /api/customers 200 in 1160ms
 GET /api/auth/session 200 in 1374ms
 GET /api/sales/stats?period=today&storeId=cmk31myec0000shvdauq3yfvh 200 in 1484ms
 ✓ Compiled in 1ms (1782 modules)
 ✓ Compiled in 1ms (1782 modules)
 ✓ Compiled in 0ms (1782 modules)
 GET /api/products?storeId=cmk31myec0000shvdauq3yfvh 200 in 1229ms
 GET /api/categories 200 in 1150ms
 GET /api/customers 200 in 1150ms
 ○ Compiling /reports ...
 ✓ Compiled /reports in 1789ms (3348 modules)
 GET /inventory 200 in 2081ms
 GET /suppliers 200 in 2078ms
 GET /pos 200 in 1976ms
 GET /returns 200 in 2049ms
 GET /users 200 in 2077ms
 GET /reports 200 in 2049ms
 GET /sales 200 in 2049ms
 GET /products 200 in 2050ms
 GET /customers 200 in 2050ms
 ○ Compiling /api/returns ...
 ✓ Compiled /api/returns in 1042ms (1844 modules)
 ✓ Compiled (1854 modules)
 GET /api/products 200 in 1835ms
 GET /api/auth/session 200 in 1823ms
 GET / 200 in 1838ms
 GET /api/customers 200 in 1624ms
 GET /api/returns 200 in 1753ms
 GET /api/stores 200 in 1841ms
 GET /api/inventory/adjustments 200 in 1843ms
 GET /api/suppliers 200 in 1994ms
 GET /api/inventory/low-stock 200 in 1850ms
 GET /api/users 200 in 1820ms
 GET /api/inventory/transfers 200 in 1851ms
 GET /api/sales/stats?period=month 200 in 1884ms
 GET /products 200 in 1877ms
 GET /pos 200 in 1880ms
 GET /api/products 200 in 203ms
 GET /api/auth/session 200 in 123ms
 GET /api/customers 200 in 162ms
 GET /api/suppliers 200 in 163ms
 GET /api/stores 200 in 165ms
 GET /api/returns 200 in 192ms
 GET /offline 404 in 153ms
 GET /api/inventory/adjustments 200 in 202ms
 GET /api/inventory/transfers 200 in 194ms
 GET /api/users 200 in 194ms
 GET /api/inventory/low-stock 200 in 197ms
 GET /api/sales/stats?period=month 200 in 218ms
 GET /api/products 200 in 156ms
 GET /dashboard 200 in 237ms
 GET /api/auth/session 200 in 104ms
 GET /api/customers 200 in 102ms
 GET /api/stores 200 in 104ms
 GET /api/products 200 in 48ms
 GET /api/auth/session 200 in 83ms
 GET /api/categories 200 in 81ms
 GET /api/customers 200 in 89ms
 GET /api/stores 200 in 93ms
 GET /api/products 200 in 51ms
 GET /api/auth/session 200 in 57ms
 GET /api/categories 200 in 70ms
 GET /api/stores 200 in 72ms
 GET /api/customers 200 in 81ms
 GET /api/products 200 in 70ms
 GET /api/auth/session 200 in 62ms
 GET /api/stores 200 in 55ms
 GET /api/customers 200 in 64ms
 GET /api/categories 200 in 75ms
 GET /api/products 200 in 77ms
 GET /api/stores 200 in 101ms
 GET /api/auth/session 200 in 106ms
 GET /api/categories 200 in 158ms
 GET /api/customers 200 in 144ms
 GET /api/products 200 in 157ms
 GET /api/auth/session 200 in 199ms
 GET /api/products?storeId=cmk31myec0000shvdauq3yfvh 200 in 212ms
 GET /api/stores 200 in 227ms
 GET /api/customers 200 in 172ms
 GET /api/categories 200 in 198ms
 GET /api/products 200 in 198ms
 GET /api/auth/session 200 in 128ms
 GET /api/stores 200 in 154ms
 GET /api/customers 200 in 105ms
 GET /api/categories 200 in 113ms
 GET /api/products 200 in 105ms
 GET /api/products?storeId=cmk31myec0000shvdauq3yfvh 200 in 118ms
 GET /api/auth/session 200 in 112ms
 GET /api/stores 200 in 106ms
 GET /api/customers 200 in 109ms
 GET /api/categories 200 in 120ms
 GET /api/products 200 in 80ms
 GET /api/auth/session 200 in 87ms
 GET /api/stores 200 in 88ms
 GET /api/customers 200 in 82ms
 GET /api/categories 200 in 81ms
 GET /api/products 200 in 88ms
 GET /api/auth/session 200 in 102ms
 GET /api/products?storeId=cmk31myec0000shvdauq3yfvh 200 in 152ms
 GET /api/products 200 in 144ms
 GET /api/inventory/low-stock?storeId=cmk31myec0000shvdauq3yfvh 200 in 165ms
 GET /api/inventory/transfers?storeId=cmk31myec0000shvdauq3yfvh 200 in 165ms
 GET /api/stores 200 in 170ms
 GET /api/inventory/adjustments?storeId=cmk31myec0000shvdauq3yfvh 200 in 161ms
 GET /api/customers 200 in 179ms
 GET /api/categories 200 in 171ms
 GET /api/auth/session 200 in 80ms
 GET /api/auth/session 200 in 81ms
 GET /api/stores 200 in 111ms
 GET /api/auth/session 200 in 38ms
 GET /api/stores 200 in 43ms
 GET /api/auth/session 200 in 48ms
 GET /api/stores 200 in 73ms
 GET /api/categories 200 in 66ms
 GET /api/products?storeId=cmk31myec0000shvdauq3yfvh 200 in 69ms
 GET /api/customers 200 in 68ms
 GET /api/auth/session 200 in 36ms
 GET /api/stores 200 in 39ms
 GET /api/auth/session 200 in 30ms
 GET /api/stores 200 in 65ms
 GET /api/products?storeId=cmk31myec0000shvdauq3yfvh 200 in 75ms
 GET /api/customers 200 in 75ms
 GET /api/categories 200 in 76ms
 GET /api/stores 200 in 38ms
 GET /api/customers 200 in 121ms
 GET /api/products?storeId=cmk31myec0000shvdauq3yfvh 200 in 128ms
 GET /api/categories 200 in 135ms
[?25h
