  ▲ Next.js 14.2.28
  - Local:        http://localhost:3000
  - Environments: .env
  - Experiments (use with caution):
    · outputFileTracingRoot

 ✓ Starting...
 ✓ Ready in 1402ms
 ○ Compiling / ...
 ✓ Compiled / in 1684ms (631 modules)
 GET / 200 in 2414ms
 ✓ Compiled in 790ms (323 modules)
 ○ Compiling /api/auth/[...nextauth] ...
 ✓ Compiled /api/auth/[...nextauth] in 723ms (549 modules)
 GET /api/auth/providers 200 in 1147ms
 GET / 200 in 72ms
 ○ Compiling /middleware ...
 ✓ Compiled /middleware in 624ms (749 modules)
 GET /api/auth/session 200 in 716ms
 GET / 200 in 805ms
 GET /api/auth/signin?callbackUrl=%2Fpos 302 in 30ms
 GET /api/auth/signin?callbackUrl=%2Fproducts 302 in 29ms
 GET /api/auth/session 200 in 31ms
 GET /api/products 200 in 883ms
 GET /?callbackUrl=https%3A%2F%2F704ea6f49.preview.abacusai.app%2Fproducts 200 in 43ms
 GET /?callbackUrl=https%3A%2F%2F704ea6f49.preview.abacusai.app%2Fpos 200 in 41ms
 GET /api/products 200 in 31ms
 ✓ Compiled /_not-found in 488ms (891 modules)
 GET /api/auth/signin?callbackUrl=%2Fdashboard 302 in 548ms
 GET /offline 404 in 561ms
 GET /api/customers 200 in 597ms
 GET /?callbackUrl=https%3A%2F%2F704ea6f49.preview.abacusai.app%2Fdashboard 200 in 56ms
 ✓ Compiled /api/categories in 144ms (580 modules)
 GET /api/customers 200 in 309ms
 GET /api/categories 200 in 328ms
 GET /api/categories 200 in 22ms
 GET /api/auth/csrf 200 in 39ms
 ✓ Compiled /api/signup in 145ms (582 modules)
 POST /api/signup 201 in 275ms
 GET / 200 in 39ms
 GET /api/auth/signin 302 in 45ms
 GET /?callbackUrl=https://704ea6f49.preview.abacusai.app 200 in 26ms
 GET /api/auth/csrf 200 in 19ms
 POST /api/auth/callback/credentials 302 in 95ms
 ○ Compiling /dashboard ...
 ✓ Compiled /dashboard in 1450ms (2259 modules)
 GET /dashboard 200 in 1672ms
 GET / 200 in 47ms
 GET /dashboard 200 in 41ms
 GET /api/products 200 in 40ms
 GET /api/auth/session 200 in 75ms
 GET /api/products 200 in 47ms
 GET / 200 in 110ms
 ○ Compiling /api/stores ...
 ✓ Compiled /api/stores in 1518ms (3218 modules)
 GET /api/customers 200 in 1670ms
 GET /api/auth/session 200 in 1645ms
 GET /api/products 200 in 1637ms
 GET /api/stores 200 in 1859ms
 GET /products 200 in 1908ms
 GET /pos 200 in 1910ms
 GET /dashboard 200 in 1817ms
 GET /api/customers 200 in 117ms
 GET /api/categories 200 in 131ms
 GET /api/products 200 in 81ms
 GET /api/auth/session 200 in 70ms
 GET /offline 404 in 33ms
 GET /api/stores 200 in 80ms
 GET /api/customers 200 in 56ms
 GET /api/auth/session 200 in 42ms
 GET /api/categories 200 in 40ms
 GET /api/stores 200 in 32ms
 GET /api/customers 200 in 32ms
 GET /api/auth/session 200 in 28ms
 GET /api/categories 200 in 29ms
 GET /api/stores 200 in 42ms
 ✓ Compiled /api/sales/stats in 307ms (1770 modules)
 GET /api/categories 200 in 985ms
 GET /api/auth/session 200 in 986ms
 GET /api/sales/stats?period=today&storeId=cmk31myec0000shvdauq3yfvh 200 in 1032ms
 GET /api/stores 200 in 980ms
 GET /api/sales/stats?period=today&storeId=cmk31myec0000shvdauq3yfvh 200 in 37ms
 GET /api/stores 200 in 26ms
 GET /api/sales/stats?period=today&storeId=cmk31myec0000shvdauq3yfvh 200 in 25ms
 GET /api/sales/stats?period=today&storeId=cmk31myec0000shvdauq3yfvh 200 in 31ms
 GET /api/sales/stats?period=today&storeId=cmk31myec0000shvdauq3yfvh 200 in 35ms
 GET /api/sales/stats?period=today&storeId=cmk31myec0000shvdauq3yfvh 200 in 25ms
 ○ Compiling /reports ...
 ✓ Compiled /reports in 1307ms (3268 modules)
 GET /pos 200 in 1492ms
 GET /products 200 in 1495ms
 GET /customers 200 in 1502ms
 GET /returns 200 in 1496ms
 GET /reports 200 in 1496ms
 GET /sales 200 in 1496ms
 GET /api/products 200 in 83ms
 GET /api/auth/session 200 in 87ms
 GET /api/customers 200 in 101ms
 ✓ Compiled /api/returns in 359ms (1800 modules)
 GET /api/customers 200 in 688ms
 GET /api/auth/session 200 in 721ms
 GET /api/products 200 in 735ms
 GET /api/returns 200 in 875ms
 GET /api/sales/stats?period=month 200 in 817ms
 GET /api/stores 200 in 768ms
 GET /products 200 in 781ms
 GET /pos 200 in 783ms
 GET / 200 in 888ms
 GET /api/customers 200 in 52ms
 GET /api/products 200 in 60ms
 GET /api/auth/session 200 in 54ms
 GET /api/returns 200 in 58ms
 GET /offline 404 in 72ms
 ✓ Compiled /api/sales in 343ms (1802 modules)
 GET /api/customers 200 in 712ms
 GET /api/stores 200 in 742ms
 GET /api/sales/stats?period=month 200 in 753ms
 GET /api/products 200 in 707ms
 GET /api/categories 200 in 745ms
 GET /api/sales?storeId=cmk31myec0000shvdauq3yfvh&limit=50 200 in 779ms
 GET /api/auth/session 200 in 752ms
 GET /dashboard 200 in 764ms
 GET /api/stores 200 in 94ms
 GET /api/customers 200 in 101ms
 GET /api/categories 200 in 58ms
 GET /api/sales?storeId=cmk31myec0000shvdauq3yfvh&limit=50 200 in 58ms
 GET /api/products 200 in 59ms
 GET /api/auth/session 200 in 48ms
 GET /api/stores 200 in 34ms
 GET /api/customers 200 in 35ms
 GET /api/products 200 in 39ms
 GET /api/categories 200 in 44ms
 GET /api/auth/session 200 in 26ms
 GET /api/stores 200 in 45ms
 GET /api/customers 200 in 44ms
 GET /api/products?storeId=cmk31myec0000shvdauq3yfvh 200 in 55ms
 GET /api/products 200 in 48ms
 GET /api/categories 200 in 49ms
 GET /api/auth/session 200 in 36ms
 GET /api/stores 200 in 36ms
 GET /api/customers 200 in 38ms
 GET /api/products 200 in 43ms
 GET /api/categories 200 in 54ms
 GET /api/auth/session 200 in 68ms
 GET /api/stores 200 in 74ms
 GET /api/products?storeId=cmk31myec0000shvdauq3yfvh 200 in 71ms
 GET /api/customers 200 in 72ms
 GET /api/products 200 in 64ms
 GET /api/categories 200 in 43ms
 GET /api/auth/session 200 in 37ms
 GET /api/stores 200 in 42ms
 GET /api/customers 200 in 47ms
 GET /api/products 200 in 47ms
 GET /api/categories 200 in 41ms
 GET /api/auth/session 200 in 45ms
 GET /api/stores 200 in 51ms
 GET /api/customers 200 in 41ms
 GET /api/products 200 in 54ms
 GET /api/categories 200 in 45ms
 GET /api/auth/session 200 in 43ms
 GET /api/stores 200 in 36ms
 GET /api/customers 200 in 41ms
 GET /api/products?storeId=cmk31myec0000shvdauq3yfvh& 200 in 49ms
 GET /api/products 200 in 43ms
 GET /api/categories 200 in 51ms
 GET /api/auth/session 200 in 73ms
 GET /api/customers 200 in 73ms
 GET /api/stores 200 in 91ms
 GET /api/products?storeId=cmk31myec0000shvdauq3yfvh& 200 in 79ms
 GET /api/categories 200 in 39ms
 GET /api/auth/session 200 in 29ms
 GET /api/customers 200 in 28ms
 GET /api/stores 200 in 36ms
 GET /api/categories 200 in 29ms
 GET /api/customers 200 in 28ms
 GET /api/auth/session 200 in 32ms
 GET /api/stores 200 in 34ms
 GET /api/categories 200 in 27ms
 GET /api/customers 200 in 35ms
 GET /api/auth/session 200 in 41ms
 GET /api/stores 200 in 478ms
 GET /api/categories 200 in 475ms
 GET /api/auth/session 200 in 161ms
 GET /api/stores 200 in 137ms
 GET /api/categories 200 in 47ms
 GET /api/auth/session 200 in 61ms
 GET /api/stores 200 in 50ms
 GET /api/categories 200 in 43ms
 GET /api/auth/session 200 in 64ms
 GET /api/stores 200 in 51ms
 GET /api/categories 200 in 52ms
 GET /api/customers 200 in 53ms
 GET /api/products?storeId=cmk31myec0000shvdauq3yfvh 200 in 54ms
 GET /api/auth/session 200 in 36ms
 GET /api/stores 200 in 38ms
 GET /api/categories 200 in 39ms
 GET /api/auth/session 200 in 108ms
 GET /api/stores 200 in 112ms
 GET /api/products?storeId=cmk31myec0000shvdauq3yfvh& 200 in 35ms
 GET /api/categories 200 in 43ms
 GET /api/auth/session 200 in 29ms
 GET /api/stores 200 in 37ms
 GET /api/auth/session 200 in 29ms
 GET /api/stores 200 in 35ms
 GET /api/sales?storeId=cmk31myec0000shvdauq3yfvh&limit=50 200 in 36ms
 GET /api/auth/session 200 in 36ms
 GET /api/stores 200 in 44ms
 GET /api/categories 200 in 44ms
 GET /api/products?storeId=cmk31myec0000shvdauq3yfvh& 200 in 50ms
 GET /api/auth/session 200 in 30ms
 GET /api/stores 200 in 31ms
 GET /api/auth/session 200 in 115ms
 GET /api/stores 200 in 119ms
 GET /api/sales?storeId=cmk31myec0000shvdauq3yfvh&limit=50 200 in 116ms
 GET /api/auth/session 200 in 24ms
 GET /api/stores 200 in 28ms
 GET /api/auth/session 200 in 29ms
 GET /api/stores 200 in 38ms
 GET /api/customers 200 in 37ms
 GET /api/categories 200 in 42ms
 GET /api/products?storeId=cmk31myec0000shvdauq3yfvh 200 in 41ms
 GET /api/stores 200 in 20ms
 GET /api/products?storeId=cmk31myec0000shvdauq3yfvh& 200 in 36ms
 GET /api/categories 200 in 34ms
 ○ Compiling /returns/new ...
 ✓ Compiled /returns/new in 1816ms (3298 modules)
 GET /returns/new 200 in 1778ms
 GET /products/new 200 in 1998ms
 GET /products/cmk31myqi000xshvdrwak4njo/edit 200 in 2342ms
 GET /products/cmk31myqa000pshvdap44yonr/edit 200 in 2341ms
 GET /products/cmk31myqu001bshvdpdflbcfe/edit 200 in 2341ms
 GET /products/cmk31myqm0011shvdn0wkdbxo/edit 200 in 2323ms
 GET /products/cmk31myqk000zshvd97ah0sxr/edit 200 in 2168ms
 GET /products/cmk31myqr0017shvdpobw5z3x/edit 200 in 2169ms
 GET /products/cmk31myqs0019shvdq1vg6ip8/edit 200 in 2170ms
 GET /products/cmk31myqg000vshvdlr9e16mg/edit 200 in 2170ms
 GET /products/cmk31myqn0013shvdg1v8i4x2/edit 200 in 2170ms
 GET /products/cmk31myq0000nshvdw0pwk6k2/edit 200 in 2157ms
 GET /products/cmk31myqc000rshvdoip20j53/edit 200 in 2156ms
 GET /products/cmk31myqp0015shvd3w4zgwh2/edit 200 in 2203ms
 GET /products/cmk31myqe000tshvdv1wkrqhw/edit 200 in 2157ms
 GET /products/cmk31myqx001fshvd6zlcnyyw/edit 200 in 2146ms
 GET /products/cmk31myqv001dshvddahgs0s5/edit 200 in 2352ms
 GET /api/products 200 in 126ms
 GET /api/categories 200 in 155ms
 GET /api/auth/session 200 in 115ms
 GET / 200 in 248ms
 GET /api/customers 200 in 178ms
 GET /api/products 200 in 183ms
 GET /api/categories 200 in 171ms
 GET /products 200 in 288ms
 GET /pos 200 in 318ms
 GET /api/auth/session 200 in 228ms
 GET /api/stores 200 in 232ms
 GET /offline 404 in 227ms
 GET /api/products 200 in 317ms
 GET /api/customers 200 in 303ms
 GET /api/categories 200 in 305ms
 GET /api/stores 200 in 314ms
 GET /api/auth/session 200 in 304ms
 GET /dashboard 200 in 429ms
 GET /api/products 200 in 317ms
 GET /api/customers 200 in 398ms
 GET /api/categories 200 in 390ms
 ○ Compiling /api/products/[id] ...
 ✓ Compiled /api/products/[id] in 1633ms (2223 modules)
 GET /api/auth/session 200 in 2294ms
 GET /api/stores 200 in 2302ms
 GET /api/products 200 in 2263ms
 GET /api/customers 200 in 2123ms
 GET /api/categories 200 in 2071ms
 GET / 200 in 2494ms
 GET /pos 200 in 2137ms
 GET /products 200 in 2140ms
 GET /api/stores 200 in 228ms
 GET /api/products 200 in 67ms
 GET /api/categories 200 in 92ms
 GET /api/auth/session 200 in 113ms
 GET /api/customers 200 in 121ms
 GET /offline 404 in 112ms
 GET /api/products 200 in 67ms
 GET /api/categories 200 in 58ms
 GET /api/auth/session 200 in 100ms
 GET /api/customers 200 in 134ms
 GET /dashboard 200 in 143ms
 GET /api/stores 200 in 138ms
 GET /api/products 200 in 105ms
 GET /api/categories 200 in 109ms
 GET /api/auth/session 200 in 85ms
 GET /api/customers 200 in 103ms
 GET /api/stores 200 in 105ms
 GET /api/products 200 in 98ms
 GET /api/categories 200 in 88ms
 GET /api/products/cmk31myqi000xshvdrwak4njo 200 in 3101ms
 GET /api/products/cmk31myqs0019shvdq1vg6ip8 200 in 3093ms
 GET /api/products/cmk31myqx001fshvd6zlcnyyw 200 in 2871ms
 GET /api/products/cmk31myqa000pshvdap44yonr 200 in 2666ms
 GET /api/products/cmk31myqm0011shvdn0wkdbxo 200 in 2615ms
 GET /api/products/cmk31myqv001dshvddahgs0s5 200 in 2614ms
 GET /api/products/cmk31myqk000zshvd97ah0sxr 200 in 2607ms
 GET /api/products/cmk31myqp0015shvd3w4zgwh2 200 in 2607ms
 GET /api/products/cmk31myqc000rshvdoip20j53 200 in 2557ms
 GET /api/products/cmk31myqu001bshvdpdflbcfe 200 in 2506ms
 GET /api/products/cmk31myqn0013shvdg1v8i4x2 200 in 2424ms
 GET /api/products/cmk31myqe000tshvdv1wkrqhw 200 in 2385ms
 GET /api/products/cmk31myqr0017shvdpobw5z3x 200 in 2372ms
 GET /api/products/cmk31myqg000vshvdlr9e16mg 200 in 2319ms
 GET /api/products/cmk31myq0000nshvdw0pwk6k2 200 in 2274ms
 GET /api/auth/session 200 in 126ms
 GET /api/customers 200 in 126ms
 GET /api/stores 200 in 185ms
 GET /api/products 200 in 191ms
 GET /api/categories 200 in 153ms
 GET /api/products/cmk31myqp0015shvd3w4zgwh2 200 in 230ms
 GET /api/products/cmk31myqi000xshvdrwak4njo 200 in 230ms
 GET /api/products/cmk31myqr0017shvdpobw5z3x 200 in 226ms
 GET /api/products/cmk31myqs0019shvdq1vg6ip8 200 in 221ms
 GET /api/products/cmk31myqc000rshvdoip20j53 200 in 221ms
 GET /api/products/cmk31myqv001dshvddahgs0s5 200 in 219ms
 GET /api/products/cmk31myqu001bshvdpdflbcfe 200 in 219ms
 GET /api/products/cmk31myqg000vshvdlr9e16mg 200 in 213ms
 GET /api/products/cmk31myq0000nshvdw0pwk6k2 200 in 194ms
 GET /api/products/cmk31myqk000zshvd97ah0sxr 200 in 192ms
 GET /api/products/cmk31myqa000pshvdap44yonr 200 in 191ms
 GET /api/products/cmk31myqn0013shvdg1v8i4x2 200 in 190ms
 GET /api/products/cmk31myqm0011shvdn0wkdbxo 200 in 189ms
 GET /api/products/cmk31myqe000tshvdv1wkrqhw 200 in 189ms
 GET /api/products/cmk31myqx001fshvd6zlcnyyw 200 in 189ms
 GET /api/auth/session 200 in 206ms
 GET /api/customers 200 in 206ms
 GET /api/stores 200 in 162ms
 GET /api/products 200 in 70ms
 GET /api/categories 200 in 71ms
 GET /api/customers 200 in 82ms
 GET /api/auth/session 200 in 90ms
 GET /api/stores 200 in 81ms
 GET /api/categories 200 in 85ms
 GET /api/products 200 in 85ms
 GET /api/customers 200 in 58ms
 GET /api/auth/session 200 in 46ms
 GET /api/categories 200 in 40ms
 GET /api/stores 200 in 77ms
 GET /api/products 200 in 70ms
 GET /api/customers 200 in 78ms
 GET /api/auth/session 200 in 48ms
 GET /api/categories 200 in 56ms
 GET /api/stores 200 in 60ms
 GET /api/products 200 in 81ms
 GET /api/customers 200 in 84ms
 GET /api/auth/session 200 in 133ms
 GET /api/categories 200 in 151ms
 GET /api/stores 200 in 201ms
 GET /api/products 200 in 192ms
 GET /api/customers 200 in 170ms
 GET /api/auth/session 200 in 248ms
 GET /api/auth/session 200 in 248ms
 GET /api/auth/session 200 in 243ms
 GET /api/auth/session 200 in 203ms
 GET /api/auth/session 200 in 203ms
 GET /api/auth/session 200 in 200ms
 GET /api/auth/session 200 in 201ms
 GET /api/auth/session 200 in 201ms
 GET /api/auth/session 200 in 190ms
 GET /api/auth/session 200 in 191ms
 GET /api/auth/session 200 in 192ms
 GET /api/auth/session 200 in 192ms
 GET /api/auth/session 200 in 193ms
 GET /api/auth/session 200 in 193ms
 GET /api/auth/session 200 in 194ms
 GET /api/auth/session 200 in 194ms
 GET /api/auth/session 200 in 195ms
 GET /api/auth/session 200 in 195ms
 GET /api/auth/session 200 in 196ms
 GET /api/products 200 in 275ms
 GET /api/auth/session 200 in 286ms
 GET /api/auth/session 200 in 287ms
 GET /api/auth/session 200 in 287ms
 GET /api/auth/session 200 in 287ms
 GET /api/auth/session 200 in 284ms
 GET /api/auth/session 200 in 278ms
 GET /api/auth/session 200 in 276ms
 GET /api/auth/session 200 in 265ms
 GET /api/auth/session 200 in 263ms
 GET /api/auth/session 200 in 264ms
 GET /api/auth/session 200 in 262ms
 GET /api/auth/session 200 in 253ms
 GET /api/categories 200 in 301ms
 GET /api/categories 200 in 301ms
 GET /api/products 200 in 323ms
 GET /api/products 200 in 335ms
 GET /api/categories 200 in 304ms
 GET /api/categories 200 in 333ms
 GET /api/categories 200 in 333ms
 GET /api/categories 200 in 333ms
 GET /api/categories 200 in 329ms
 GET /api/categories 200 in 323ms
 GET /api/categories 500 in 327ms
 GET /api/categories 200 in 327ms
 GET /api/auth/session 200 in 354ms
 GET /api/auth/session 200 in 353ms
 GET /api/auth/session 200 in 352ms
 GET /api/categories 200 in 344ms
 GET /api/categories 200 in 249ms
 GET /api/products 200 in 223ms
 GET /api/products 200 in 237ms
 GET /api/stores 200 in 149ms
 GET /api/products 200 in 70ms
 GET /api/products 200 in 70ms
 GET /api/stores 200 in 90ms
 GET /api/auth/session 200 in 138ms
[?25h
