➤ YN0000: · Yarn 4.12.0
➤ YN0000: ┌ Resolution step
➤ YN0085: │ + react-hot-toast@npm:2.6.0
➤ YN0085: │ - react-hot-toast@npm:2.4.1
➤ YN0000: └ Completed in 0s 263ms
➤ YN0000: ┌ Post-resolution validation
➤ YN0060: │ @typescript-eslint/parser is listed by your project with version 7.0.0 (p6cb6c0), which doesn't satisfy what @typescript-eslint/eslint-plugin requests (^6.0.0-alpha).
➤ YN0060: │ eslint is listed by your project with version 9.24.0 (pe6e000), which doesn't satisfy what @typescript-eslint/eslint-plugin and other dependencies request (^8.57.0).
➤ YN0002: │ app@workspace:. doesn't provide prettier (pd88b5f), requested by eslint-plugin-prettier.
➤ YN0086: │ Some peer dependencies are incorrectly met by your project; run yarn explain peer-requirements <hash> for details, where <hash> is the six-letter p-prefixed code.
➤ YN0086: │ Some peer dependencies are incorrectly met by dependencies; run yarn explain peer-requirements for details.
➤ YN0000: └ Completed
➤ YN0000: ┌ Fetch step
➤ YN0013: │ A package was added to the project (+ 203.42 KiB).
➤ YN0000: └ Completed in 0s 906ms
➤ YN0000: ┌ Link step
➤ YN0000: └ Completed in 0s 336ms
➤ YN0000: · Done with warnings in 1s 565ms
Environment variables loaded from .env
Prisma schema loaded from prisma/schema.prisma

✔ Generated Prisma Client (v6.7.0) to ./node_modules/.prisma/client in 102ms

Start by importing your Prisma Client (See: https://pris.ly/d/importing-client)

Tip: Want to react to database changes in your app as they happen? Discover how with Pulse: https://pris.ly/tip-1-pulse

Starting server...
  ▲ Next.js 14.2.28
  - Local:        http://localhost:3000
  - Environments: .env
  - Experiments (use with caution):
    · outputFileTracingRoot

 ✓ Starting...
 ✓ Ready in 1924ms
 ○ Compiling / ...
 ✓ Compiled / in 1778ms (629 modules)
 GET / 200 in 2172ms
 ✓ Compiled in 384ms (322 modules)
 GET / 200 in 49ms
 GET / 200 in 42ms
 ○ Compiling /middleware ...
 ✓ Compiled /middleware in 869ms (748 modules)
 GET / 200 in 788ms
 GET /api/products 200 in 1254ms
 GET /api/auth/session 200 in 1374ms
 ○ Compiling /dashboard ...
 ✓ Compiled /api/customers in 1679ms (2211 modules)
 GET /api/customers 200 in 1404ms
 GET /api/auth/session 200 in 1202ms
 GET /api/products 200 in 1450ms
 GET /products 200 in 2044ms
 GET /pos 200 in 2046ms
 GET /dashboard 200 in 1656ms
 ○ Compiling /_not-found ...
 ✓ Compiled /_not-found in 515ms (2216 modules)
 GET /offline 404 in 564ms
 GET /api/customers 200 in 749ms
 GET /api/categories 200 in 792ms
 GET /api/categories 200 in 28ms
 ✓ Compiled /api/sales/stats in 208ms (1247 modules)
 GET /api/sales/stats?period=today 200 in 265ms
 GET /api/sales/stats?period=today 200 in 26ms
 GET / 200 in 55ms
 GET /api/auth/session 200 in 47ms
 GET / 200 in 37ms
 GET /api/auth/session 200 in 53ms
 GET / 200 in 62ms
 GET /api/auth/session 200 in 35ms
 GET / 200 in 35ms
 GET / 200 in 36ms
 GET / 200 in 33ms
 GET /api/auth/session 200 in 39ms
 GET /api/products 200 in 64ms
 GET / 200 in 53ms
 GET /api/auth/session 200 in 63ms
 GET /pos 200 in 116ms
 GET /products 200 in 103ms
 GET /api/products 200 in 88ms
 GET /api/customers 200 in 80ms
 GET /dashboard 200 in 39ms
 GET /offline 404 in 24ms
 GET /api/categories 200 in 38ms
 GET /api/customers 200 in 45ms
 GET /api/categories 200 in 24ms
 GET /api/sales/stats?period=today 200 in 32ms
 GET /api/sales/stats?period=today 200 in 29ms
 GET / 200 in 31ms
 GET / 200 in 33ms
 GET /api/auth/session 200 in 37ms
 GET / 200 in 33ms
 GET / 200 in 33ms
 GET / 200 in 34ms
 GET / 200 in 31ms
 GET / 200 in 35ms
 GET / 200 in 33ms
 GET /api/products 200 in 41ms
 GET /api/customers 200 in 25ms
 GET /api/categories 200 in 27ms
 GET /api/auth/session 200 in 39ms
 GET / 200 in 33ms
 GET /api/auth/session 200 in 36ms
 GET / 200 in 32ms
 GET /api/auth/session 200 in 35ms
 GET / 200 in 31ms
 GET / 200 in 32ms
 GET / 200 in 35ms
 GET / 200 in 34ms
 GET / 200 in 33ms
 GET / 200 in 32ms
 GET / 200 in 35ms
 GET / 200 in 33ms
 GET /api/products 200 in 39ms
 GET /api/customers 200 in 26ms
 GET /api/categories 200 in 23ms
 GET / 200 in 31ms
 GET / 200 in 34ms
 GET / 200 in 35ms
 GET / 200 in 30ms
 ✓ Compiled in 30ms
 ✓ Compiled in 1537ms (1191 modules)
[?25h
