  ▲ Next.js 14.2.28
  - Local:        http://localhost:3000
  - Environments: .env
  - Experiments (use with caution):
    · outputFileTracingRoot

 ✓ Starting...
 ✓ Ready in 1913ms
 ○ Compiling / ...
 ✓ Compiled / in 1759ms (629 modules)
 GET / 200 in 2226ms
 ✓ Compiled in 445ms (322 modules)
 GET / 200 in 49ms
 GET / 200 in 37ms
 GET / 200 in 34ms
 GET / 200 in 34ms
 ○ Compiling /middleware ...
 ✓ Compiled /middleware in 1159ms (748 modules)
 GET / 200 in 1152ms
 GET /api/products 200 in 1622ms
 GET /api/auth/session 200 in 1684ms
 ○ Compiling /products ...
 ✓ Compiled /dashboard in 2.4s (2631 modules)
 GET /api/auth/session 200 in 1964ms
 GET /api/customers 200 in 2057ms
 GET /api/products 200 in 2060ms
 GET /pos 200 in 2819ms
 GET /dashboard 200 in 2273ms
 GET /products 200 in 2821ms
 ✓ Compiled /api/categories in 298ms (1454 modules)
 ○ Compiling /_not-found ...
 ✓ Compiled /_not-found in 795ms (2636 modules)
 GET /api/categories 200 in 1224ms
 GET /api/customers 200 in 1212ms
 GET /offline 404 in 935ms
 GET /api/categories 200 in 28ms
 ✓ Compiled /api/sales/stats in 427ms (1457 modules)
 GET /api/sales/stats?period=today 200 in 493ms
 GET /api/sales/stats?period=today 200 in 33ms
 GET / 200 in 50ms
 GET / 200 in 36ms
 GET /api/auth/session 200 in 69ms
 GET /api/auth/session 200 in 41ms
 GET / 200 in 39ms
 GET /api/auth/session 200 in 44ms
 GET / 200 in 37ms
 GET /api/auth/session 200 in 39ms
 GET / 200 in 39ms
 GET / 200 in 37ms
 GET / 200 in 54ms
 GET / 200 in 120ms
 GET /api/products 200 in 50ms
 GET /api/customers 200 in 31ms
 GET /api/categories 200 in 31ms
 GET / 200 in 44ms
 GET / 200 in 37ms
 GET / 200 in 36ms
 GET / 200 in 38ms
 GET / 200 in 76ms
 GET /api/products 200 in 40ms
 GET /api/customers 200 in 26ms
 GET /api/categories 200 in 30ms
 GET / 200 in 36ms
 GET /api/auth/session 200 in 69ms
 GET / 200 in 37ms
 GET / 200 in 38ms
 GET / 200 in 37ms
 GET / 200 in 34ms
 GET / 200 in 34ms
 GET / 200 in 35ms
 GET /api/auth/session 200 in 45ms
 GET /api/products 200 in 62ms
 GET /api/auth/session 200 in 69ms
 GET / 200 in 92ms
 GET /api/customers 200 in 142ms
 GET /api/products 200 in 145ms
 GET /pos 200 in 158ms
 GET /products 200 in 167ms
 GET /dashboard 200 in 68ms
 GET /offline 404 in 24ms
 GET /api/categories 200 in 54ms
 GET /api/customers 200 in 50ms
 GET /api/categories 200 in 24ms
 GET /api/sales/stats?period=today 200 in 33ms
 GET /api/sales/stats?period=today 200 in 33ms
 GET /api/products 200 in 34ms
 GET /api/customers 200 in 38ms
 GET /api/products 200 in 26ms
 GET /api/customers 200 in 24ms
 GET /api/products 200 in 26ms
 GET /api/products 200 in 25ms
 GET / 200 in 38ms
[?25h
