  ▲ Next.js 14.2.28
  - Local:        http://localhost:3000
  - Environments: .env
  - Experiments (use with caution):
    · outputFileTracingRoot

 ✓ Starting...
 ✓ Ready in 1924ms
 ○ Compiling / ...
 ✓ Compiled / in 1815ms (633 modules)
 GET / 200 in 2175ms
 ✓ Compiled in 395ms (324 modules)
 GET / 200 in 52ms
 GET / 200 in 42ms
 ○ Compiling /middleware ...
 ✓ Compiled /middleware in 840ms (750 modules)
 GET / 200 in 742ms
 GET /api/products 200 in 1228ms
 GET /api/auth/signin?callbackUrl=%2Fpos 302 in 74ms
 GET /api/auth/session 200 in 1331ms
 GET /api/auth/signin?callbackUrl=%2Fproducts 302 in 41ms
 GET /api/products 200 in 34ms
 GET /api/auth/session 200 in 56ms
 GET /?callbackUrl=https%3A%2F%2F247ac79fd.preview.abacusai.app%2Fpos 200 in 82ms
 ✓ Compiled /api/customers in 134ms (578 modules)
 GET /api/customers 200 in 215ms
 GET /?callbackUrl=https%3A%2F%2F247ac79fd.preview.abacusai.app%2Fproducts 200 in 103ms
 GET /api/auth/signin?callbackUrl=%2Fdashboard 302 in 106ms
 ✓ Compiled /api/categories in 346ms (893 modules)
 ✓ Compiled (895 modules)
 GET /offline 404 in 526ms
 GET /api/customers 200 in 370ms
 GET /api/categories 200 in 373ms
 GET /?callbackUrl=https%3A%2F%2F247ac79fd.preview.abacusai.app%2Fdashboard 200 in 332ms
 GET /api/categories 200 in 32ms
 GET /api/auth/providers 200 in 62ms
 GET /api/auth/csrf 200 in 46ms
 POST /api/auth/callback/credentials 200 in 133ms
 GET /api/auth/session 200 in 48ms
 ○ Compiling /api/stores ...
 ✓ Compiled /api/stores in 1906ms (2031 modules)
 GET /api/stores 200 in 2147ms
 GET /api/categories 200 in 56ms
 ✓ Compiled /api/auth/validate-session in 382ms (1173 modules)
 ✓ Compiled in 0ms (1173 modules)
 GET /api/customers 200 in 634ms
 ✓ Compiled in 0ms (1173 modules)
 ✓ Compiled in 0ms (1173 modules)
 GET /api/products?storeId=cmk31myec0000shvdauq3yfvh 200 in 1018ms
 POST /api/auth/validate-session 200 in 1063ms
 POST /api/auth/validate-session 200 in 1057ms
 ✓ Compiled in 0ms (1173 modules)
 GET /api/categories 200 in 855ms
 GET /api/customers 200 in 440ms
 GET /api/products?storeId=cmk31myec0000shvdauq3yfvh 200 in 67ms
 GET / 200 in 82ms
 POST /api/auth/validate-session 200 in 42ms
 GET / 200 in 41ms
 POST /api/auth/validate-session 200 in 33ms
 GET /api/auth/csrf 200 in 59ms
 POST /api/auth/signout 200 in 51ms
 GET / 200 in 50ms
 GET /api/products 200 in 50ms
 GET /api/auth/session 200 in 64ms
 GET / 200 in 44ms
 GET /api/auth/session 200 in 58ms
 GET /api/customers 200 in 59ms
 GET /api/auth/signin?callbackUrl=%2Fpos 302 in 47ms
 GET /api/auth/signin?callbackUrl=%2Fproducts 302 in 32ms
 GET /api/categories 200 in 34ms
 GET /api/products 200 in 34ms
 GET /api/auth/signin?callbackUrl=%2Fdashboard 302 in 62ms
 GET /?callbackUrl=https%3A%2F%2F247ac79fd.preview.abacusai.app%2Fpos 200 in 85ms
 GET /?callbackUrl=https%3A%2F%2F247ac79fd.preview.abacusai.app%2Fproducts 200 in 82ms
 GET /offline 404 in 30ms
 GET /?callbackUrl=https%3A%2F%2F247ac79fd.preview.abacusai.app%2Fdashboard 200 in 52ms
 GET /api/customers 200 in 34ms
 GET /api/categories 200 in 31ms
 GET / 200 in 46ms
 GET / 200 in 47ms
 GET / 200 in 49ms
 GET / 200 in 44ms
 GET /api/auth/session 200 in 92ms
 GET /api/products 200 in 113ms
 GET / 200 in 60ms
 GET /api/products 200 in 60ms
 GET /api/customers 200 in 64ms
 GET /api/auth/session 200 in 66ms
 GET /api/auth/signin?callbackUrl=%2Fpos 302 in 40ms
 GET /api/auth/signin?callbackUrl=%2Fproducts 302 in 37ms
 GET /api/categories 200 in 52ms
 GET /api/customers 200 in 52ms
 GET /?callbackUrl=https%3A%2F%2F247ac79fd.preview.abacusai.app%2Fpos 200 in 79ms
 GET /api/auth/signin?callbackUrl=%2Fdashboard 302 in 110ms
 GET /?callbackUrl=https%3A%2F%2F247ac79fd.preview.abacusai.app%2Fproducts 200 in 114ms
 GET /api/categories 200 in 42ms
 GET /offline 404 in 17ms
 GET /?callbackUrl=https%3A%2F%2F247ac79fd.preview.abacusai.app%2Fdashboard 200 in 46ms
 GET / 200 in 51ms
 GET / 200 in 45ms
[?25h
