  ▲ Next.js 14.2.28
  - Local:        http://localhost:3000
  - Environments: .env
  - Experiments (use with caution):
    · outputFileTracingRoot

 ✓ Starting...
 ✓ Ready in 1945ms
 ○ Compiling / ...
 ✓ Compiled / in 2.1s (633 modules)
 GET / 200 in 2478ms
 ✓ Compiled in 443ms (324 modules)
 GET / 200 in 76ms
 GET / 200 in 57ms
 GET / 200 in 47ms
 ○ Compiling /middleware ...
 ✓ Compiled /middleware in 1814ms (750 modules)
 GET / 200 in 1824ms
 GET /api/products 200 in 2347ms
 GET /api/auth/signin?callbackUrl=%2Fproducts 302 in 193ms
 GET /api/auth/signin?callbackUrl=%2Fpos 302 in 189ms
 GET /api/auth/session 200 in 2510ms
 ✓ Compiled /api/customers in 157ms (578 modules)
 ✓ Compiled in 0ms (578 modules)
 GET /api/products 200 in 409ms
 ✓ Compiled in 0ms (578 modules)
 ✓ Compiled in 1ms (578 modules)
 GET /api/customers 200 in 686ms
 GET /api/auth/signin?callbackUrl=%2Fdashboard 302 in 518ms
 GET /api/auth/session 200 in 663ms
 GET /?callbackUrl=https%3A%2F%2F247ac79fd.preview.abacusai.app%2Fpos 200 in 708ms
 GET /?callbackUrl=https%3A%2F%2F247ac79fd.preview.abacusai.app%2Fproducts 200 in 686ms
 ○ Compiling /_not-found ...
 ✓ Compiled /_not-found in 578ms (895 modules)
 GET /offline 404 in 611ms
 GET /api/customers 200 in 814ms
 GET /api/categories 200 in 821ms
 GET /?callbackUrl=https%3A%2F%2F247ac79fd.preview.abacusai.app%2Fdashboard 200 in 655ms
 GET /api/categories 200 in 32ms
 GET /api/auth/providers 200 in 59ms
 GET /api/auth/csrf 200 in 42ms
 POST /api/auth/callback/credentials 200 in 136ms
 GET /api/auth/session 200 in 45ms
 ✓ Compiled /pos in 203ms (583 modules)
 ✓ Compiled in 1508ms (860 modules)
 GET /api/stores 200 in 2100ms
 GET / 200 in 75ms
 ✓ Compiled /api/auth/validate-session in 411ms (1173 modules)
 GET /api/categories 200 in 669ms
 GET /api/customers 200 in 708ms
 GET /api/products?storeId=cmk31myec0000shvdauq3yfvh 200 in 710ms
 POST /api/auth/validate-session 200 in 705ms
 POST /api/auth/validate-session 200 in 705ms
 GET /api/categories 200 in 33ms
 GET /api/products?storeId=cmk31myec0000shvdauq3yfvh 200 in 41ms
 GET /api/customers 200 in 39ms
 GET / 200 in 74ms
 POST /api/auth/validate-session 200 in 98ms
 ✓ Compiled /api/sales in 245ms (1174 modules)
 POST /api/sales 201 in 322ms
 GET / 200 in 52ms
 POST /api/auth/validate-session 200 in 39ms
 GET /api/auth/session 200 in 66ms
 GET /api/stores 200 in 37ms
 GET /api/products?storeId=cmk31myec0000shvdauq3yfvh 200 in 48ms
 GET /api/customers 200 in 59ms
 GET /api/categories 200 in 55ms
 GET / 200 in 44ms
 ○ Compiling /inventory ...
 ✓ Compiled /inventory in 1123ms (1593 modules)
 POST /api/auth/validate-session 200 in 75ms
 ✓ Compiled /api/inventory/adjustments in 294ms (721 modules)
 ✓ Compiled (723 modules)
 GET /api/products?storeId=cmk31myec0000shvdauq3yfvh 200 in 578ms
 POST /api/auth/validate-session 200 in 569ms
 GET /api/stores 200 in 581ms
 GET /api/inventory/adjustments?storeId=cmk31myec0000shvdauq3yfvh 200 in 610ms
 GET /api/inventory/transfers?storeId=cmk31myec0000shvdauq3yfvh 200 in 621ms
 ✓ Compiled /api/inventory/low-stock in 238ms (725 modules)
 GET /api/inventory/low-stock?storeId=cmk31myec0000shvdauq3yfvh 200 in 362ms
 GET /api/products?storeId=cmk31myec0000shvdauq3yfvh 200 in 49ms
 GET /api/stores 200 in 67ms
 GET /api/inventory/adjustments?storeId=cmk31myec0000shvdauq3yfvh 200 in 68ms
 GET /api/inventory/transfers?storeId=cmk31myec0000shvdauq3yfvh 200 in 75ms
 GET /api/inventory/low-stock?storeId=cmk31myec0000shvdauq3yfvh 200 in 35ms
 POST /api/inventory/adjustments 201 in 46ms
 GET /api/inventory/adjustments?storeId=cmk31myec0000shvdauq3yfvh 200 in 92ms
 GET /api/inventory/transfers?storeId=cmk31myec0000shvdauq3yfvh 200 in 100ms
 GET /api/inventory/low-stock?storeId=cmk31myec0000shvdauq3yfvh 200 in 107ms
 GET /api/products?storeId=cmk31myec0000shvdauq3yfvh 200 in 109ms
 GET /api/stores 200 in 113ms
 GET / 200 in 84ms
 ○ Compiling /products ...
 ✓ Compiled /products in 773ms (1646 modules)
 GET /api/products?storeId=cmk31myec0000shvdauq3yfvh& 200 in 54ms
 POST /api/auth/validate-session 200 in 70ms
 GET /api/categories 200 in 72ms
 POST /api/auth/validate-session 200 in 75ms
 GET /api/products?storeId=cmk31myec0000shvdauq3yfvh& 200 in 43ms
 GET /api/categories 200 in 43ms
 GET /api/products?storeId=cmk31myec0000shvdauq3yfvh& 200 in 35ms
 GET /api/products?storeId=cmk31myec0000shvdauq3yfvh& 200 in 35ms
 ○ Compiling /products/[id]/edit ...
 ✓ Compiled /products/[id]/edit in 624ms (1654 modules)
 GET /api/categories 200 in 54ms
 POST /api/auth/validate-session 200 in 51ms
 ○ Compiling /api/products/[id] ...
 ✓ Compiled /api/products/[id] in 1296ms (1158 modules)
 POST /api/auth/validate-session 200 in 1627ms
 GET /api/categories 200 in 1359ms
 GET /api/products/cmk31myqi000xshvdrwak4njo 200 in 2174ms
 GET /api/products/cmk31myqi000xshvdrwak4njo 200 in 58ms
 GET / 200 in 81ms
 POST /api/auth/validate-session 200 in 36ms
 POST /api/auth/validate-session 200 in 61ms
 GET /api/categories 200 in 62ms
 GET /api/products?storeId=cmk31myec0000shvdauq3yfvh& 200 in 59ms
 GET /api/categories 200 in 39ms
 GET /api/products?storeId=cmk31myec0000shvdauq3yfvh& 200 in 46ms
 GET /api/products?storeId=cmk31myec0000shvdauq3yfvh& 200 in 38ms
 GET /api/products?storeId=cmk31myec0000shvdauq3yfvh& 200 in 33ms
 GET / 200 in 83ms
 POST /api/auth/validate-session 200 in 35ms
 GET / 200 in 44ms
 POST /api/auth/validate-session 200 in 35ms
 GET / 200 in 48ms
 POST /api/auth/validate-session 200 in 33ms
 GET / 200 in 46ms
 GET /api/products 200 in 38ms
 ✓ Compiled /api/customers in 319ms (578 modules)
 GET /api/customers 200 in 429ms
 ✓ Compiled /api/categories in 131ms (580 modules)
 GET /api/categories 200 in 192ms
 POST /api/auth/validate-session 200 in 35ms
 GET / 200 in 80ms
 POST /api/auth/validate-session 200 in 46ms
 ✓ Compiled /api/auth/[...nextauth] in 260ms (582 modules)
 GET /api/auth/csrf 200 in 344ms
 POST /api/auth/signout 200 in 57ms
 GET / 200 in 54ms
 GET /api/products 200 in 46ms
 GET /api/auth/session 200 in 70ms
 GET / 200 in 66ms
 GET /api/customers 200 in 68ms
 GET /api/products 200 in 67ms
 GET /api/auth/session 200 in 56ms
 GET /api/auth/signin?callbackUrl=%2Fpos 302 in 69ms
 GET /api/auth/signin?callbackUrl=%2Fproducts 302 in 80ms
 GET /api/categories 200 in 51ms
 GET /api/customers 200 in 59ms
 GET /?callbackUrl=https%3A%2F%2F247ac79fd.preview.abacusai.app%2Fpos 200 in 44ms
 GET /api/auth/signin?callbackUrl=%2Fdashboard 302 in 68ms
 GET /?callbackUrl=https%3A%2F%2F247ac79fd.preview.abacusai.app%2Fproducts 200 in 79ms
 GET /api/categories 200 in 33ms
 ✓ Compiled /_not-found in 382ms (1487 modules)
 GET /?callbackUrl=https%3A%2F%2F247ac79fd.preview.abacusai.app%2Fdashboard 200 in 421ms
 GET /offline 404 in 576ms
 GET / 200 in 49ms
 GET / 200 in 50ms
 GET / 200 in 44ms
 GET / 200 in 55ms
 GET / 200 in 42ms
 GET / 200 in 43ms
 GET / 200 in 44ms
 GET / 200 in 42ms
 GET / 200 in 41ms
 GET / 200 in 41ms
 GET /api/products 200 in 74ms
 GET /api/customers 200 in 38ms
 GET /api/categories 200 in 37ms
 GET / 200 in 44ms
 GET / 200 in 43ms
 ✓ Compiled in 30ms
 ✓ Compiled in 517ms (914 modules)
 ✓ Compiled in 309ms (914 modules)
 ✓ Compiled in 413ms (914 modules)
 ✓ Compiled in 459ms (969 modules)
 ✓ Compiled in 500ms (969 modules)
[?25h
