  ▲ Next.js 14.2.28
  - Local:        http://localhost:3000
  - Environments: .env
  - Experiments (use with caution):
    · outputFileTracingRoot

 ✓ Starting...
 ✓ Ready in 1891ms
 ○ Compiling / ...
 ✓ Compiled / in 2000ms (633 modules)
 GET / 200 in 2390ms
 ✓ Compiled in 454ms (324 modules)
 ○ Compiling /api/auth/[...nextauth] ...
 ✓ Compiled /api/auth/[...nextauth] in 557ms (550 modules)
 GET /api/auth/providers 200 in 1059ms
 GET / 200 in 92ms
 GET /api/auth/session 200 in 63ms
 ✓ Compiled /middleware in 499ms (750 modules)
 GET /api/auth/session 200 in 623ms
 GET / 200 in 700ms
 GET /api/auth/signin?callbackUrl=%2Fpos 302 in 42ms
 GET /api/products 200 in 778ms
 GET /api/auth/signin?callbackUrl=%2Fproducts 302 in 61ms
 GET /api/products 200 in 69ms
 GET /?callbackUrl=https%3A%2F%2F247ac79fd.preview.abacusai.app%2Fpos 200 in 91ms
 ○ Compiling /_not-found ...
 ✓ Compiled /_not-found in 510ms (893 modules)
 GET /api/auth/signin?callbackUrl=%2Fdashboard 302 in 609ms
 GET /?callbackUrl=https%3A%2F%2F247ac79fd.preview.abacusai.app%2Fproducts 200 in 678ms
 GET /api/customers 200 in 684ms
 GET /offline 404 in 545ms
 GET /?callbackUrl=https%3A%2F%2F247ac79fd.preview.abacusai.app%2Fdashboard 200 in 91ms
 GET /api/customers 200 in 90ms
 ✓ Compiled /api/categories in 228ms (581 modules)
 GET /api/categories 200 in 339ms
 GET /api/categories 200 in 32ms
 GET /api/auth/csrf 200 in 59ms
 ✓ Compiled /api/signup in 213ms (583 modules)
 POST /api/signup 201 in 365ms
 GET / 200 in 93ms
 GET /api/auth/signin 302 in 55ms
 GET /?callbackUrl=https://247ac79fd.preview.abacusai.app 200 in 51ms
 GET /api/auth/csrf 200 in 37ms
 POST /api/auth/callback/credentials 302 in 113ms
 ○ Compiling /dashboard ...
 ✓ Compiled /dashboard in 1705ms (2283 modules)
 GET /dashboard 200 in 1982ms
 GET / 200 in 311ms
 GET /dashboard 200 in 107ms
 GET /api/products 200 in 114ms
 GET /api/auth/session 200 in 182ms
 GET /api/products 200 in 175ms
 GET / 200 in 318ms
 ○ Compiling /api/stores ...
 ✓ Compiled /api/stores in 5.7s (3242 modules)
 GET /api/customers 200 in 5915ms
 GET /api/auth/session 200 in 5862ms
 GET /api/products 200 in 5727ms
 GET /api/stores 200 in 6086ms
 GET /dashboard 200 in 6157ms
 GET /products 200 in 6414ms
 GET /pos 200 in 6417ms
 GET /api/customers 200 in 437ms
 GET /api/categories 200 in 467ms
 GET /api/stores 200 in 157ms
 GET /offline 404 in 63ms
 GET /api/categories 200 in 63ms
 GET /api/categories 200 in 65ms
 ○ Compiling /api/auth/validate-session ...
 ✓ Compiled /api/auth/validate-session in 529ms (1782 modules)
 GET /api/customers 200 in 889ms
 GET /api/products?storeId=cmk31myec0000shvdauq3yfvh 200 in 893ms
 POST /api/auth/validate-session 200 in 922ms
 POST /api/auth/validate-session 200 in 922ms
 GET /api/categories 200 in 836ms
 GET /api/customers 200 in 53ms
 GET /api/products?storeId=cmk31myec0000shvdauq3yfvh 200 in 61ms
 ○ Compiling /returns ...
 ✓ Compiled /returns in 2.1s (3348 modules)
 GET /pos 200 in 2478ms
 GET /users 200 in 2515ms
 GET /sales 200 in 2479ms
 GET /inventory 200 in 2525ms
 GET /suppliers 200 in 2498ms
 GET /customers 200 in 2482ms
 GET /returns 200 in 2468ms
 GET /reports 200 in 2483ms
 GET /products 200 in 2485ms
 ○ Compiling /api/inventory/low-stock ...
 ✓ Compiled /api/inventory/low-stock in 592ms (1844 modules)
 ✓ Compiled (1856 modules)
 GET /api/customers 200 in 1414ms
 GET /api/products 200 in 1509ms
 GET /api/auth/session 200 in 1492ms
 GET /api/returns 200 in 1343ms
 GET /api/users 200 in 1479ms
 GET /api/stores 200 in 1480ms
 GET /api/suppliers 200 in 1579ms
 GET /api/inventory/adjustments 200 in 1374ms
 GET /api/inventory/transfers 200 in 1407ms
 GET /api/inventory/low-stock 200 in 1408ms
 GET /api/sales/stats?period=month 200 in 1523ms
 GET /products 200 in 1403ms
 GET /pos 200 in 1405ms
 GET / 200 in 1495ms
 GET /api/products 200 in 149ms
 GET /api/returns 200 in 161ms
 GET /api/customers 200 in 167ms
 POST /api/auth/validate-session 200 in 163ms
 GET /api/users 200 in 172ms
 GET /api/stores 200 in 210ms
 GET /api/auth/session 200 in 209ms
 GET /api/suppliers 200 in 217ms
 GET /api/inventory/adjustments 200 in 220ms
 GET /offline 404 in 202ms
 GET /api/inventory/low-stock 200 in 228ms
 GET /api/inventory/transfers 200 in 222ms
 GET /api/sales/stats?period=month 200 in 233ms
 GET /api/products 200 in 148ms
 GET /api/customers 200 in 102ms
 GET /api/stores 200 in 109ms
 GET /dashboard 200 in 145ms
 GET /api/auth/session 200 in 119ms
 GET /api/products 200 in 73ms
 GET /api/categories 200 in 75ms
 GET /api/customers 200 in 86ms
 GET /api/stores 200 in 99ms
 GET /api/auth/session 200 in 95ms
 POST /api/auth/validate-session 200 in 84ms
 GET /api/customers 200 in 88ms
 GET /api/products 200 in 99ms
 GET /api/categories 200 in 103ms
 GET /api/stores 200 in 82ms
 POST /api/auth/validate-session 200 in 76ms
 GET /api/auth/session 200 in 112ms
 GET /api/customers 200 in 124ms
 GET /api/products 200 in 121ms
 GET /api/categories 200 in 137ms
 GET /api/stores 200 in 110ms
 GET /api/auth/session 200 in 93ms
 POST /api/auth/validate-session 200 in 83ms
 GET /api/products 200 in 96ms
 GET /api/customers 200 in 98ms
 GET /api/categories 200 in 84ms
 GET /api/auth/session 200 in 93ms
 GET /api/stores 200 in 112ms
 POST /api/auth/validate-session 200 in 114ms
 GET /api/products 200 in 86ms
 GET /api/customers 200 in 94ms
 GET /api/categories 200 in 110ms
 GET /api/stores 200 in 93ms
 GET /api/auth/session 200 in 142ms
 POST /api/auth/validate-session 200 in 143ms
 GET /api/products 200 in 126ms
 GET /api/customers 200 in 123ms
 GET /api/categories 200 in 130ms
 GET /api/stores 200 in 104ms
 GET /api/auth/session 200 in 102ms
 POST /api/auth/validate-session 200 in 111ms
 GET /api/products 200 in 104ms
 GET /api/customers 200 in 102ms
 GET /api/categories 200 in 119ms
 GET /api/stores 200 in 129ms
 GET /api/auth/session 200 in 116ms
 GET /api/customers 200 in 123ms
 GET /api/products 200 in 137ms
 POST /api/auth/validate-session 200 in 132ms
 GET /api/categories 200 in 140ms
 GET /api/stores 200 in 132ms
 GET /api/auth/session 200 in 167ms
 GET /api/products 200 in 142ms
 GET /api/customers 200 in 175ms
 GET /api/categories 200 in 136ms
 GET /api/stores 200 in 128ms
 POST /api/auth/validate-session 200 in 109ms
 GET /api/auth/session 200 in 105ms
 GET /api/products 200 in 113ms
 GET /api/customers 200 in 114ms
 GET /api/categories 200 in 114ms
 GET /api/stores 200 in 76ms
 GET /api/auth/session 200 in 50ms
 GET /api/products 200 in 70ms
 GET /api/customers 200 in 76ms
 GET /api/categories 200 in 91ms
 GET /api/products?storeId=cmk31myec0000shvdauq3yfvh 200 in 104ms
 GET /api/stores 200 in 121ms
 POST /api/auth/validate-session 200 in 94ms
 GET /api/auth/session 200 in 163ms
 GET /api/customers 200 in 120ms
 GET /api/products 200 in 141ms
 GET /api/auth/session 200 in 106ms
 GET /api/customers 200 in 123ms
 GET /api/categories 200 in 129ms
 GET /api/categories 200 in 106ms
 GET /api/products?storeId=cmk31myec0000shvdauq3yfvh& 200 in 117ms
 GET /api/stores 200 in 130ms
 GET /api/products 200 in 128ms
 GET /api/customers 200 in 117ms
 GET /api/auth/session 200 in 115ms
 POST /api/auth/validate-session 200 in 96ms
 GET /api/categories 200 in 99ms
 GET /api/stores 200 in 78ms
 GET /api/auth/session 200 in 60ms
 GET /api/auth/session 200 in 99ms
 GET /api/stores 200 in 102ms
 GET /api/auth/session 200 in 54ms
 GET /api/stores 200 in 51ms
 GET /api/auth/session 200 in 51ms
 GET /api/stores 200 in 50ms
 GET /api/auth/session 200 in 50ms
 GET /api/stores 200 in 53ms
 GET /api/auth/session 200 in 111ms
 GET /api/stores 200 in 50ms
 GET /api/auth/session 200 in 54ms
 GET /api/stores 200 in 55ms
 GET /api/auth/session 200 in 81ms
 GET /api/stores 200 in 82ms
 GET /api/auth/session 200 in 69ms
 GET /api/stores 200 in 58ms
 GET /api/auth/session 200 in 82ms
 GET /api/stores 200 in 83ms
 GET /api/stores 200 in 48ms
[?25h
