  ▲ Next.js 14.2.28
  - Local:        http://localhost:3000
  - Environments: .env
  - Experiments (use with caution):
    · outputFileTracingRoot

 ✓ Starting...
 ✓ Ready in 1958ms
 ○ Compiling / ...
 ✓ Compiled / in 1608ms (631 modules)
 GET / 200 in 2052ms
 ✓ Compiled in 383ms (323 modules)
 GET / 200 in 33ms
 GET / 200 in 29ms
 ○ Compiling /middleware ...
 ✓ Compiled /middleware in 1328ms (749 modules)
 GET / 200 in 1252ms
 GET /api/products 200 in 1695ms
 GET /api/auth/signin?callbackUrl=%2Fproducts 302 in 117ms
 GET /api/auth/signin?callbackUrl=%2Fpos 302 in 107ms
 GET /api/auth/session 200 in 1867ms
 GET /api/products 200 in 21ms
 GET /api/auth/session 200 in 36ms
 GET /?callbackUrl=https%3A%2F%2F704ea6f49.preview.abacusai.app%2Fproducts 200 in 73ms
 GET /?callbackUrl=https%3A%2F%2F704ea6f49.preview.abacusai.app%2Fpos 200 in 54ms
 ✓ Compiled /api/customers in 145ms (577 modules)
 GET /api/customers 200 in 206ms
 GET /api/auth/signin?callbackUrl=%2Fdashboard 302 in 376ms
 ✓ Compiled /api/categories in 395ms (891 modules)
 ✓ Compiled (893 modules)
 GET /api/customers 200 in 398ms
 GET /api/categories 200 in 400ms
 GET /offline 404 in 609ms
 GET /?callbackUrl=https%3A%2F%2F704ea6f49.preview.abacusai.app%2Fdashboard 200 in 110ms
 GET /api/categories 200 in 21ms
 GET / 200 in 30ms
 GET / 200 in 34ms
 GET / 200 in 30ms
 GET / 200 in 26ms
 GET / 200 in 28ms
 GET /api/auth/session 200 in 52ms
 GET /api/products 200 in 66ms
 GET / 200 in 34ms
 GET /api/auth/session 200 in 29ms
 GET /api/auth/signin?callbackUrl=%2Fproducts 302 in 40ms
 GET /api/customers 200 in 48ms
 GET /api/auth/signin?callbackUrl=%2Fpos 302 in 45ms
 GET /api/categories 200 in 39ms
 GET /?callbackUrl=https%3A%2F%2F704ea6f49.preview.abacusai.app%2Fproducts 200 in 40ms
 GET /api/auth/signin?callbackUrl=%2Fdashboard 302 in 46ms
 GET /?callbackUrl=https%3A%2F%2F704ea6f49.preview.abacusai.app%2Fpos 200 in 48ms
 GET /api/products 200 in 21ms
 GET /offline 404 in 12ms
 GET /?callbackUrl=https%3A%2F%2F704ea6f49.preview.abacusai.app%2Fdashboard 200 in 25ms
 GET /api/customers 200 in 18ms
 GET /api/categories 200 in 18ms
