  ▲ Next.js 14.2.28
  - Local:        http://localhost:3000
  - Environments: .env
  - Experiments (use with caution):
    · outputFileTracingRoot

 ✓ Starting...
 ✓ Ready in 1395ms
 ○ Compiling / ...
 ✓ Compiled / in 1813ms (629 modules)
 GET / 200 in 1980ms
 ✓ Compiled in 386ms (322 modules)
 ○ Compiling /api/auth/[...nextauth] ...
 ✓ Compiled /api/auth/[...nextauth] in 553ms (548 modules)
 GET /api/auth/providers 200 in 999ms
 GET / 200 in 78ms
 ○ Compiling /middleware ...
 ✓ Compiled /middleware in 603ms (748 modules)
 GET /api/auth/session 200 in 688ms
 GET / 200 in 775ms
 GET /api/auth/signin?callbackUrl=%2Fproducts 302 in 37ms
 GET /api/auth/signin?callbackUrl=%2Fpos 302 in 37ms
 GET /api/auth/session 200 in 43ms
 GET /api/products 200 in 869ms
 GET /?callbackUrl=https%3A%2F%2F6dd0e2b0b.preview.abacusai.app%2Fproducts 200 in 65ms
 GET /?callbackUrl=https%3A%2F%2F6dd0e2b0b.preview.abacusai.app%2Fpos 200 in 64ms
 ○ Compiling /_not-found ...
 ✓ Compiled /_not-found in 522ms (889 modules)
 GET /api/auth/signin?callbackUrl=%2Fdashboard 302 in 606ms
 GET /api/products 200 in 617ms
 GET /offline 404 in 563ms
 GET /api/customers 200 in 662ms
 GET /?callbackUrl=https%3A%2F%2F6dd0e2b0b.preview.abacusai.app%2Fdashboard 200 in 50ms
 ✓ Compiled /api/categories in 180ms (579 modules)
 GET /api/customers 200 in 363ms
 GET /api/categories 200 in 385ms
 GET /api/categories 200 in 25ms
 GET /api/auth/csrf 200 in 45ms
 ✓ Compiled /api/signup in 155ms (581 modules)
 POST /api/signup 201 in 285ms
 GET / 200 in 45ms
 GET /api/auth/signin 302 in 44ms
 GET /?callbackUrl=https://6dd0e2b0b.preview.abacusai.app 200 in 33ms
 GET /api/auth/csrf 200 in 26ms
 POST /api/auth/callback/credentials 302 in 101ms
 ○ Compiling /dashboard ...
 ✓ Compiled /dashboard in 1065ms (2133 modules)
 GET /dashboard 200 in 1278ms
 GET / 200 in 43ms
 GET /dashboard 200 in 35ms
 GET /api/products 200 in 89ms
 ○ Compiling /pos ...
 ✓ Compiled /pos in 909ms (1204 modules)
 ✓ Compiled in 684ms (971 modules)
 GET /api/auth/session 200 in 1868ms
 GET /api/customers 200 in 1802ms
 GET /api/products 200 in 1852ms
 GET /api/sales/stats?period=today 200 in 2077ms
 GET /products 200 in 1976ms
 GET /pos 200 in 1977ms
 GET / 200 in 2039ms
 GET /api/categories 200 in 84ms
 GET /api/products 200 in 104ms
 GET /api/customers 200 in 76ms
 GET /api/auth/session 200 in 104ms
 GET /offline 404 in 65ms
 GET /api/sales/stats?period=today 200 in 105ms
 GET /api/customers 200 in 79ms
 GET /api/products 200 in 83ms
 GET /api/categories 200 in 87ms
 GET /api/auth/session 200 in 85ms
 GET /dashboard 200 in 163ms
 GET /api/customers 200 in 56ms
 GET /api/auth/session 200 in 64ms
 GET /api/categories 200 in 72ms
 GET /api/auth/session 200 in 49ms
 GET /api/categories 200 in 53ms
 GET /api/auth/session 200 in 27ms
 GET /api/sales/stats?period=today 200 in 30ms
 GET /api/sales/stats?period=today 200 in 28ms
 ○ Compiling /returns ...
 ✓ Compiled /returns in 1068ms (2268 modules)
 GET /pos 200 in 1273ms
 GET /products 200 in 1273ms
 GET /sales 200 in 1280ms
 GET /customers 200 in 1282ms
 GET /returns 200 in 1274ms
 GET /reports 200 in 1281ms
 GET /api/categories 200 in 92ms
 GET /api/products? 200 in 116ms
 GET /api/products 200 in 162ms
 GET /api/auth/session 200 in 122ms
 ✓ Compiled /api/sales in 442ms (1279 modules)
 ✓ Compiled (1281 modules)
 GET /api/customers 200 in 881ms
 GET /api/products? 200 in 840ms
 GET /api/products 200 in 812ms
 GET /api/categories 200 in 842ms
 GET /api/returns 200 in 1014ms
 GET /api/sales?limit=50 200 in 986ms
 GET /api/auth/session 200 in 867ms
 GET /api/sales/stats?period=month 200 in 920ms
 GET / 200 in 1000ms
 GET /products 200 in 875ms
 GET /pos 200 in 881ms
 GET /api/customers 200 in 112ms
 GET /api/products 200 in 60ms
 GET /api/products? 200 in 62ms
 GET /api/sales?limit=50 200 in 79ms
 GET /api/returns 200 in 88ms
 GET /offline 404 in 63ms
 GET /api/auth/session 200 in 90ms
 GET /api/sales/stats?period=month 200 in 94ms
 GET /api/customers 200 in 72ms
 GET /api/products 200 in 67ms
 GET /api/products? 200 in 68ms
 GET /dashboard 200 in 103ms
 GET /api/auth/session 200 in 67ms
 GET /api/customers 200 in 45ms
 GET /api/products 200 in 52ms
 GET /api/auth/session 200 in 25ms
 GET /api/customers 200 in 34ms
 GET /api/products 200 in 44ms
 GET /api/auth/session 200 in 51ms
 GET /api/customers 200 in 37ms
 GET /api/products 200 in 54ms
 GET /api/categories 200 in 55ms
 GET /api/auth/session 200 in 48ms
 GET /api/customers 200 in 39ms
 GET /api/products 200 in 46ms
 GET /api/categories 200 in 52ms
 GET /api/auth/session 200 in 51ms
 GET /api/customers 200 in 41ms
 GET /api/products 200 in 48ms
 GET /api/categories 200 in 63ms
 GET /api/auth/session 200 in 62ms
 GET /api/customers 200 in 81ms
 GET /api/products 200 in 90ms
 GET /api/categories 200 in 102ms
 GET /api/auth/session 200 in 94ms
 GET /api/customers 200 in 87ms
 GET /api/products 200 in 53ms
 GET /api/categories 200 in 58ms
 GET /api/auth/session 200 in 44ms
 GET /api/customers 200 in 194ms
 GET /api/products 200 in 217ms
 GET /api/categories 200 in 230ms
 GET /api/auth/session 200 in 181ms
 GET /api/products 200 in 70ms
 GET /api/customers 200 in 69ms
 GET /api/categories 200 in 74ms
 GET /api/auth/session 200 in 58ms
 GET /api/products 200 in 40ms
 GET /api/customers 200 in 49ms
 GET /api/categories 200 in 51ms
 GET /api/auth/session 200 in 49ms
 GET /api/products 200 in 37ms
 GET /api/customers 200 in 43ms
 GET /api/categories 200 in 46ms
 GET /api/auth/session 200 in 46ms
 GET /api/products 200 in 48ms
 GET /api/customers 200 in 50ms
 GET /api/categories 200 in 46ms
 GET /api/auth/session 200 in 68ms
 GET /api/customers 200 in 37ms
 GET /api/categories 200 in 47ms
 GET /api/auth/session 200 in 35ms
 GET /api/categories 200 in 34ms
 GET /api/auth/session 200 in 34ms
 GET /api/auth/session 200 in 30ms
 GET /api/auth/session 200 in 27ms
 GET /api/auth/session 200 in 60ms
 GET /api/auth/session 200 in 29ms
 GET /api/auth/session 200 in 27ms
 GET /api/auth/session 200 in 28ms
 GET /api/auth/session 200 in 26ms
 GET /api/auth/session 200 in 25ms
 GET /api/auth/session 200 in 41ms
 GET /api/auth/session 200 in 27ms
 GET /api/auth/session 200 in 29ms
 GET /api/auth/session 200 in 46ms
 GET /api/auth/session 200 in 38ms
 GET /api/auth/session 200 in 62ms
 ○ Compiling /returns/new ...
 ✓ Compiled /returns/new in 1488ms (2298 modules)
 GET /returns/new 200 in 1673ms
 GET /products/new 200 in 1695ms
 GET /products/cmk2q542m000nzywfj2iqncqb/edit 200 in 2025ms
 GET /products/cmk2q542v0011zywffyjc2p68/edit 200 in 2024ms
 GET /products/cmk2q542u000zzywf0bab06vq/edit 200 in 2023ms
 GET /products/cmk2q542e000dzywfti80xzi6/edit 200 in 2024ms
 GET /products/cmk2q542l000lzywfv5wjz7ay/edit 200 in 2011ms
 GET /products/cmk2q542t000xzywfnhtmpdjf/edit 200 in 2011ms
 GET /products/cmk2q542g000fzywf2f9exyjq/edit 200 in 2011ms
 GET /products/cmk2q542r000vzywfwfem9ytq/edit 200 in 2011ms
 GET /products/cmk2q542j000jzywfcepcxau3/edit 200 in 1987ms
 GET /products/cmk2q542n000pzywfd02yxubo/edit 200 in 1964ms
 GET /products/cmk2q542x0013zywfj60baoq4/edit 200 in 1986ms
 GET /products/cmk2q542p000rzywfpfa0j2t8/edit 200 in 1964ms
 GET /products/cmk2q542y0015zywfypruhymd/edit 200 in 2014ms
 GET /products/cmk2q542i000hzywfxx45z5d7/edit 200 in 1965ms
 GET /products/cmk2q542q000tzywf71n8fpgb/edit 200 in 2033ms
 GET /api/products 200 in 82ms
 GET /api/auth/session 200 in 92ms
 GET /api/categories 200 in 96ms
 GET /api/customers 200 in 179ms
 GET /api/products 200 in 183ms
 GET /api/categories 200 in 176ms
 GET /api/auth/session 200 in 190ms
 GET / 200 in 244ms
 GET /products 200 in 293ms
 GET /pos 200 in 334ms
 GET /api/customers 200 in 399ms
 GET /api/products 200 in 444ms
 GET /api/categories 200 in 433ms
 GET /offline 404 in 190ms
 GET /api/auth/session 200 in 460ms
 GET /dashboard 200 in 502ms
 GET /api/products 200 in 429ms
 GET /api/customers 200 in 562ms
 GET /api/categories 200 in 571ms
 ○ Compiling /api/products/[id] ...
 ✓ Compiled /api/products/[id] in 1518ms (1703 modules)
 GET /api/auth/session 200 in 2198ms
 GET /api/products 200 in 2090ms
 GET /api/customers 200 in 2034ms
 GET /api/categories 200 in 2002ms
 GET / 200 in 2386ms
 GET /products 200 in 2128ms
 GET /pos 200 in 2128ms
 GET /api/products 200 in 86ms
 GET /api/categories 200 in 153ms
 GET /api/auth/session 200 in 156ms
 GET /offline 404 in 180ms
 GET /api/products 200 in 73ms
 GET /api/customers 200 in 112ms
 GET /api/categories 200 in 118ms
 GET /api/auth/session 200 in 107ms
 GET /dashboard 200 in 128ms
 GET /api/products 200 in 80ms
 GET /api/customers 200 in 99ms
 GET /api/categories 200 in 108ms
 GET /api/auth/session 200 in 99ms
 GET /api/products 200 in 92ms
 GET /api/products/cmk2q542m000nzywfj2iqncqb 200 in 3188ms
 GET /api/products/cmk2q542l000lzywfv5wjz7ay 200 in 2957ms
 GET /api/products/cmk2q542q000tzywf71n8fpgb 200 in 2927ms
 GET /api/products/cmk2q542g000fzywf2f9exyjq 200 in 2804ms
 GET /api/products/cmk2q542i000hzywfxx45z5d7 200 in 2713ms
 GET /api/products/cmk2q542e000dzywfti80xzi6 200 in 2712ms
 GET /api/products/cmk2q542v0011zywffyjc2p68 200 in 2703ms
 GET /api/products/cmk2q542p000rzywfpfa0j2t8 200 in 2687ms
 GET /api/products/cmk2q542j000jzywfcepcxau3 200 in 2677ms
 GET /api/products/cmk2q542y0015zywfypruhymd 200 in 2595ms
 GET /api/products/cmk2q542t000xzywfnhtmpdjf 200 in 2516ms
 GET /api/products/cmk2q542x0013zywfj60baoq4 200 in 2440ms
 GET /api/products/cmk2q542u000zzywf0bab06vq 200 in 2439ms
 GET /api/products/cmk2q542r000vzywfwfem9ytq 200 in 2373ms
 GET /api/products/cmk2q542n000pzywfd02yxubo 200 in 2363ms
 GET /api/categories 200 in 145ms
 GET /api/customers 200 in 150ms
 GET /api/auth/session 200 in 228ms
 GET /api/products 200 in 458ms
 GET /api/products/cmk2q542m000nzywfj2iqncqb 200 in 736ms
 GET /api/products/cmk2q542q000tzywf71n8fpgb 200 in 733ms
 GET /api/products/cmk2q542j000jzywfcepcxau3 200 in 733ms
 GET /api/products/cmk2q542l000lzywfv5wjz7ay 200 in 733ms
 GET /api/products/cmk2q542e000dzywfti80xzi6 200 in 733ms
 GET /api/categories 200 in 722ms
 GET /api/products/cmk2q542i000hzywfxx45z5d7 200 in 799ms
 GET /api/products/cmk2q542n000pzywfd02yxubo 200 in 800ms
 GET /api/products/cmk2q542v0011zywffyjc2p68 200 in 773ms
 GET /api/products/cmk2q542g000fzywf2f9exyjq 200 in 773ms
 GET /api/products/cmk2q542x0013zywfj60baoq4 200 in 772ms
 GET /api/products/cmk2q542r000vzywfwfem9ytq 200 in 730ms
 GET /api/products/cmk2q542p000rzywfpfa0j2t8 200 in 730ms
 GET /api/products/cmk2q542u000zzywf0bab06vq 200 in 730ms
 GET /api/products/cmk2q542t000xzywfnhtmpdjf 200 in 729ms
 GET /api/products/cmk2q542y0015zywfypruhymd 200 in 729ms
 GET /api/customers 200 in 736ms
 GET /api/categories 200 in 254ms
 GET /api/categories 200 in 237ms
 GET /api/categories 200 in 230ms
 GET /api/auth/session 200 in 374ms
 GET /api/auth/session 200 in 235ms
 GET /api/auth/session 200 in 236ms
 GET /api/auth/session 200 in 237ms
 GET /api/categories 200 in 283ms
 GET /api/categories 200 in 267ms
 GET /api/customers 200 in 299ms
 GET /api/products 200 in 407ms
 GET /api/products 200 in 390ms
 GET /api/products 200 in 390ms
 GET /api/products 200 in 384ms
 GET /api/products 200 in 385ms
 GET /api/products 200 in 380ms
 GET /api/products 200 in 381ms
 GET /api/products 200 in 382ms
 GET /api/products 200 in 366ms
 GET /api/products 200 in 363ms
 GET /api/products 500 in 370ms
 GET /api/categories 200 in 407ms
 GET /api/auth/session 200 in 386ms
 GET /api/products 200 in 295ms
 GET /api/products 200 in 312ms
 GET /api/auth/session 200 in 261ms
 GET /api/auth/session 200 in 292ms
 GET /api/auth/session 200 in 261ms
 GET /api/products 200 in 292ms
 GET /api/products 200 in 299ms
 GET /api/products 200 in 259ms
 GET /api/auth/session 200 in 387ms
 GET /api/auth/session 200 in 319ms
 GET /api/products 200 in 314ms
 GET /api/auth/session 200 in 289ms
 GET /api/categories 200 in 409ms
 GET /api/categories 200 in 408ms
 GET /api/categories 200 in 376ms
 GET /api/auth/session 200 in 313ms
 GET /api/auth/session 200 in 383ms
 GET /api/auth/session 200 in 303ms
 GET /api/auth/session 200 in 390ms
 GET /api/categories 200 in 409ms
 GET /api/auth/session 200 in 383ms
 GET /api/auth/session 200 in 388ms
[?25h
