  ▲ Next.js 14.2.28
  - Local:        http://localhost:3000
  - Environments: .env
  - Experiments (use with caution):
    · outputFileTracingRoot

 ✓ Starting...
Attention: Next.js now collects completely anonymous telemetry regarding usage.
This information is used to shape Next.js' roadmap and prioritize features.
You can learn more, including how to opt-out if you'd not like to participate in this anonymous program, by visiting the following URL:
https://nextjs.org/telemetry

 ✓ Ready in 1355ms
 ○ Compiling / ...
 ✓ Compiled / in 2.9s (572 modules)
 GET / 200 in 3238ms
 ✓ Compiled in 376ms (290 modules)
 ✓ Compiled in 263ms (553 modules)
 ○ Compiling /api/auth/[...nextauth] ...
 ✓ Compiled /api/auth/[...nextauth] in 628ms (516 modules)
 GET /api/auth/providers 200 in 1102ms
 GET / 200 in 76ms
 GET /api/auth/session 200 in 41ms
 GET /api/auth/session 200 in 27ms
 GET /api/auth/csrf 200 in 31ms
 ✓ Compiled /api/signup in 181ms (542 modules)
 POST /api/signup 201 in 428ms
 GET / 200 in 54ms
 GET /api/auth/signin 302 in 42ms
 GET /?callbackUrl=https://6dd0e2b0b.preview.abacusai.app 200 in 31ms
 GET /api/auth/csrf 200 in 23ms
 POST /api/auth/callback/credentials 302 in 99ms
 ✓ Compiled /middleware in 300ms (174 modules)
 ○ Compiling /dashboard ...
 ✓ Compiled /dashboard in 1902ms (2050 modules)
 GET /dashboard 200 in 2122ms
 GET / 200 in 60ms
 GET /dashboard 200 in 63ms
 GET /api/auth/session 200 in 91ms
 ✓ Compiled /api/sales/stats in 305ms (1160 modules)
 GET /api/auth/session 200 in 575ms
 GET /api/sales/stats?period=today 200 in 624ms
 GET /api/auth/session 200 in 52ms
 GET /api/sales/stats?period=today 200 in 57ms
 GET /api/auth/session 200 in 30ms
 GET /api/auth/session 200 in 40ms
 GET /api/sales/stats?period=today 200 in 52ms
 GET /api/sales/stats?period=today 200 in 65ms
 ○ Compiling /pos ...
 ✓ Compiled /pos in 1525ms (2185 modules)
 GET /reports 200 in 1784ms
 GET /customers 200 in 1785ms
 GET /returns 200 in 1785ms
 GET /pos 200 in 1786ms
 GET /sales 200 in 1786ms
 GET /products 200 in 1787ms
 ✓ Compiled /api/categories in 340ms (1235 modules)
 ✓ Compiled (1243 modules)
 GET /api/auth/session 200 in 707ms
 GET /api/products? 200 in 642ms
 GET /api/sales?limit=50 200 in 687ms
 GET /api/products 200 in 721ms
 GET /api/customers 200 in 797ms
 GET /api/returns 200 in 711ms
 GET /api/sales/stats?period=month 200 in 726ms
 GET /api/categories 200 in 674ms
 GET /api/products? 200 in 55ms
 GET /api/products 200 in 52ms
 GET /api/auth/session 200 in 62ms
 GET /api/sales?limit=50 200 in 72ms
 GET /api/customers 200 in 71ms
 GET /api/categories 200 in 74ms
 GET /api/returns 200 in 79ms
 GET /api/sales/stats?period=month 200 in 83ms
 GET /api/products 200 in 56ms
 GET /api/products? 200 in 57ms
 GET /api/auth/session 200 in 49ms
 GET /api/customers 200 in 48ms
 GET /api/products? 200 in 48ms
 GET /api/products 200 in 49ms
 GET /api/auth/session 200 in 70ms
 GET /api/customers 200 in 67ms
 GET /api/auth/session 200 in 25ms
 GET /api/auth/session 200 in 25ms
 GET /api/auth/session 200 in 27ms
 GET /api/auth/session 200 in 24ms
 GET /api/auth/session 200 in 23ms
 GET /api/auth/session 200 in 38ms
 GET /api/auth/session 200 in 22ms
 GET /api/auth/session 200 in 22ms
 GET /api/auth/session 200 in 23ms
 GET /api/auth/session 200 in 24ms
 GET /api/auth/session 200 in 34ms
 GET /api/auth/session 200 in 114ms
 GET /api/auth/session 200 in 30ms
 GET /api/auth/session 200 in 23ms
 GET /api/auth/session 200 in 26ms
 GET /api/auth/session 200 in 24ms
 GET /api/auth/session 200 in 22ms
 GET /api/auth/session 200 in 85ms
 ○ Compiling /returns/new ...
 ✓ Compiled /returns/new in 1271ms (2221 modules)
 GET /returns/new 200 in 1333ms
 GET /products/new 200 in 1487ms
 GET /products/cmk2q542q000tzywf71n8fpgb/edit 200 in 1809ms
 GET /products/cmk2q542x0013zywfj60baoq4/edit 200 in 1807ms
 GET /products/cmk2q542e000dzywfti80xzi6/edit 200 in 1789ms
 GET /products/cmk2q542j000jzywfcepcxau3/edit 200 in 1795ms
 GET /products/cmk2q542n000pzywfd02yxubo/edit 200 in 1796ms
 GET /products/cmk2q542t000xzywfnhtmpdjf/edit 200 in 1796ms
 GET /products/cmk2q542r000vzywfwfem9ytq/edit 200 in 1780ms
 GET /products/cmk2q542m000nzywfj2iqncqb/edit 200 in 1780ms
 GET /products/cmk2q542g000fzywf2f9exyjq/edit 200 in 1780ms
 GET /products/cmk2q542i000hzywfxx45z5d7/edit 200 in 1781ms
 GET /products/cmk2q542v0011zywffyjc2p68/edit 200 in 1819ms
 GET /products/cmk2q542u000zzywf0bab06vq/edit 200 in 1819ms
 GET /products/cmk2q542l000lzywfv5wjz7ay/edit 200 in 1650ms
 GET /products/cmk2q542p000rzywfpfa0j2t8/edit 200 in 1651ms
 GET /products/cmk2q542y0015zywfypruhymd/edit 200 in 1653ms
 GET /api/categories 200 in 137ms
 GET /api/auth/session 200 in 184ms
 GET /api/categories 200 in 271ms
 GET /api/auth/session 200 in 272ms
 GET /api/auth/session 200 in 142ms
 GET /api/auth/session 200 in 127ms
 ○ Compiling /api/products/[id] ...
 ✓ Compiled /api/products/[id] in 1558ms (1665 modules)
 GET /api/categories 200 in 1968ms
 GET /api/auth/session 200 in 2062ms
 GET /api/categories 200 in 42ms
 GET /api/auth/session 200 in 35ms
 GET /api/categories 200 in 36ms
 GET /api/auth/session 200 in 33ms
 GET /api/categories 200 in 31ms
 GET /api/auth/session 200 in 27ms
 GET /api/categories 200 in 35ms
 GET /api/auth/session 200 in 52ms
 GET /api/categories 200 in 29ms
 GET /api/auth/session 200 in 46ms
 GET /api/categories 200 in 26ms
 GET /api/products/cmk2q542t000xzywfnhtmpdjf 200 in 2548ms
 GET /api/products/cmk2q542r000vzywfwfem9ytq 200 in 2546ms
 GET /api/products/cmk2q542v0011zywffyjc2p68 200 in 2314ms
 GET /api/products/cmk2q542u000zzywf0bab06vq 200 in 2289ms
 GET /api/products/cmk2q542l000lzywfv5wjz7ay 200 in 2266ms
 GET /api/products/cmk2q542q000tzywf71n8fpgb 200 in 2250ms
 GET /api/products/cmk2q542y0015zywfypruhymd 200 in 2245ms
 GET /api/products/cmk2q542m000nzywfj2iqncqb 200 in 2245ms
 GET /api/products/cmk2q542e000dzywfti80xzi6 200 in 2225ms
 GET /api/products/cmk2q542n000pzywfd02yxubo 200 in 2173ms
 GET /api/products/cmk2q542g000fzywf2f9exyjq 200 in 2129ms
 GET /api/products/cmk2q542j000jzywfcepcxau3 200 in 2111ms
 GET /api/products/cmk2q542i000hzywfxx45z5d7 200 in 2072ms
 GET /api/products/cmk2q542x0013zywfj60baoq4 200 in 2008ms
 GET /api/products/cmk2q542p000rzywfpfa0j2t8 200 in 2002ms
 GET /api/auth/session 200 in 108ms
 GET /api/categories 200 in 105ms
 GET /api/products/cmk2q542l000lzywfv5wjz7ay 200 in 182ms
 GET /api/products/cmk2q542t000xzywfnhtmpdjf 200 in 182ms
 GET /api/products/cmk2q542y0015zywfypruhymd 200 in 181ms
 GET /api/products/cmk2q542v0011zywffyjc2p68 200 in 180ms
 GET /api/products/cmk2q542e000dzywfti80xzi6 200 in 180ms
 GET /api/products/cmk2q542q000tzywf71n8fpgb 200 in 170ms
 GET /api/products/cmk2q542r000vzywfwfem9ytq 200 in 153ms
 GET /api/products/cmk2q542x0013zywfj60baoq4 200 in 131ms
 GET /api/products/cmk2q542m000nzywfj2iqncqb 200 in 127ms
 GET /api/products/cmk2q542n000pzywfd02yxubo 200 in 126ms
 GET /api/products/cmk2q542i000hzywfxx45z5d7 200 in 126ms
 GET /api/products/cmk2q542u000zzywf0bab06vq 200 in 126ms
 GET /api/products/cmk2q542p000rzywfpfa0j2t8 200 in 125ms
 GET /api/products/cmk2q542j000jzywfcepcxau3 200 in 125ms
 GET /api/products/cmk2q542g000fzywf2f9exyjq 200 in 125ms
 GET /api/auth/session 200 in 138ms
 GET /api/categories 200 in 70ms
 GET /api/auth/session 200 in 62ms
 GET /api/categories 200 in 45ms
 GET /api/auth/session 200 in 37ms
 GET /api/categories 200 in 37ms
 GET /api/auth/session 200 in 36ms
 GET /api/categories 200 in 35ms
 GET /api/auth/session 200 in 38ms
 GET /api/categories 200 in 37ms
 GET /api/auth/session 200 in 38ms
 GET /api/categories 200 in 36ms
 GET /api/auth/session 200 in 65ms
 GET /api/categories 200 in 84ms
 GET /api/auth/session 200 in 116ms
 GET /api/categories 200 in 120ms
 GET /api/auth/session 200 in 72ms
 GET /api/categories 200 in 77ms
 GET /api/auth/session 200 in 88ms
 GET /api/categories 200 in 89ms
 GET /api/auth/session 200 in 54ms
 GET /api/categories 200 in 55ms
 GET /api/categories 200 in 56ms
 GET /api/auth/session 200 in 54ms
 GET /api/categories 200 in 36ms
 GET /api/auth/session 200 in 39ms
 GET /api/categories 200 in 34ms
 GET /api/auth/session 200 in 37ms
 GET /api/categories 200 in 50ms
 GET /api/auth/session 200 in 65ms
 GET /api/categories 200 in 29ms
 GET /api/auth/session 200 in 36ms
 GET /api/categories 200 in 28ms
 GET /api/auth/session 200 in 28ms
 GET /api/categories 200 in 29ms
 GET /api/auth/session 200 in 29ms
 GET /api/categories 200 in 35ms
 GET /api/auth/session 200 in 42ms
 GET /api/categories 200 in 33ms
 GET /api/auth/session 200 in 27ms
 GET /api/categories 200 in 53ms
 GET /api/auth/session 200 in 81ms
 GET /api/auth/session 200 in 65ms
 GET /api/auth/session 200 in 98ms
 GET /api/auth/session 200 in 97ms
 GET /api/auth/session 200 in 99ms
 GET /api/auth/session 200 in 102ms
 GET /api/auth/session 200 in 97ms
 GET /api/auth/session 200 in 101ms
 GET /api/auth/session 200 in 101ms
 GET /api/auth/session 200 in 98ms
 GET /api/auth/session 200 in 101ms
 GET /api/auth/session 200 in 100ms
[?25h
